<?xml version="1.0" encoding="UTF-8"?>
<robot generator="Robot 6.0.2 (Python 3.11.2 on linux)" generated="20230409 07:48:44.788" rpa="false" schemaversion="3">
<suite id="s1" name="Test Cases" source="/home/koinworks/Personal/project/automation-robot-framework/src/test_cases">
<suite id="s1-s1" name="Login Correct Creds" source="/home/koinworks/Personal/project/automation-robot-framework/src/test_cases/login_correct_creds.robot">
<test id="s1-s1-t1" name="Verify Successful Login to Facebook Lite" line="7">
<kw name="Open Test Application" library="login_page">
<kw name="Open Application" library="AppiumLibrary">
<arg>${REMOTE_URL}</arg>
<arg>deviceName=${DEVICE_NAME}</arg>
<arg>platformName=${PLATFORM_NAME}</arg>
<arg>appPackage=${PACKAGE_NAME}</arg>
<arg>appActivity=${APP_ACTIVITY}</arg>
<arg>automationName=${ANDROID_AUTOMATION_NAME}</arg>
<arg>app=${APP_LOCATION}</arg>
<doc>Opens a new application to given Appium server.
Capabilities of appium server, Android and iOS,
Please check https://github.com/appium/appium/blob/master/docs/en/writing-running-appium/server-args.md
| *Option*            | *Man.* | *Description*     |
| remote_url          | Yes    | Appium server url |
| alias               | no     | alias             |
| strict_ssl          | No     | allows you to send commands to an invalid certificate host like a self-signed one. |</doc>
<status status="PASS" starttime="20230409 07:48:44.866" endtime="20230409 07:48:49.679"/>
</kw>
<status status="PASS" starttime="20230409 07:48:44.866" endtime="20230409 07:48:49.679"/>
</kw>
<kw name="Wait Until Element Is Visible" library="AppiumLibrary">
<arg>com.android.permissioncontroller:id/content_container</arg>
<doc>Waits until element specified with `locator` is visible.</doc>
<msg timestamp="20230409 07:48:50.727" level="INFO">criteria is com.android.permissioncontroller:id/content_container</msg>
<status status="PASS" starttime="20230409 07:48:49.679" endtime="20230409 07:48:50.727"/>
</kw>
<kw name="Auto Grant" library="login_page">
<kw name="Click Element" library="AppiumLibrary">
<arg>com.android.permissioncontroller:id/permission_deny_button</arg>
<doc>Click element identified by `locator`.</doc>
<msg timestamp="20230409 07:48:50.728" level="INFO">Clicking element 'com.android.permissioncontroller:id/permission_deny_button'.</msg>
<msg timestamp="20230409 07:48:50.796" level="INFO">criteria is com.android.permissioncontroller:id/permission_deny_button</msg>
<status status="PASS" starttime="20230409 07:48:50.727" endtime="20230409 07:48:50.796"/>
</kw>
<status status="PASS" starttime="20230409 07:48:50.727" endtime="20230409 07:48:50.796"/>
</kw>
<kw name="Insert Username" library="login_page">
<kw name="Input Text" library="AppiumLibrary">
<arg>${USERNAME_FIELD}</arg>
<arg>username</arg>
<doc>Types the given `text` into text field identified by `locator`.</doc>
<msg timestamp="20230409 07:48:50.798" level="INFO">Typing text 'username' into text field 'xpath=/hierarchy/android.widget.FrameLayout/android.widget.LinearLayout/android.widget.FrameLayout/android.widget.FrameLayout/android.widget.FrameLayout/android.view.ViewGroup[2]/android.widget.MultiAutoCompleteTextView[1]'</msg>
<msg timestamp="20230409 07:48:52.149" level="INFO">xpath criteria: /hierarchy/android.widget.FrameLayout/android.widget.LinearLayout/android.widget.FrameLayout/android.widget.FrameLayout/android.widget.FrameLayout/android.view.ViewGroup[2]/android.widget.MultiAutoCompleteTextView[1]</msg>
<status status="PASS" starttime="20230409 07:48:50.796" endtime="20230409 07:48:52.149"/>
</kw>
<status status="PASS" starttime="20230409 07:48:50.796" endtime="20230409 07:48:52.149"/>
</kw>
<kw name="Insert Password" library="login_page">
<kw name="Input Text" library="AppiumLibrary">
<arg>${PASSWORD_FIELD}</arg>
<arg>password</arg>
<doc>Types the given `text` into text field identified by `locator`.</doc>
<msg timestamp="20230409 07:48:52.151" level="INFO">Typing text 'password' into text field 'xpath=/hierarchy/android.widget.FrameLayout/android.widget.LinearLayout/android.widget.FrameLayout/android.widget.FrameLayout/android.widget.FrameLayout/android.view.ViewGroup[2]/android.widget.MultiAutoCompleteTextView[2]'</msg>
<msg timestamp="20230409 07:48:52.683" level="INFO">xpath criteria: /hierarchy/android.widget.FrameLayout/android.widget.LinearLayout/android.widget.FrameLayout/android.widget.FrameLayout/android.widget.FrameLayout/android.view.ViewGroup[2]/android.widget.MultiAutoCompleteTextView[2]</msg>
<status status="PASS" starttime="20230409 07:48:52.149" endtime="20230409 07:48:52.683"/>
</kw>
<status status="PASS" starttime="20230409 07:48:52.149" endtime="20230409 07:48:52.683"/>
</kw>
<kw name="Click Login Button" library="login_page">
<kw name="Click Element" library="AppiumLibrary">
<arg>${LOGIN_BUTTON}</arg>
<doc>Click element identified by `locator`.</doc>
<msg timestamp="20230409 07:48:52.684" level="INFO">Clicking element 'xpath=/hierarchy/android.widget.FrameLayout/android.widget.LinearLayout/android.widget.FrameLayout/android.widget.FrameLayout/android.widget.FrameLayout/android.view.ViewGroup[2]/android.view.ViewGroup[1]'.</msg>
<msg timestamp="20230409 07:48:53.230" level="INFO">xpath criteria: /hierarchy/android.widget.FrameLayout/android.widget.LinearLayout/android.widget.FrameLayout/android.widget.FrameLayout/android.widget.FrameLayout/android.view.ViewGroup[2]/android.view.ViewGroup[1]</msg>
<status status="PASS" starttime="20230409 07:48:52.683" endtime="20230409 07:48:53.230"/>
</kw>
<status status="PASS" starttime="20230409 07:48:52.683" endtime="20230409 07:48:53.230"/>
</kw>
<kw name="Wait Until Element Is Visible" library="AppiumLibrary">
<arg>com.android.permissioncontroller:id/content_container</arg>
<doc>Waits until element specified with `locator` is visible.</doc>
<msg timestamp="20230409 07:48:58.443" level="INFO">&lt;?xml version='1.0' encoding='UTF-8' standalone='yes' ?&gt;
&lt;hierarchy index="0" class="hierarchy" rotation="0" width="1080" height="1977"&gt;
  &lt;android.widget.FrameLayout index="0" package="com.google.android.apps.nexuslauncher" class="android.widget.FrameLayout" text="" checkable="false" checked="false" clickable="false" enabled="true" focusable="false" focused="false" long-clickable="false" password="false" scrollable="false" selected="false" bounds="[0,0][1080,1977]" displayed="true"&gt;
    &lt;android.widget.LinearLayout index="0" package="com.google.android.apps.nexuslauncher" class="android.widget.LinearLayout" text="" checkable="false" checked="false" clickable="false" enabled="true" focusable="false" focused="false" long-clickable="false" password="false" scrollable="false" selected="false" bounds="[0,0][1080,1977]" displayed="true"&gt;
      &lt;android.widget.FrameLayout index="0" package="com.google.android.apps.nexuslauncher" class="android.widget.FrameLayout" text="" resource-id="android:id/content" checkable="false" checked="false" clickable="false" enabled="true" focusable="false" focused="false" long-clickable="false" password="false" scrollable="false" selected="false" bounds="[0,0][1080,1977]" displayed="true"&gt;
        &lt;android.widget.FrameLayout index="0" package="com.google.android.apps.nexuslauncher" class="android.widget.FrameLayout" text="" resource-id="com.google.android.apps.nexuslauncher:id/launcher" checkable="false" checked="false" clickable="false" enabled="true" focusable="false" focused="false" long-clickable="false" password="false" scrollable="false" selected="false" bounds="[0,0][1080,1977]" displayed="true"&gt;
          &lt;android.widget.FrameLayout index="0" package="com.google.android.apps.nexuslauncher" class="android.widget.FrameLayout" text="" resource-id="com.google.android.apps.nexuslauncher:id/drag_layer" checkable="false" checked="false" clickable="false" enabled="true" focusable="false" focused="false" long-clickable="false" password="false" scrollable="false" selected="false" bounds="[0,0][1080,1977]" displayed="true"&gt;
            &lt;android.view.View index="0" package="com.google.android.apps.nexuslauncher" class="android.view.View" text="" resource-id="com.google.android.apps.nexuslauncher:id/scrim_view" checkable="false" checked="false" clickable="false" enabled="true" focusable="false" focused="false" long-clickable="false" password="false" scrollable="false" selected="false" bounds="[0,0][1080,1977]" displayed="true"&gt;
              &lt;android.view.View index="0" package="com.google.android.apps.nexuslauncher" class="android.view.View" text="" content-desc="Apps list" checkable="false" checked="false" clickable="true" enabled="true" focusable="true" focused="false" long-clickable="false" password="false" scrollable="false" selected="false" bounds="[515,1697][565,1714]" displayed="true" /&gt;
            &lt;/android.view.View&gt;
            &lt;android.widget.ScrollView index="1" package="com.google.android.apps.nexuslauncher" class="android.widget.ScrollView" text="" resource-id="com.google.android.apps.nexuslauncher:id/workspace" checkable="false" checked="false" clickable="false" enabled="true" focusable="false" focused="false" long-clickable="false" password="false" scrollable="true" selected="false" bounds="[0,0][1080,1977]" displayed="true"&gt;
              &lt;android.view.ViewGroup index="1" package="com.google.android.apps.nexuslauncher" class="android.view.ViewGroup" text="" checkable="false" checked="false" clickable="false" enabled="true" focusable="false" focused="false" long-clickable="false" password="false" scrollable="false" selected="false" bounds="[22,193][1058,1681]" displayed="true"&gt;
                &lt;android.view.ViewGroup index="0" package="com.google.android.apps.nexuslauncher" class="android.view.ViewGroup" text="" checkable="false" checked="false" clickable="false" enabled="true" focusable="false" focused="false" long-clickable="false" password="false" scrollable="false" selected="false" bounds="[38,193][1042,1681]" displayed="true"&gt;
                  &lt;android.widget.TextView index="0" package="com.google.android.apps.nexuslauncher" class="android.widget.TextView" text="Lite" content-desc="Lite" checkable="false" checked="false" clickable="true" enabled="true" focusable="true" focused="false" long-clickable="true" password="false" scrollable="false" selected="false" bounds="[38,193][239,490]" displayed="true" /&gt;
                  &lt;android.widget.TextView index="1" package="com.google.android.apps.nexuslauncher" class="android.widget.TextView" text="Apk Info" content-desc="Apk Info" checkable="false" checked="false" clickable="true" enabled="true" focusable="true" focused="false" long-clickable="true" password="false" scrollable="false" selected="false" bounds="[239,193][440,490]" displayed="true" /&gt;
                &lt;/android.view.ViewGroup&gt;
              &lt;/android.view.ViewGroup&gt;
            &lt;/android.widget.ScrollView&gt;
            &lt;android.view.View index="2" package="com.google.android.apps.nexuslauncher" class="android.view.View" text="" resource-id="com.google.android.apps.nexuslauncher:id/page_indicator" checkable="false" checked="false" clickable="false" enabled="true" focusable="false" focused="false" long-clickable="false" password="false" scrollable="false" selected="false" bounds="[0,1648][1080,1714]" displayed="true" /&gt;
            &lt;android.view.ViewGroup index="3" package="com.google.android.apps.nexuslauncher" class="android.view.ViewGroup" text="" resource-id="com.google.android.apps.nexuslauncher:id/hotseat" checkable="false" checked="false" clickable="false" enabled="true" focusable="false" focused="false" long-clickable="false" password="false" scrollable="false" selected="false" bounds="[0,1714][1080,1977]" displayed="true"&gt;
              &lt;android.view.ViewGroup index="0" package="com.google.android.apps.nexuslauncher" class="android.view.ViewGroup" text="" checkable="false" checked="false" clickable="false" enabled="true" focusable="false" focused="false" long-clickable="false" password="false" scrollable="false" selected="false" bounds="[38,1714][1042,1929]" displayed="true"&gt;
                &lt;android.widget.TextView index="0" package="com.google.android.apps.nexuslauncher" class="android.widget.TextView" text="Messages" content-desc="Messages" checkable="false" checked="false" clickable="true" enabled="true" focusable="true" focused="false" long-clickable="true" password="false" scrollable="false" selected="false" bounds="[239,1714][440,1929]" displayed="true" /&gt;
                &lt;android.widget.TextView index="1" package="com.google.android.apps.nexuslauncher" class="android.widget.TextView" text="Play Store" content-desc="Play Store" checkable="false" checked="false" clickable="true" enabled="true" focusable="true" focused="false" long-clickable="true" password="false" scrollable="false" selected="false" bounds="[440,1714][641,1929]" displayed="true" /&gt;
                &lt;android.widget.TextView index="2" package="com.google.android.apps.nexuslauncher" class="android.widget.TextView" text="Chrome" content-desc="Chrome" checkable="false" checked="false" clickable="true" enabled="true" focusable="true" focused="false" long-clickable="true" password="false" scrollable="false" selected="false" bounds="[641,1714][842,1929]" displayed="true" /&gt;
              &lt;/android.view.ViewGroup&gt;
            &lt;/android.view.ViewGroup&gt;
            &lt;android.widget.RelativeLayout index="4" package="com.google.android.apps.nexuslauncher" class="android.widget.RelativeLayout" text="" resource-id="com.google.android.apps.nexuslauncher:id/apps_view" checkable="false" checked="false" clickable="false" enabled="true" focusable="false" focused="false" long-clickable="false" password="false" scrollable="false" selected="false" bounds="[0,1753][1080,1977]" displayed="true"&gt;
              &lt;android.widget.LinearLayout index="0" package="com.google.android.apps.nexuslauncher" class="android.widget.LinearLayout" text="" resource-id="com.google.android.apps.nexuslauncher:id/all_apps_header" checkable="false" checked="false" clickable="false" enabled="true" focusable="false" focused="false" long-clickable="false" password="false" scrollable="false" selected="false" bounds="[0,2023][1080,2122]" displayed="true" /&gt;
              &lt;android.widget.FrameLayout index="1" package="com.google.android.apps.nexuslauncher" class="android.widget.FrameLayout" text="" content-desc="Search" resource-id="com.google.android.apps.nexuslauncher:id/search_container_all_apps" checkable="false" checked="false" clickable="true" enabled="true" focusable="true" focused="false" long-clickable="true" password="false" scrollable="false" selected="false" bounds="[52,1952][1028,1977]" displayed="true"&gt;
                &lt;android.widget.ImageView index="0" package="com.google.android.apps.nexuslauncher" class="android.widget.ImageView" text="" resource-id="com.google.android.apps.nexuslauncher:id/g_icon" checkable="false" checked="false" clickable="false" enabled="true" focusable="false" focused="false" long-clickable="false" password="false" scrollable="false" selected="false" bounds="[104,1996][170,2062]" displayed="true" /&gt;
                &lt;android.view.View index="2" package="com.google.android.apps.nexuslauncher" class="android.view.View" text="" content-desc="Voice search" resource-id="com.google.android.apps.nexuslauncher:id/mic_icon" checkable="false" checked="false" clickable="true" enabled="true" focusable="false" focused="false" long-clickable="false" password="false" scrollable="false" selected="false" bounds="[865,1952][1019,1977]" displayed="true" /&gt;
              &lt;/android.widget.FrameLayout&gt;
            &lt;/android.widget.RelativeLayout&gt;
          &lt;/android.widget.FrameLayout&gt;
        &lt;/android.widget.FrameLayout&gt;
      &lt;/android.widget.FrameLayout&gt;
    &lt;/android.widget.LinearLayout&gt;
  &lt;/android.widget.FrameLayout&gt;
&lt;/hierarchy&gt;</msg>
<kw name="Capture Page Screenshot" library="AppiumLibrary">
<doc>Takes a screenshot of the current page and embeds it into the log.</doc>
<msg timestamp="20230409 07:48:58.807" level="INFO" html="true">&lt;/td&gt;&lt;/tr&gt;&lt;tr&gt;&lt;td colspan="3"&gt;&lt;img src="data:image/png;base64, iVBORw0KGgoAAAANSUhEUgAABDgAAAjoCAYAAAA5jhrUAAAAAXNSR0IArs4c6QAAAARzQklUCAgI
CHwIZIgAACAASURBVHic7N15mCRHet/3X1Zl9X1N99z3ABgMZjC4ryWwF7kHuRcprSlK5FIkJdF6
RNF+qEe2RMuSbOt4/JiUKPqxTFqmHlMPRdErmpTIPYTlHlzuAhgsQNwLYE7MDOa+p++7KtN/dHdN
dXcdWVV5RGR+P88DTPdMd1VkxPtGRkRlRjq/8/f/pS8gbE7SBYB97OuK7CtxizJzoAAAALBZLukC
IIVY3EBLCBwAAAAArXPl8NEcgmDyiTjYFWd2lbYNzRwopxQA9WSm4wTEORFIgOs4nGnQDOIFQB2O
GNABqI4hBLKGmAdi55J3GdZS4weYuTC5AbKNEwsAAAAS4IorOBA2PsFFWoTdPdqaF5wmAKSVrf0y
AKAql44946KYuBBTQLr4YpEDQPowXgGA1LF8Dw7OTEayOaSANULtZcgNADAHV5wCQOpYvsABANHh
wgUACJGJiwl08gCQKm7SBWidiWdJAGnCh3sAECIWEwDAHpYOgl0nl3QRWuUodWdKS4MoiBQfGtLM
T10vAwDJolMFALOtTNws7a9dx7e05LbWeEbxSTgAABnH0A0AzGf5xM3lbIMoVNu7gEjLsLg6yWaC
zLe67wYA+9DpAnZiEA+LuJmKVxsONgUn/8rFDRuqHDEwMRAc6xeoAQAAgPCZOHYPyOJNRlvATCZ2
PIUCJqNLAAAAANKj+mNiTZ6RMiMBEBKTuzoAAABjMAfLFosHyW7yhW8yW1otr01JmXibIDLNxKEN
cWBTXgFoLIl+h34EAMxnw7gUUOUeHE0HbVhR3sbrpG2ymAK+JGufPByHtMWhRY3NHAqooTI50tZH
AQDCwUAKlmhjekKUYzUiAiZj3gYAAACkW/U9OAIxYLpgQBGwZO1mojQNklRrsY24BKpIOjGSfn8A
QGM8eg6WcH1GFogA/R8AWCiJzpthCADYgf4aFlh9BYcNs1ISC6ayIX8yhOYAWsA5FgAAWMx1uK8A
CEeQ/GHWHbmVKyi5khIAAADIFouegQAAAAAAAFAdCxxAXLicIBZUMwAAAJBNbp77UpA2zHAzLfXN
n+UuO/WNCwAAgHa4SRcAANqVqXlvpg4WAAAACM7lLhWkTpY/4bZOOLP1lSZn7p9yNDAAAADqcJkM
AkhOOM86ydS8N1MHuwbnKwAAANTBLSoArJa5+T6TfAC2yVxHDQBIistYOcNofBih9UD02/ptSzFR
AGCbzHXUAICksAEHANiEiQIAAABQlevkGC2nWr1Pe2l6wE7kLoAajO0euPoMANCsFs4dXMEBAAAA
AACsxx4caUcDAwCApIXz0CwASB7zq9a0cg5ooa5dhxZqzPQqanXAYPpxAY0wWAYAezDuAIDsiukc
wC0qQZg8iWqnbCYfF9AI8QsAAACggstqegC+0juZSutxIXWqhSrdF9Kt1QinY8+CdLey7b17mlvH
prZJczsAkKpnuZtzuIgDgPnWdmAO4xakHgscmRWg6dPbyjZNoGtJb+vY1T5pboeMoAnRQNUFjthL
AVgp7BO6qT22X/VLE9g0pALasxLtYW2wZFgyo7EGTWZviwbpye09utXSchwr2u2XklAv3gw5DgY3
9ZlaP4aET7hqVXYzBxt/xVQrtWtu5BiEKkLoDA8qX8YXEUi3MBOQZE6TVI6rV0lDvKb1JJqmYzLo
WAwqCgLK1FOh7AtQ17GvzMnITBADsrEvAwAAAOLBWNlY3KISFEGM0Jm4arYc6CYWDciUdpKQExZs
Z/tJKK05aFu7pLUdgLgFzX0zco4dRgEsM6NTAiCRjwDMQ78EoBZz+gfX4R6VDGlu5d22dXr7GJx7
BhcNyA5TE7FOuThxRC54VNjcGKbGPmibsFCPCENc/bxd8eo6lhUYrUrrhlcAgPjVOJ9wmgGAgOgw
0Q7mdrVwiwoAAGiSzVcHZAHtA5iPPEWriJ16eIpKXVSO9Vbyn6YE0o1zvYGCdrxZb7x69dRq3XDS
A9Inir4CyarWpkHakj6+Hp6igmyg3weAmHH5bHs4cQFAuq09T9Lvh8F1uEuljjQFWbiDzHynq1wu
X2Ph0VdpsSSvVAr1PQGgpjR111YI8xOmLI5Dmqm/VoKbhaW6TKke+q2MayYAGgVtFvtRW9Vr96D9
vimdmLT9gXvUPdhb92dOv/BWTKVZwi0qdVE51Tg5R3ufOKwNOzcr5+bX/fvi7IIuvnVSt85cku8n
fPZuZ3wIwB501zEKemUGjVJbM7fvtFqP1H9NVA0S10puE7jNKnR1qG/jkDr6etTR06lCV6cW5+a1
MDOvhakZTd0c0+LcQsylatSO7Z9j+zcPa/L67WYK1bIdD96jDbu21P2ZM0e+H0tZVrjM+xqhhtbq
3zysLffuVt+mDTV/Zm5iSlM3bmtuYjrGkgEAzMF9xI1FOcawaPzSahhUO8Q4Q8qiKkYa1Aq4rPej
dwxsHdHw3m0a3r1V/Zs3qKO3u+HvLEzPavL6qG6fu6Lb71/RxLV4Fgba70Cq//79n35GcxPTmrx+
q83XD/JuQX833s7SlZ/FpAjzkrDs6ezpUS6//sqNSoWuTrkdnZI/E1OpAACwDWMMSeEuFLDoAITI
/D6qe7BP2x+8W9sP362ugfq3SlTT0dutkX3dGtm3XZI0NzGty++c1uXvn9bs+FSV3wirkwm/bu//
9DPa/sDdOnPkrVBfv/0jjjeOMrjJKGe+dnX0dVe9NaVSobtTbmchphIBAAAACJe5m0UPbB3RXc88
qE337Az1dbsGenXX0w/qrqcf1I1TF3Tmxbc1cXXlaghz55ErixthWzni/s3DOvCxxzW8e2vTr/HJ
X/6ZVd/fPn9VJ/701chuo3GTbKh8wVXXQK+8YklzkzPyPS+xsoQl5+bVPdAr3/c1Oz6dimNaq2fD
gPKF+mtjnX3d6ujpiqlEAAAAAMJn1qR+YOuI7vnwI+UrLqK0af8ubdq/S7fOXtZ7z71RsdBhlqgX
NyTpvo8/0XCvjaCGd2/VgY89rle/+I1QXm8tN5eLd1Vu2+G7teW+PerfPKKO3jsTYN/zNTs2qbFL
13Xx9RMRb4yyPlEf/Is/qK7+O5c1nfjWyxq/fDPQq/Vt3qBdj96noZ2b1T3UL2d551bf8zUzOqHR
81d14bVjmhmdCKf4ERu5a4e6Bnp1+9wVzY1NrdootH/zsAa2DAdY4OjR4PaNmrp+a9U+HPmOgga2
jqh/y4imbozq9vuXIzsO2MGs0yYAIFbtngR4wiIQIbOu3hjasVmHf/SDq+ZscRjZt129Gwf1zpdf
0Nila7G+dyOHPv2Mth9ev7gR5EEiVR+GWePfw1rcWDG8e6uiWoZwHTmK44zQOzKoQ59+Rv1bR6r+
u5Nz1DM8oJ7hAW09dJcuvHpMp597PaLSrK7NfU8/qE337Fr1d4XOjkApffeHHtGuJw5W3ZPCyTnq
HRlU78igth2+W+9/722de/mddgoeub5NQzr8mQ/Jyefke75uv39Z10+c09jFa9r9+CFtPrhXnb3d
cnL1H0dV6O7U7scOanj3Vl18/bjGr9zU8J5t2nJwn/o3b5CTy+n2+5c1e3uCjUgzJsjDsQAAGRFm
x89JBEit3U8c0j0febT8QXLcuvp79dhPfVLvffd1nX/laCJlWOvQp57WtqqLG07NevJrfJ2MaNrS
vfPi0R1i78igHv6JT6izb/VOtsX5BS3OzMtxc+rs6yk3RC6f056n7pfbWdCJb74cWbmkpQn97icO
tfS7Bz7xlHY8fO+qv/NKJc1PzcqR1NnfK2d5aSpfcHX3hx9RvqOgM8+/0W6xI+Hkcrrrg48o31ko
t8XGe3ZqeO82eSVP+YKrnJsP3LHk3Lz6t4zo3o8/Jb9UkuPmlXfz5cWR/q0j2nJwn/GLPghXrd6G
cSkAAAAq5dy8Dn3qaW25b2/SRZHjONr/0cc0sHVER7/2orxiKbGy1FrcaCSeSxuS5d6ZVEQ3vTj0
6WdWLW6MX7qhc997W7fO3rk9oWuwT3t/4LC2PXBP+e92PHyvRs9f1Y0T5yMr270fe1L5jmqbYTpy
6tTJ5gN7Vi1ueKWSLrx6XBdeOarF2XlJS5vU7PmBB7T9wTvHtOfJ+zV27opGz19beZvaYow+J+do
84E9Gt67bdUCRi6fb/jElEavu7TZ6Po67ujt1sa7dmj80g2NX7ze8nsgPaqmQ1IrH2nv/QEAAAxW
6O7Uw3/pY+rfMpx0UVbZct/SFe1vf+m58rwvTgc/9QMNFzdqzWNN2jY2qqtx3KifS7vzkQOrbku5
dfaSvv+fv7Nu883Z8Ukd+5PvaWFmTnueOlz++12PHdT1E+ciKduux+7TUM37ify6z+zd+dh9q74/
+a0/1+W331v6ZrmtZiendPwb39PCzKz2fuCBpX/KOdr1xCHdvnB1KcIMmUQVuju168lDDZ+OEibH
cdS7aUhb7tujyWu3VFosxvbeMFPVdDAkRwAAABCfwz/2YeMWN1YM7dqiwz/2Yb3+H6PZKLOWaldu
XHnntLoG+1btkxH1HD8UfjRldKO+j2nr/XcaoLiwqBNff1ny/ZorNmeef1ObD+xR91C/JKl/67A6
erpCXx1bumLkwfL3U9dvq29zRQLVuXep0N2p/q13fnbiyk1deed0zZ8/e+QtbTmwV90blo5pcPum
YCtWMcVlzs1r26G71bdxKJ43rJDvKGhwx2YN792um6cuxP7+MFzSS8wWnBsAYzXavQwAgDpOfftV
Pf6FH4n1A9igvGJJp779at0r/sN2/2c/qC0H9676uyvvnNGxr31Pj/6VT6z6+zjL1arIruBwVm1f
Gu6buF0d6tu8ofz96LmrWpiZa7hB5ei5q+UFjlw+r96RIY1fvhFq2fb/0OMqdHdKkqZvjev6yQur
Fjgcx6lZzt6NG1bdtjF+6YYc1T+msYvXywscbleHugf6G2+uGVNcdvR2a/vD+xu2y1qzo5O6ff6q
Zm6Nyyt5cjs7NLBtREM7N5frthHHcdS9oV+b7t2t0fPXjL+KY/cTB7X5wB71Li8GTd8c0/UT53T+
lWMJl8xedcM86cmQ+ecGwEwOO+20JOk+DwAMMn19XMee/Z7u/9EPJl2UdY49+z1NXx9vOAcMywd+
/nPlueSKq++c0fGvvbRchsqNJ5zYytWOqMpY8azP8AcePRsGlMvfKfj0zbFAvzc/NbPq+3xntT0y
pP0fe0JbD+6V5/m6+NoxnXv53UCvv/XQPm28e6ekpUe5nv7u6+rbtKHBb91R6O5Y9X2Qq0vW/kxH
b5cRTw9Z2WU359Z/7Gslr1jStePndO3YWc3cnlxalPB9OTlHN06e1+COTdr2wN0a3L4x0KLJ0vub
tzJbqXuoT/d/9oPrLpPr3zKs/i3D2nxgj9796guaHZtKqIQAYAhn5X+1HjaHqljcAIB1rp84r/6X
j2r3U609FCIK518+qusR7hG5Vq3FjWNfeym2MtjEjfLyldL8gi5UPEZn7Py1QO/mdq5eQFiYnFn3
e4PbN2nHQ/slSXlJez/wgK689Z4W5+ovNnT0dOmuDz5c/v7a0TMaff/KugUOR7WHY8WZ1e9R6Opo
+KzhQteaY5qeC/R84uj5Wpyd08lvvqw9Tx3WwPaNDX/j+olzuvTmifKVG5WK8wsqzs3LK5WUy+c0
sK3+6y3Ozevmexd1+c1TS09aMaJO1qu2uFGpf8uw7v/sB/Xa7/1JjKUCAAM5675Y/W8Zm8gHPtwM
1g0ABHH6+TfVu3lII/u2J10U3Tp7WaeffzO2dfsP/Pznync2rLj67hkd+5OX6pfB0DnVKhGV0Y3y
2GdvT+js82+u+rsg79dbsRfEwsycZm6Orfs9d82CgZPPye0sqNhggePujzyqjuUnusxPzujsc29W
Xcyot8AxefWWinML5TIMbNvY8LgqN1qdG5/SwuS0MXHnFUsaPX9VC9Nz2vnogaV7u2qsNMyOTi5d
uXFrXH7Jq3oMpYVFjb5/Rb0bBtQ92KdCT1fV15qbmNbVd07r2rH3NT8xvXQVSHiHFZpdjx8MtMFR
/5Zh7X78oC68yu0qADIqSCcexkTe8IUAX5KcFnarN/EkCAAGOPbVI3r0Cz+snuGBxMowc3tCx756
JNoPZCvOb0/VWNxYui2lPhtOJ1GVMfJNRpvVNdCroZ2by9+PvX+l6gYkY+euavLqrfLCwc1TFzQ/
MV13s5KRu3dq8317yt+//8JbKs4vLP3Out+r85hYz9et9y5qy+G7JEmDOzZp84E9NR9nu+3Be1bt
RXLjxHnjNn7xS76mro/q/MvvKl9wNXL3Tq3en2XJ6Pmrmrs9KZX8usfgLRQ1ceWmNuzZqsEqCxzz
kzO6dvSsrr59RgvTs5LM3Qxn84E9jX+o4mcvvno8wtIAgAUqu/Na23G0s0hh5umiKouKCgDGKi0U
9c4fP6dHv/DDcmtsXxCl4vyi3vnj51RaKEY7Z1l+6Sf/xmfXLW7cfv+KTvzJy9XnuxV/5dR5WIZJ
Ittk1LRPQfY+81B5Pwav5OnS6yeqDoL8kqe3/uO3NLRrs7xiSeOX6m9Cmu8o6K4PP1JeyLh1+qKu
H3u/4gXXvkGVv6vw/pHva2DnpqXAcxzt/+RT6uzr0aXXT5YfgZtz89r5xEHtevLOPWOTV2/p/Evv
GPvp0+ztSc3cGtfIXTtUbVg2e2tCpYVSoPIvTM5qYWq26r8V5xc0c3O85r+bpLeJp8v0bhwKt23D
yntD4w1Ai0wft6xcwrD6L1ZL6S0Z/po/AaAhOoxAZm9P6thXj+iBz3+k5tXmkfB9HfvqEc3enozl
7Z78+fWLG5J04eWjtWPFX/O1DTEVURmNWuDYfGivNlVcYXHtndOaujZa8+f9kqfR968Geu19H3pI
XUN9kpY2/DzzZ2+0VakLU7M69pUjOvRjH1LXQK/yBVf7PvKIdj11f3nz0O6hPuU77qwwTl8f1dEv
PS9vsdT6G8fAK9WuGK9Ukh/wmcVeyZPn1fhZX4FfJ9Oavr4ZACyS0kUOAAiMPrApt89e0envvKG7
f/DR2N7z9Hfe0O2zV2J5r1qLGwjOmOfH9G3eoLt/8LHy9zO3J3Tmu2+E8tpDu7do6wN3l7+/8PK7
mhtv/2kX09dH9eZ/+LpGz91ZZFl5NG7f5g2rFjeuHz2rN37vG8ZesVC550i+kK85qXY7O6reulJN
vuAuvVa198s5qx61a7KgT/9p9mcBIDF+xP+V3yToz6YDz40BgOhdfO2Errz1XizvdeWt93TxtROx
vBeLG+FwFeAxnlHr6O3WfZ99prxpp1cs6fS3X1+6kqDN8jm5nO76wUfLjysdv3RDl944tf51117m
lMs1fO+O3m7t+/BDGtq1pWE5Nt67W8WFos4+/5a8ollXcNzZ8N7R8L5tGt63veY9UQPbN+rme5dU
Wig2fN2ekQF1DfZV/beOvh4N37Vdc2NTmrx2u8WSx+PGyQvqC7DJ6MrPBnk0blPCmAAkn+aSUjeX
AZLTbjJFdeWEo/Uv7EjyDemEIlZtw3IAqCsb3WPo3vuz19WzcUiDOxo/AbJV45du6r0/ez38sX0V
T/z1z6h7qPq8qaze/NRxVn9twBy/oYjK6Ebyqk3IuXkd/Nwzq57te/aF72vswrVQXn/v04fLeyiU
Fos6/Wevh/K6ha4O3f8XPrRq89DxSzd0++wVzY1Oysk56hkZ1Mg9O9S7cUg5N6/tD+9X91Cf3v3S
C+V9OkyR7yho88E92nL/PvVuqr3nxMCOTRrYsVGLs/MqLSzW/LmugV4N7dpScxXS7SxoeO825XI5
XTv6vsbOX133yFlTXHz1uDbdu1t9WzbU/bmpa6NmbjDKCBtIlzAWJqJabax2W51PJwQACJfv+Tr6
5Rf06E9/Up39PaG//vzkjI5++QX5tW63D1GgxQ0EFuljYoM4+JmnNbDtziNUL795SlfeOBnKnKxv
y7C2P3Lvndd+/aRmbqx/5KzU3GNiJem+T/9AeXHD93ydfe5NXX7j5JqfuqDz33tH+z78sHY8dkCS
tGHvNt37iSd08usvN3s4kXG7OrTziYPauH9nzSsuVhS6O7Xt8F3yF0saPXe16iJH10CvNt+/Txv2
bVO+o/YamtvVoQ37tqnQ06VCV4dunjxv7CLH8Wdf1H2ffrrmIsfUtVEdf/bFaNYSkk5SAGZZ6ROM
fQqJU/dbABYjn2GQ4ty83v3S83r4r3y8/JCKMHjFkt790vMqzs1Hvpfp438t+OKGo9p7qzprvrHg
ISqRldFN8uD3f/JJDd+1vfz9rfcu6ux3Xg/tYO/+wUfLwT59c0wXXn43WFBoqcJr/ezG/bs0tGdr
+fur3z+lK2+erPnz7z//proGejSyf5ckadPBPbr2zmlNXL7ZzOFEw3Hkdha05dBeFao8zrWa/q0j
2vFYTj3D/Zq4cksLUzPyPV+5Ql7dQ/0a3LVFw/u2qXOgt+Fr5Quu+rcOa3FmTrdPXzTuypYV8+NT
euuL39COx+7TxgO71TsyKEmavjWumyfO69JrS1du2NCZAEhA2B8Acb8XgLgxxoGBZm6M6eTXX9Z9
n3k6tNc8+fWXa34oHqbH/9pnyg/BCCpImRp9UG+KqMqY2C0qe555UJsP7St/P3b+mk48+73QXn/n
EwfVX3FlyOTlW9r+yP6aP9+7efVtGUO7t6hnZKD8/ZW33ivvnbHx3l3lv/eKpaVH9jRw/uV3ywsc
juNo08G9Zixw+L68xaKmb45paPfWxj8vycnn1L9tRF2DvRrcvUWL03PyPE/5gquugV51DfXXvXJj
rdJiUXPjU/IMXdyodOm14+XFDAAIJKq9LljkABAXG2ZLyKybJy/o4uZj2vnEwbZf6+Irx3Tz5IUQ
SlVfK4sbCMattZlklLY/cu+qAJy8eksnnn1R8v2am1s2a8fj9636fuuDd9f4yRplfPTAqu9vnrxQ
fgJK9/CdhY/ZsUkV5xYalnv21oTmJ2fK94j1bhwM7VjbVVoo6trbZ9S/ZUT5zkLjX1hW6OnSYMCr
PmrxPU8zN8d169QFyQuv/UNhyuQhjCox5ViQnChTi/iqL6q6N6i7BAAgSeeOvK3eTUPasHdby68x
+v4VnTvyduTzkcd+7tMtLW44jhO4bEbNqWqIqoyxb6+66b492vPMg+XvZ26N68RXj6g0X3vDyla4
HcEn6s3KF+5cnRDkaSJ3fvbOMVa+RtJ8z9P4hWu6deZS7O+9MD2n22cuafqGYY9XTdOELU3HgtZF
uakkAABAwk48+5JmRydb+t3Z0Umd+C8vhVyi9Vpd3EBwsW4yOrRnq+76ocfk5JfWVeYnpnXiq0e0
OD0X+gdRN09daGpVqLO/R31b79zSMnb+6qpFF3+xVC5j5UKF21kIXHa3s6P8dWmhaNSHb6WFoq6+
eUpDu7aoo687lvf0iiVNXb2l0TOXjaoLSen6ZDRNxwLzcKsEgKjFcR6jHwOs5y0s6viXX9Dhn/gh
Fbo7A//e4uy8jn/lBXnFxUi7m0fbXNwIurcGe3DEpG/LsPb/8FPlKxcWZ+Z04qtHNDc2Fcn7nfpa
cytwOx6/b9UCx5XXT2rs3NWqPzs/Naue5UfPdm/oV9dgn+bG6x9H39aRVQsH85MzTZUvcr6vmZtj
unH0fW1/4r7y4tD85Ixmbo1rcWZOfVuG1T3UX16gCqI4O6/pG2Mqzi2oc6BHXUP9cruWFnrmJ6Z1
+/QlzU9MR3JIAAAAALJjdnRSx79yRId//KNyco3nLL7n6fhXjrR85UdQ7S5uIDjXcaK/S6VrqE/3
fuZpucsracX5BZ189iXN3JxQHO8fzOo1JMfJ1SzbxIXr5fu7nFxOu595sOGCyu4fOLzq+/Hz1ww6
9mW+dO3ds+rdskFuZ4fmJ2c0dfWWxi9c1/zEjDbs26ahfds0sGOjCj1dda+Q8UpLe2uMn7+q0bNX
tLC8KNS/bUS9mwaV7yho4tJNjV+4YV49AGkT9SeTNnxMAAAAMmHq8m2d/c6buuuHHm34s2e/86am
rtyWE+HODY/83I+EsrjhyKlZTmfdT5o/v7L2Co5CT5fu/czT5c01vcWiTn/jFU2G8ASRfR99RBvv
2yPf83TljVO69Mqxtl8ziOvvntXWh+4pPwZ1ZP9O+d6TOn/k7fJGpCs6B3q198MPaXD3lvLfzdya
0I1j52Ipa7MWJmd04cV35HZ3aubmuBZn5yV/aXZ088R5TV65pd3PPKChvVvr7iOyODOnG++e1Y3j
58pPn1mYmtXEhevqHOhRoadL85MzKs7Ox3JcQKZxGwkAAMiQa98/o95NQ9rywF21f+btM7r29plI
yxHW4gaCcxXxDqv7PvrIqsetKpfT3R9/vOnXuX70fZ1/8Z3y9/3bRrSl4skoO588qGvvnFFxbqG1
gq6tB6fK3y0rLZb0/vPf1/5PPqHc8iR/44Hd2nDXdk1fH9XC8p4iHX3d6t28QTk3X/7d4vyC3n/u
zZqvbYLpm+Or/6KirEu3rExoYMemugscC5MzmpuYllfyVv2+53maHZvS7MqtSQbXA8LHPBsAYBxf
XIkGpNDZ77ypnpEB9W/fuO7fJi/f1NnvRDsne+RnfzjcxQ3HqV1eJ+DPmSSiMrpRd+hud8eq73P5
nHJNbPqyIt/hrmq4lX0cVjj5nPKdBRXnW1zgqKZO3YyevaxT33hF+z7ycHlvjXzB1cCOTTV/Z258
Smf/7A1NXLph7om00ezTX9o7wysWJdVux8XZBRXnFpnNYh1TQz+wsA6A3ACsRgrHjAoH0CTf83X8
qy/poZ/8mDr67+yFuDA5q+NffUm+F13HEvrihqS9H36w5pNHV/aHlFrcZDSBAboT0Zu6jh/10YT0
+r6jyrKOn7uuqau31bd1WJJ0+/QlLYzPtFxRa3/L0er3q2bszBW9c+W2tj16r4b37yjfhrPW3PiU
bp28qCuvn1JpYTGyxgyqbioHyPPF6Xl5Ra/uzxRnF5YT0PrpLLAag2wA4uwWK/pdAC0qzS7oZJSU
VgAAIABJREFUxFde1P0/8VHl3Ly8YkknvvKiSrMLkc3JHv7ZT0ZyW0rvpqHGP7Qs7GMrLSwq31EI
7/Xmo5sTR74Hx7H//Fwkr+t7no7+p+c0sHOTvGKp7T09Lr92UpdfO9n07y3Ozuv8kbd1/sjb6tk4
qL4tG5RffhxscW5BU1dvafZ2tLvyNqtuKAW4h2BhckYLUzMq9HRWvbTI9zwtTM/KM+xRuEipuIOM
gTaACnQJMWAwAaAN0zfHdfpbr2n/jzyp0996bel2/Ij6lYd/JprFjaaFfHxX3nhPO586GN7rvfle
hLeoWMz3PI2fv5Z0Mcpmbo5rZu3+FbYJMFKbG5vSzWPnNXNzXE4+v+7fSwuLGnv/6tIGpYjWSr+Q
1RE2g14ACcpq1wsAtrl18qLmJ2Y0dfV2ZO8xcu9OLUzPaWF6LpLXn7kxpmKNW1QqTVxq/2Eea118
+ZgmLt3UwI71+5k0a+LSTU1cvBFCqapzXv7Xf8j5GUuIBDuxc6ddkmwrFoSAUCXa9dLvh48+EsiW
Wv1omH1BJH11rQJyYpAsv4LDSMQV4pb1mMv68TeDugKA2ugjAUjh9wWhvh6LG43kki5AqhBXQLzI
OQAAAJiKsWrs3BxrHOGx4NJGcgwAgHAkftpPvAAAkCGJTKSCvin3rK9gdSNjGAsBAJACnNABIF6J
9Lt09s1ynYgez5JZYS2cRdgsrO+ljK/09n2NAjWtxw3AeJxHASCDYh97pnmgHw02GQ2bJfHHIkeK
WBJzAAAAQCo0c+dI2y8U2ptlAreoZBSLGwAAAACQFGZkUXBZ6cmmlVYnrTIuSPonGSR0T0B2Vct/
f82fCYqvezLgYIFYpezkH8Xh0C2EoM1KDKVdg75IynIiYi71lQ30g6ipXh/AbX8AklCr38nk/ZV0
woD1wkxjxmYhoRLTiltUAFSXuUkEAGPU6n/olwBkGX0g0JDL2hVguKiTlJMlABPV65sMGbxk8oIS
AMnhHnOgIa7gyAhDxoIAAAAAAESCKzgygtv1LJbCVfoUHhKADKIvA5AIBvWJod83n+ukLkMIO6Qt
ptOHy7qBFpA0MaKyzRf2uZ42R1IYty4xIwcblSLcubMZx5w2KbxFhU4i22h/W9BSAMxFD2W2KNqH
NkcSiLs7bKiLsMtowzHbx3WcNFZsGo8JmZXixV0yNUNobFin+aBNcXedEXRUiSOJMi6LOZjFY45W
Cq/gAAAAAAAAWcMmo0g3EwK83U8jTDiGCPFhDRBQyvuCNKCJgDaRRIjZ2nEoIWi/lN6iAiwjvAFz
sJoFIM1sH3PQRyNjeMpkOrk+vVmmGNPacfQmvgw6YJlVFsNQNW2w6cxsU1kBoJG1Jy9OZoDx6g1F
SOF0cJMuAOJjTNLGOckx5qBRC03UJj5+AIBk8MxzwDq1hk2kcnpwiwriR8ihQmU4cHJpETkFAMni
BAZYodaQifXKJpk69vQlVyxwZEaiLe3X+BrQnZCgN2qRcTllXIFSjswBEkWXB6QCZ9MmGNzv8ZhY
AInjhJI2tGh8qGsgUQYP8gEgi9iDA/FYOwaPa0DAEh5s1WyOGDfIZuINIAMc0d0BljBuqGSTapVn
aIUy/UP8DE0GwCjNDJjJKQBIBosbALIgqQ+rW+A69MwADMDmTm2gGwcAAKiJh86FYKUCDa9MlylF
RiXZ7DwmFjVU9puxv2k7b2xwJw/AHJySAABGStEJisfEZlGSq26EG0wTxmo0cQ0A2ZSiSQGAjEpZ
P8YtKqgtDaGRhmPIoESu5GiHNQUFkKTY+zb6JgAZZfhdFPXRd7eFTUYBAADShgEygIyzshu0stBm
YYEji4IsZ1q75Im0iLV/52QCIEaRn2Lp0wBAkoXdIXOwtrkOaxyZsSrBSR4Yru0Qte6MBiBLIn3i
Hud4ABlg3S3NQdGHV2jUuuv/ndWNjEhd4gMAAADItGpzHOY92RbeY2KzsNJEtgDRIscAAAAQgL/m
TyQh7EWAWq0ZvJXdUJ4Sm4XFDWnpOC3NIIuLjqywertrAGgTJ2kg20weAxnYP1UWyeSqS7+wg2Pl
9ZwqfxdMOLeoGBj0kbD8OEl+GMvy3AKAttAHAjC1HzC0XMxr0q71wHNDCw5Dgx9Lqq2FAUZose+g
ywFQVQo6B87VgEHiSkhfqei/4sKFv1nQ2gzWJTKygWaGkdo4O3HbFYB1UjLiTcEhAGgWiQ8ojERw
mSEAsFWkj1kEUBvJBgDhol8NhGoKW+t7XZjKdVguBAAAzWDoECmqFzBEnPM9Eh+xWxt0ta6PTjoR
mnt/V7lw9hkFkBIpWLytdgiMGwCYjD4KiFjU4xuSGNardZ9n0sHd3PuzugFgtaT7sDa1//RsAACQ
OlGObywfOwFpGimzwAEgM9LTdQMAgMixcGEUxnFh85XGx/e4aTsg1EZLIwtWxiJcyYHUIGgBNCPK
SXkW+yMWOYyTxTCMVrpq1JVD1mYFLY1AUvKYRQAAMiuK8zjjAxiAMAzTysJGumrUTboAQObYskhq
SzlrCNJVW36IkalVd4nUV7rOuXcQfACiFFUfY3PfldbzScrZHHLmqFWLa5MiwdoO8a15TCwQt3op
Z1IvnoGuodbDsLKsXrMnVl9pi0U+fgIQpSg7atv7LtvLnzGcLsNQrxaDPiY2Yu00dJXisskoYApm
2rBAIgONNOVGmo4FAIAIsbjRrkaDjrX/no5BipsjcjIlHWFrMXa+NAqfDFTX6BYVFjkAIKM4aSJm
hFw7mq09C2u7SpG5giNjLAxbADFqdIsKACCjOAkAsIDr+yHe8AJYK+GzNoOGRGRtD44wwiz2zVuz
1EAA0ikt/VhajgOIHMmSpDY2GbVxamBbedPOlFk9ixtZZsuer2uZHDZOg4prql5tPNUAwAr6LwA1
0UG0LdxbVGxsEJOnBFljUlskHMs2plJGmBSladJ0vdIQAGxF/wWgJjqItlWZR7lOo4/aUodAQjVZ
ywME1WjDzTjf0xoBDqDpCzOsrxQgXpzV1kiyQui/ANQUoIOgQ28Km4wCQAuiGq9maRycpWMFAABA
9FyWhADTRD3tI+fDwgS9fWyxAURjbf+U6jxL9cEBiFej0V1EHQ79WGi4ggMwTpQ9HL0nzMNCERC9
1OYZpzUAQAXXcVJ7ykNU1g4m2g0hBicxIt9hJq7kAKJX7QzQdt6RuADiVq3fiW2I69DvGc6NroFo
+dTzFd6shHCxFAsmDbVTRRnLiyQ2dAXs0XpnUi+3nIqvm35Lf82fgCQCAoloOeyI17RxFdkVHEx8
Uq1yVBTGFRyEC9KM+G4LV3cACXUi9d6WczeAJFUODNrqi1r8ZQYmxopmgcMv/w82anZnMpo6wxjd
BkKOtI1FDqB1QXKn6pUcYScdp4z08yUaGjUFCY1W+h2u3kAFN5JXdST5dG5WotkAGIpFDiB65Bna
QgDBKkx80ii6TUbp4OxVGRK1LkGlfQEkgK4HiF5TedbsrSrMJ9KNW5dQT5B9fYLGDwMC1BDNFRwr
6OCS12TiN3V3Ee2LtOPEaYS1XQ1jGljPggCOLM8sOHbAaJaNv7ntDXGLdoEDyWIQASAF1n6gQ9cG
AMgsToJAXa5TLUtInPaEtZpIOwDRI8+sU72LjWrnMpihmRMr7RyWuo+QBZBx9ftlf7nn4CILxC2X
dAFSiZEAAMSMxz2lW9D2o50BIB70tzBT9VtUWGqLV73+Iea+g09rEKtm+xoCE3URIOnWRPsmEQps
tIm2ERhmCLEDSf1pya/yFZCs6J6iYp2E0rLebsEJ7kTNJn6ITdAYZ2d2NESApNPK2Shg+/p+lR+N
KTYIQbSM4DFHiKPgKAbUsT4MINhHn9WHaMwkkAw2GS1LYEpveN6zyIHIMZ4DEKaqJ60YO5qULsQy
HkBqBA5kg6M+SNFC64eCdWoG1xYyyHXCiMa0nMx9ww4kweI0+XkZACTKr/h/dWH1ZvSK9UUxxK3y
CWLdt0m4jVI6yl9bqyk9zAQ1U6P0Q/EIoZ6jatZQFzDa+Zk7/7a+SMQpkhHeLSo2xzCz+XVYiQVg
k8Z9Fgsc8Yjh7NHwA0XaCFlAnLck7sFts80Ue7NG2WcTo0hGeLeopGE2HNYxkM9Ac4LkHnmFhuII
kjSc7CLU7oeBdTmr/gAyyy//z1xx5qnhVdEU646FDhnmCWeBw7pkjFhK78EFIkH/AaRHow8DyXeg
faZfZhv3GNj0+gAQK9cJa98JOpY76GiBYJrJExYO0QBdrwHiaAAa2QjkG2oyOTAIXCD1wrtFhYlH
JrBdSUaYevI3tVwwxtqxK30WEB02HkVrEu6RY397MgMpZmB455IuAAAAAAAAQLtcI5ddYDw+FQUA
AEBzKq6zy9QUxP6D5U7hkFGZkXHDekossonwAWADo/oq+8e5AFBb3T6ODtB2Rp1PbcaKUWTC24MD
qVNtH6aVPOT0lGI0LixX2XcxdgDiw/6NIADSjXNqyIIsctSajEXN4lxmgQN1VcuhlVy0OO6zh8ZC
xqS+j2KUCUOlPvei1qjyqFzEqDLcOO1EJGhOJzEBC/JeBgaGK+5RAdKNS+CQUUZOtMLKR3IaBjMy
92zQqH/gfA5kU2Xux3kFR9D3Mqxfcn3OQGiRYbFsr2YvTQMQWOVEq+m5gcm5Z3LZABmyyGHCQKWV
Sgj6OyYcH1Ip8dzNiij7hzgZVibXoXcEAKTY2olW4LMep0egLUYsciSt2X4k6Eos/RNiRsjBFuzB
ASSt3mAm8yNDoH2kEQArNNNZcbsKYKawBx0MYprmUmtoReXTVFIbQa0OHNJyuRmQMjwFCohf4uOF
NCd8mo8Niar1kAHjBR27x3EwVlRYOuWSLgDsRM7WQMUAAFAVFxwAdrJmeBukoCxupJ7r8BQVtMER
A5ZV+IgYMBpXdQPJWNmPw7j8M65AQPSaHaZGliZRjJebeewqUokrOICw0WECxmIuAyTHuA9FjCoM
gNgwVk81FjiAsDFgAozFmAbIkEYJn+qNxIDqjAn5JAvCWD3VXHGLCiJgTOcZRBSFJa2A2qzqIAC0
xKY8t6msQBsI9QqM1VOLPTgAAPEx8iZ8AKEizwHjkJbICjfpAiCdVjYTA2CAsEY0PAIZADkNWIe0
RZawBwciwyoxYAASEQCAzGJxA1njOox+kXWkABBMK7lCfgHxiOvRiCF8NMZVnkCI6iRT1dtSSD6k
HFdwAACC46kDgJmCLCYalLusfQIhqZFMVdPdoD4AiAoLHIiUcc+8B9A6v8bXALIh5BM64wMgBDXO
x1Xzi6RDBrg5Ah0Rq7w8zl/zD4QfEJIkFhwsX+SwvPhA8ww86RpYJCA4Q04ktYrBIgeyiCs4ELnK
qzicNX8PIASGDLAAAMgMzr2AkVySE3FZ2VSMhQ2gBfTVQDLIPQD1GNJHVBaDsTayzE26AMgWdk4H
WkDSAMkg94Bssij3qxWVDxSRZTwmFrGiwwWQJD7hAgDUZfjixtri1btCmvMcssg1PIdhmjADpqLX
JQ5hJAIztWhaALAMHXdZ0KqgyhA6C4KKTUYRXNgBbUGCAEgfuh4AgK04hyExlgSfK8eSkiJe/po/
o34fwFTEKLLGhmua48pLG+oCsIlN51TD8t+mqoMFUhxQrmG5C1PwyBOAHEB2mRz3cealyfUAIDrk
PtIuxU9+4CkqqC3GwE9xjsFmBCZglrjzkUVOYEnS58KM537S1Y8UajaoLApCFjhQX4ydO3NJRK6V
ADNogAPEhs74DuoCuCNL+ZDgsWapmpGwFAab6zN6t18zTZjCIAYAhIwVZwBr0SfEgmpGbFIabFzB
YbogixcpCE7G0qiJwACSwecfgJmaOS9yDrUKzRWRsM5nQRqIRkwcj4k1WUYWN1YwlsY6KYpvAABC
wYAplRjyRCTMfGn0WjSiEbiCw2YpSSJnzdcpOSw0g0ZHjOhnAFitmQ6MDs8KNJElaCgruA6rwOYK
mkQpS7a1IZmyw7NLnJf0NfNzQJuMOPWFXQjyBylDSIfEiA4v29bGslPn3xCysCu43uuRa0ZwHVY4
zGTY46lMsdKnUDUxCaOiiWUYxKiBZJh5QZ4hZYzKVaBN9bpnuu4UoTGNwFNUTNTsWT3lTbhyeP6a
r2Godhon5bEMM6Si/0jFQQAA0IYkzoWMVY3HJqOmYdBaE/0JAAAAAOZMqMV1/IxFRzuz5DirKmPN
EhR7ZVURx8oPlY4UiCyMyQ8geuQZUoiwbhMViCqyuQdHK4cc1f3NtRIzg82CNkQZL9zbjxSILIzJ
DyAyfuUX5Bks0czt1FaFtYmLCVZVIOKSzVtUmk3QqBLaxI7CEvRna0SxQ/TKf0AK0GcA9iFvYRti
Fkiem3QBEhPlIket3o3JYihWblPhJLIG8QVUVe/xfIlIvACAIeqctyJ5ahq5B6zG2BEplM0rOJpl
yhUfQFy4ggMpwpwGsA95C5ulbviUugNCmrm+7WeQVhMuqkStd+Od7XUNM9SKXW6lAqpzVv2xWhLx
TU4hDC2PKVr8RWPPMU1co0XuGc6yBloTaqGXvuoLRjSZsKzqkYBY5rHhXHNr/y0qrTxWI+rFDSBu
nJiA2mrd00beIHMSXtyIJOcqB4IMxOxm2bPyKs4tRi5uWFSVMFxsXWs4/bmbyVNBEv1nJisakagW
v5aNCQAAbTKmzw9YkFjKyw5ddjMmqIPz10dddPs+NRHfFlblHVYXPp0SaZLW+3PX6BiK8hwV9fmP
82vsrP78JozHBVt54ACAtjQ1joty0GfCgJLVfvvZ1X5++X9Rj0ObefhsWmTpWC0Qe3O03p+bvclo
kGMi9mG7ejFc7d+IeQCAURtBG1MQIDbVFjcQFmrUKJY1h+ubustoFhcqYbd2YrXeFRzkAHBHmPlg
6OkPadVk8EbW97f4wuQLYmFAoAV4fHGAHwWiEVaKpDh4XccxoCNpVwoOAeGxLhyC3mJm3YEBhiOn
EKsmV6wjWeBu8Z5ma3LFmoLCZDVyz6/yT9UijihEpMIKMOM/RG1jk9EQS5EMehFUSCwcou4giHMg
/DxjP0LEwV/3RULaeH9rcsWagsJkNRY3qlozSST6wpB0X5kRzVRzIoshbWwy6jgEEVBX0BRpNZUC
566z/mf9mt8A8bMxBG0sM+xjzCJHG6wpujUFhSX8NX9Wcsr/A2KSVBeXSJyncZNRAHfU7VgY0AGA
keieAWvVS1/WNRA7zieB2H+LCmCKqM90Pr0aABil6W6ZKRFgK7IXsWHI3xau4AAAAAAAIGksbrQt
HU9RAZoUuO9gvzIgGMNzxeCiwVaGx7ztqF4kpdFTUoDI0PGFwmWRCJnjV/0SVqIFQ0NVIguIc6vQ
XClgQSNWzif9Gl8DsAd7cCCdOCtlAI0cGqoSAJBxLG4A6eDylFiTZbhx6j4OtU3+nZdL5LHOyJZG
lxoSgJHiSs+UIm9Sz/ortW0qfJT5ZEE91Hz8K+zTKJY5d2QCV3DAfM12RgF+vnJhg0UOJIbAA5pH
3mQC52YAQCtcx2eN0kzWf3bRurWjmmZGOE38LIsciFy9wCLgIpfRHtRMxDuaZP0oyJYDyHhu2tJM
CICrN7DMJaubRXYkKuTqX7vIATQURqBwoy/SrNYthsQ6ArI+VFZywPoDSTeax2CtNk6j32Ownwnc
ogKzxXD24eoNAIgYnSwCIlQQB+KsBTZUWr1BPYsbmeFG19o2ZEEryI7YxLjrE4sciFS94KJLiRR5
HUDYg0EqHaayLabJpUhQrSnHuCrzuIIDZkrg7MMiByJBUMFGDBCRNsQ0xCm5LXFWHvmKNrikOupq
Z4MKQgtpQBwj7cIeSFbbg4PBKmyWVPySN2gVYxeYvh9JhDHKJqOordqgNEi8sGsn0oKJGdA+cggm
YMKHLLH9smTOG+0JOn5Nqp6bHV83GcvcooLgMtDZ2H4+QBU0KAAAyBKbxz4ZmG9EzuQJTbPlauE4
IrxFhXsarFevCVP8rGmT+wTEiCBAVjCYhO2C9tet9uvkiLWsO5WHXeBWXq9WvJMHdqnVXq3EhAlx
2QSDruCwrgtCLSloShY5UoSGBOrjVizYLOrFDVjLuiY3ZRLJOSHdkp7kxPDebnTHaF23ghWNOjZ/
zZ/VpKBjTDr/M2FtBbey2hxGI6UgXmGwZvvKJDoeOjvYLOr4JT+skIpmiuMgmtlPD/GKezzaTDsn
HRNN1I278vNJlxmGqFy8qDfwTvnixgpyI2KVFVwvbmo1BIsbsEGt+K13GTAdD2xHDCNGqQg3UxY3
kBxTr55JOsGarJNci7+HLKoM7gwFTIYONVlRX6VRDY2bekY3cdIDBiAqxDZgpiC5Sf4mK4z69xv8
F3d52tXklSauc+drVX69wujBIaJl+vOTY8ATb2PWbCdKw6AOK/LXhIED0KqQ4jfIxaGAkWwMWhvL
nDVhLXKkSRPH4zoNRn5GDwzRMt+v/Nqv+nVQTkWUOE7l162VzSRcKZ5dNXOkhYhIc44AyKiQL6U2
9cpsoCaCFqbKeGy6KX7aJ5b53vKfy5O0lQma7/tL/1V8vfyT61/D91dNzO5Y+jvHcZb+q/ha/p2J
3crv2j6hIx+aZEmFrYR+oxzRmn9f/RrVc6S8uJGRHDFR5GFoSZwDVRG/AHmAeBBnsTDoMbEI09Jc
zC//51V8LS39md/Yr/zGPrkbelUY6FW+p0PK5ZTLOUuzLMdRLr+0TYvjOOXJn1fyVt5AnudLnqfS
zLwWJ2ZUHJ1W6eaUSjcnlydsTnkylytP8Fb+Lrn6aQV9UpMMr7Byjmh1jqji79zLbyp/+S25N0+p
MHZR+flb0uKCcipJnif5nnLLNzQ6zsr6hyNPjuTkpFxOnvJSoUOl7hEtDuxUceN+lbY/pMXtD5fz
QSnJEROxuAEAqIt+HHEgzmLjTPzhn1etbtrAEqsuo1/60/O98oTN6e9UbnkRIz/QLbevS/nODuUL
0a9tlRaLKs0vqDQ1r+Ly4od3c0r+5Hx5IpdzVhZQIi9O28iJJhhaWVVz5Nop5a+8rvyN48qPnlNh
6rryC5PKe4vRXt7nS6VcQaWOfhX7tqi4YbdKm+6Tt/0xeZvvsTJHTBRpKBoa50BgBsWwQUVBlhB4
iANxFitn4g+qL3CsRbuYafmCjOXJ2tKkreR58gs5ddy9WZ07h9U53B/LgkYjpcWi5m9Pav7CLS2c
uSFn0VM+lytP4ky/RJ8csFPl7SflhQ3Pkz89po63/5M6z7+gzrFzyvsLyRZUUsnp0PzQHs3v+ZAW
Dn9eTu+QchbliIlYwYfVko7VGPuaxoeadGUgck3cNx95NHCeTR9b9mUg9trGAoelKi+v90qePN+X
J1+dB7ep+64t6hjoqbFnhhl839fCxLRmT1/X/PErymnp8vxcLmfs5fnkgF1W5Yi3nCOL8+p67XfU
feJr6pi5blyMVfJ9aaF3s2YPfFpzj/6McoVO43PEROvylkSGTZKOV2MWOJKuCMQi4AQ0lmjg/Jo+
tixwSMRfm2reorKWSW1upVoV2GTFrkzaPH95wuaV5O4ZUfeBbeocGVAul2u7qHHzPE/zNyc0d/KK
Fs/fUi6XX5rILX9ibcokztocWFtwaw8kmKo5cvRr6nnn99U5ekY5x74K8HxH8xvu1uyDf1mL9/2I
sTliIq7ggHnaSdh2g9fc4De3ZIhdg2AgVtAygicTWOCIU7VKDFixlZO2kufJGepW1+Ed6t42bMTt
J2EpLRY1e+W25t69JH9sVvlczphJnNU5UPsBOamxLkeuvqvul39L3dfeUt5fTLp4oSk5Bc1ueUiz
T/1N+VvvNypHElclvlMc8rBSGEnaTlSbmxHmlgyxChAIxApaQuBkhjP5h68Ebm7iok0tLHAsPc1h
aVNEz1uauHU+skv99+5Qzs1HUkwTeMWSJk9e0vybF5YmcOVJXMVjNxNgbQ74Nb5OgXU5Uiyq67l/
qf6TzyqnYtLFi4wnV5MHPqO5D/13yruuMTmSOBY5YLR2czOMaDYzI8wsFWLF4gaiRPBkhjP5h6+2
3dzES0DN3o6ipcewlrySPN9Tx+Ed6j2wXW5HIZryGai0WNT08Uuaf+eSck5O+VxeuZyT+ATOupi3
rsDBrMqRUlEdL/yf6jv6n+UqPVdsNFJyOjR1/3+l+af/tnJ515gciUQbcZzSFEAS2gomIrEWasYQ
BjeEwUVDs2hMRKipKzhqIUYDaKKSViZtK5fadxzert4DOzK1sLFW5ULHyiX5SU7irIp5qwobTGWO
eKWSCs//H+o7+keZWthYa2WhY+GZX1Qu7yaeI5FoM5ZTmApISkvBRAQ2Qg0ZwOBGMLhoaBaNiQi1
tcDhaP2t/bEMpVOaFJWX2pc8T95QlwaevledA71JF80Y8xPTmnzxpJyxuYq9B+K9JH/5ybxlxkwf
U5oXldblyLlXNfhn/1SdszeTLpox5js3aeLj/1jO7scTy5GWRBi/GUgNNMNXwh03EbkWNbLMhIoI
qwxt5pgJVZFqSVdwO+9v+HAGVcQcb85kwE1Gq/6yEljgSDohI1J5qX0p76j3mXvVs30k6WIZa+by
LU0fOal8yY/9kvzKBQ5j+tiU5kWlVTkyNarer/2yem+8a1AjGMSXpjcd1vSnfkX5vg3m37YSQ/xm
IEUQROKdN5FYCzWzLOmKCOP9Q8ivpKsh9ZKuYBY4sifGmGtrgaNSLJ9oJ52MEfEqnvxQOLxDfQd3
KpdP7waiYfFKJU0du6iFty/KzeeXLsmP+DES1R5GEto7pjS+w1DOkVJJhe/+uvqP/ZFy8pIulvE8
5TR16Mc1/+Ffii1HTIxjA4uEJLC4YRRqowYTKibhyacJVZBqplRwK+VgccNO8V/B0f4eHJVafrGg
v2hKUoZg5XL7kldSyffU85ED6uWqjaZNX76lme+eUH55E9I4LsePLAxTFN9hWJUjiwvq/eO/zVUb
zfKl6U0PaPov/GvlCx2x5YhpsWxYcZAU+g7jkJtrxPnUM0vygRhpUaOKi6JiLYkphMi9ZoWaAAAg
AElEQVTAObx9CxxtvYk5Ki+39/s6NPCx+9XR05V0say1MDOniT99V87UQqyX44ceiimI7bCsypGr
pzT4lb+tjtJ00sWy1kK+V+Of+w05W/fHkyMGxrKBRUISGIAbxYq8TKKQcb2nBflgRYyYJkilscCB
MBg4h6++wEFPEilfvkqep2KppNzeEQ09uV+5fC7pYlnPK3ka+94J+RfHlM/llM/lIpvABUoR8qiB
2hVUmSP5N35fQy/9hnIOt6S0y/NzGvvw35d3/+cizxHTkI4Ro4LRAsJmDSqkjKoAIpTyBGOBI2Yr
E7fFYlHdH9yvvt2bky5S6kydvqK5Pz8rN5+PfAJXN1XIozoaL24sFovq+fLfVd/lV/hEIEy+NLnn
o5r71D+PJUdMQTpGjApGC6wJG2sKmh5UORCRDCTX+gWOarsoVv3NSMqTap6//AQIz1Pvxw6pe/NQ
0kVKrdnrY5r+06PLn1LnI9tYsWaaVLuH1pqcSa7nK+dIqaS+P/jr6r59KrGypN3shv2a+vHfVj6f
r58j1sRtfRk4n8evWqVS0dkQUr8QS7iE9SbEdmxCr+qUnMeQIfQ3bVl9X0TQxY2gP4OylYnbou+p
/9MPsbgRse7NQ+r/9ENa9D2VvJI8P8aArbVBmBU5k/zixuLMpAb+/edZ3IhY9+gpDfyHz2txZrJ+
jlgRt4gdixvZZktbV45r2/0PsYikqmk/2IR4bdudBY5mn3vJamhgKxO3YsHR0I8+qs7B3qSLlAmd
g70a+tFHVSw4kSxyVH01qzul5Bc3ircua8Pvfl6dszcSK0uWdM7e0Ibf+7yKty7HvxAYo3QeVYKo
UAARiKxrYc6CuLCYagRn8g9fpSoj5PlLGyX6A50a+vgDyhfcpIuUOaXFosa+9bZykwvK53LKOdFs
6Brd3DDdKVrOkUvvasOXf1F5fyHpImVOyenQ6Od+Q7mdhyPNkaSlO5MiQIUhBqGEGbFqtZX1h2Yu
JDeStQVHqIiDxKVzFGsIz/dU8jyVuvIsbiQoX3A1+LHDKnbmVPI8eX4ET+NgcaMl5Ry5cY7FjQTl
/QUNfeUXVbz+fnQ5krB0Z1IEqDDEgDDDWtbGhLUFR6iIAyM4k39g6hUc1a4na7Wo8R9ieeLmOhr8
zMMqdHXGXgastjg3r9Evv6aCn4vkU+qUXt0fmXKOjF3X4O//ZXWU5pIuUuYt5Ls0+lf/WIXewdRe
yZGqNI3yYNhoHPWEFHuhhTDxaq3Kpmn5Cv2gv5SqEwDWaZTn7DGZGYaOXmtFaCtnqPgj1feXH3NZ
KmrgUw+xuGGIQlenBn7kIS2Wiip5nvxmVyS4Zy405RyZn9Xg//cFFjcM0VGa0+AXf0qL87Ot5YgF
UjXPSdXBwCo2xZ5NZc2Y0JomyAul73SGSmHsH0mMpIahCxy1Isz8yFuZuJW8kgY+9ZA6erqSLhIq
dA30auBTD5Uf1xt4Amd+6FmjnCPFRQ3+vz+pjuJU0kVCha752xr44hdUKi6yyJGkJDcjS1+TI4gE
NsILJRcblYV4tkpLMUEMoN2rM4iRVHGmIr5FJZoXNzMKfd+X5/taLBXV+4n71b1xMOkioYbpq7c1
++3jKuRd5RxHjmPFlMd6q3Lki19Q9/j7SRcJNUwP3aPZv/I7qcsRM88eNVhVWKRCzDFHiGdb6O1P
QNkt6DCjnXYmRjLB0Cs46jE3Mj3fV7FUVOHgVhY3DNe7dViFQ9tULBXlGxxTaVPOkRf/LxY3DNc7
9p4KL/wGOZIEbntD3Ig5xIzFDbSEdkYArgkD1+RL0D7P91TyPXlDXRp4aF/SxYnN986W9NLZkkol
X6Ozvi6O+ro24enSuK+bU9VbdmOfox2Djno6lpZqC3lp+1BOOzfktGPQ0Y6hnHYMObprY7TrbwMP
7dXNy6MqTiwon1NbGyqm47PtaHn+0tM5vPNvaOD7v5d0cRDAwDtf1M1dT6u09zGpzRwxTWjnnVrJ
H8YbpOHkiOqijJt2JPD+SR8yGohpf4uGL8FAK3lhtUEYOxFU/iyxkQ1V2rnmrp2Tf/BKoueWNJzY
VvYUmC8tavjzT6gj5ZuKnrvt67demNd/emNR47PRvc8nDrr69z/bHd0bSJqfndPoH72qzlxB+Vyu
rcvw6V9rK+fI7JSGf+ezKnhsKmqLhXyXRn/6y+rsGWg7R0wQ+gfVrTzwKw0nPrQnzAfFhf0aMbKs
uNlVr9uPY3EjpnKggTBP/2HfZhLH7S1ITp32XftPvgy4RcXuofKdPQWKXkn9P3Qo1Ysb5277+hu/
O6sP/OqUfvvFaBc3JKnkRd8LdXZ3qe+j96noleT5flsbKtJnVleZI31/9LdY3LBMR2lOfV/5pVBy
JBNY3EArMri4gRSIc3Gj3g8T+/FodiPiKDYpbicGiBN71Yklv+LPla/dpFrb0Z13rvzaNr6WnpiS
P7BZvVuHky5OJGYXpX/5zXn95nMLsb7vYime9+nbvlHzd91S6ewtOfm8nDbW/WyN4yh58lT0Ssq9
+JvqHXsv6eKgBb23jmnutd9V8Ym/KjeXT9WtKm0LmvRBf872VX8EE/cmecbFlXEFSomIRiEmvSwD
reSYXvexl49+LDYN2tZf82cio1RnzZ9rv7aF7/vyPF/FvDT44N6kixOJPz1R1DP/Yir2xQ1JKnnx
vdfQ43er6EqexyfUYSrnyPgNDX7/i0kXB61ypKFXf0vFsWvkCGAbgwdYBhfNQiatQiB1iIMqqJRY
BKzmyh9zTTq5mFSWRvzlS7WLpaL6PnJIeddNukih+9VvzOvXvx3/wsaKuK7gkKS866rvQ/dp5ttH
lcsV5EhN7TVAF7ee7/vy5GvRK6rv2f9eecW4YoXQ5eWp72t/X9N/+d/JcQrKqbkcsVKYiZ3yqsqs
JDr/VMTSnWt44z2cLJyt/brfJq1WcVIR1rYxLDbsshKxVOIdNbI4gipa+5Jrv+c64xb58lXySnK2
D6by1pRf+OJsoosbklSMeT7cu3VY/kiPPN9r+rGYnJjXK+fI0a+pd5RbU9Kgd/Q9+aePtJQj1kn5
4QFmiDPRspDUdh4jY6gE2BkqBqEC10umTqq9KwscLShfdl8qavAD9yZdnND98h/N6Y/fKiZdDBVL
8SfK4AcParG42PRl+HRzq1XmyNDzv8boJS0caeg7/7ylHDFJw3C087AQN+IkJGHuXBjFroa2qHKM
hh322uIwNEiIYXFhLypyvTW7f/rh9+V+gJ9x/YS7l6ielBalpU+mPXU8vEeFlD015ff+fFH//uXF
pIshKf4rOCSps7dbnY/sVen7l5YuwW+QH6bHalLKOfKnv6KCP590cRCizuKUOr/9Kyp94h8FyhFT
OVo+7wLVJBIbWQpIv8pXqCnFlRTugwbsPB+1JZWxYdNB2VTWFhh8eHdudFwv0Ss4bOyGyp9Md+Y1
cHBX0sUJ1YVRX//4K+Y8wjPOTUYr9d+3U4udOas/oU5SOUeun9Pgqa8lXRxEYOC9r2nx+hlyBEBb
6D0ghTUfsHFWgepoSyNY3EEbtcmoDXz5KnoldT24V7lcuu7w+cdfmdOsGRdvSEpugSOXy6nrgV1a
fOV95XKOtZ9QJ2UlR7pf+k3lHIt7R9SUk6/ul/6NFj73K2blCOGGIILESeghTXCuZkifEYZ2mzaR
eDRPBg4xmlhJbcWl9sBaE/YpJOjrGdAMrWxMnK4ZesRWPpleKC2qb++WpIsTqrcuefr60eT33ahU
SvCT4b69W7RQsnufgSSUc2R+Rn0XX0y6OIhQ34UXtTA/Q47ALtx6ApMQGtliwGQRsE0raWPks03D
vR8vPCtPheh+ZI/ybj7p4oTq175l3j4JSV3BIUl5N6/uh/eo9P3LyjkGfUKdtAbVUM6R7/4r5R0e
C5tm+Zyn7uf+lUof/0ft50iQXw16UjDx5JF19drX1PaqWS5TC4zERRkahF26hNmexEZ2JNHWlsaX
sVdwmDadXPlker60qP79O5IuTqguj/v61nGzrt6QJC/hpOrbv13FUml5E2BLMzxsdaqhnCNzMxo4
/c34yoTE9L/3TRWLxfZzpNGv+mu+zvKDEmxUq12say/rCox28ZAWtINYQauIm7YYu8BhmpVPpjsf
2Cm3o5B0cUL1b19YMPJpAklewSFJhc4OuYe2qlgqLj+S6I5M9zU1DtyXr1KppK4jvyFX5i2YIXwF
pyj3pX9TNUdCs3ZxA+lAWyIu7TyREKhE/KAZ9D1taac6XNPqsNaVG0mX0/OlolfS8IGdCZckfL/3
ykLSRagq6Ss4JKnv4C6NHbuqvO/KWROcBhQvfCvH2Mwn6ss8TyqWihp5jyenZEn/0T/W6DO/oLzW
54ik8G4tSWXCWajVe0ib/R0j29u0a0stY+oArxZTy5UCkVStafFF/CSjUTdteruYXr4EtFIlxl3B
YWK7+v7S1Rv+ULcKXZ1JFydU3z1V0qQ5T4ZdJekrOCSps6dL/obupfavuMzFxDhtWxtj93KOXHxD
hZJ5+7kgOp3erPzzr63LkVClMuEsxPwe7aiWx3HkNp+gZlfY7Uj82C3udqHfaUs7VeJW/cTNEJUf
JidZzJXbU7ru35tgKaLx4plkbyXY1OdoU7+jDT2Oejoc9XRIvR1LX2/uNyM4u+7foYUjp1Vw83Ic
J/F4NJEvX16ppO5X/h8qJ2scqfvV39bC7sekfE5OFOvmEcQU44gWxFlpNducDsZaSQ3gCRnjRNIk
ccQWsWQ+k07uxEvTKpuvneoz8ikqayX5VBXf9+X7kud76t0+klApovPulXgukxjsln7ogKsP3u3q
0La8tg+as4DRSN+Ojbrpn1raSFF+eZEDS1ZypOSV1HvjXTr0DOq7eVQ3vNKqHDGdqU/rQiMsMVuL
pAMA1BHWacKKBY6kFUtFOXuGVejoSLoooTt1vRTp6x/altP/9OkufWS/vY/VdQsFOXuHVbwwoQ63
kP7xWQsHWCwV5bz+H1Xg0bCZ5Kok5/XfV/HJn1aHW7EJs8HJYnDRzGRUhbHIYSWjYghA6tDHWC+s
JjRuk9FaKld04iyzJ19Fr6SeA9tjfNf4XBqLrjY/dsDV7/5cd/WNBy3Tfc9WzZ0blS9XzvLA2pbc
CaSNg1nJkd7jXwqvPLBOz8n/opnHflJu3lXOoslnqvK4HdZVhHUFth9VjjYEDh/iDBJxkGFhNL1x
m4zWE/eQeWnjRE/FnNQ7MhTzu0fv2qQf2Uae927O6d/+dDoWNySpZ+OQFrySPM9fuiUj6QKFpc17
oss5MnFLvdNXQisW7NMzeVELczPlHLGBHaWMARWBRogRxIE4g0QcoG2uLBmIVortNk5/aePE3NZ+
5XJWrQUFMj4TXS3+m5/qVneh8c/ZwnVduTuHVbwypYKTxOfTEUd8qy+/kiNnvqtcShaz0BrX8VU4
8Q2VHv688k6Kkh/IEvuGhLCd1THHwKc1/qo/gLBZuwdHHIscK09P6dy7KeJ3Ssb4XDQ1+BcfdnVw
a/oWhDr2bNTCpXG5FbepxCOEdoro2lBfnkpeUV2nv9V0kUKXW97nxfMUSp05OanVhU3fb68c+Tpd
c6nZJx85Ur7GHjieJ/nhXcbVefqbWnjwx1bdygXAEkw2EDfrY479gJrH4gaiZ9UCR9y54Hm+iqWS
+jcOxvzO8ZhdjOZ1/+tn0rcZqyR1bRrQrOfJ8/zyXDp6Zp8BVnJkYPRMcoUY3CT9vf9bevzjS9+/
8R3p135Bunmpvdf9mX8k/Y1/0vzvlYrS1Jh0+az09hHpT78onX5bWpgN9vudPdI3p6v/260r0l9s
cj+gn/x70t/637TufjHPk/7pT0nf/v3mXq+OrtEzCeRI63ioA7CMRECEqoZXKmKOxY3mceZFbaFt
MmrD4/yk+gccxREs7bPgq+j46u7rjeAdkrdYDL+DGeiSHtllwcymBd19vbrueOqUJynXxqMwm633
Oj/v1/h6rcBFDX5MKzlSmp1Sd2kmmfN8d5/0O29Lw1vu/N0zn5P2HJR+7gFpYS7+MuVdaXDj0n8H
n5B+4u9Io9elf/sPpWf/neRF++SiVXbeK/31/2X94oYkvfAl6Tt/GOrbdZdmdGNmQn5HpyQZ/7hY
Kz57YxyIeiyND0uLnV3t7NXV7C+s7ZQJlmREWu+OBSdfRMZvEF4hxJ7V9xE4ijY/PN9XYc9G4wfp
rVqIYJ51cGs6FzekpclaYc9IGxsotrKjZwiLGxHyfF/u8f+S3Gay/+2vSxs2r//7nfdIT38u/vLU
smGz9Pd+S/rVZ5eu0IhDLi/9k9+XOrvX/9vta9Kv/2Loiy2OI7nHn5Vn4d5OgFXa3CAaCCzOxQ2Y
IY6GIziyqdHiRkis2WQ02IJuK7Os6q/k+568UlFdu0ZaeE07eBE0/c4NVq+ZNdS9c0SL58fk5/Ny
Wl4fDLHig75UBHtwrORI9/kXA/9OqHoGpI/+ePWrEyTpL/2S9PwftbBnRUQcR3ryk9Iv/Kr0v/83
0b/fF/4H6Z6H1v+950n/4m8u3e4Sge4LL2rx8Z9qM0ewih2naSTB+tiIa3Xc+opKVlzVV+/uBZow
fWjTlGncn/vrvoiGtaNPR9FeweH7UrFUUueG/ojeIXlRPPVic386r3ZZ0Tncr2KpuHwVR6v/NSnE
lwpTOUfGzyVTgA/+mNRX5/HNhz6wdJuIaT71s9G/x90PSj/zD9cv/vi+9K0vSke+Etlbd46fU7FU
smXtPFkRdRkwWDunDmKjRRmsKFvjzMrFjbArO+3/ITXWNa9ft+n9GMPA2gWOqHm+p5LnqaOnK+mi
RCYfQesPdKV7gaOjp0slz5MX4pMnbFXOkcUaG2JG7ZNfqP/v+bz01KeieW/fr/1fI9190S68dHRJ
/+DfVb81Zfym9Gt/S1GeXToWp8kRAEDzrBtCMmFvHnWWCoY3Y3RPUbGuk7rD9315viev4KjQkc4n
gkjRXMHRn971IElSoaNDXiEnz/Pk5/zg+7MErWvDO4wVvu/L8zx5k7dVUAIT2ZFt0gMfbPxzX/hl
6U9+R2E+ClWS9Jf2SNcvVP+3Qqf04Iekf/Db0uZd1X/m7/6m9D//RLhlKpft70j3Prr+7z1P+mc/
Lc1ORfO+ywry5E3ektfZ1VyO2CKuvYURjTDDkTbFipbjqkoQZTquqmw+6Zf/Z7awT3UWHHLrUn1w
dVg4HrK0qVJ2BUd4l0p5vq/cxvTeniJFk2ZdroXJ26Tcxr5oNlG0rBPxfF+5y68n01//wGel7gBP
N9p9YPUTVuKwOC+99i3px3cvPamkmid/eOlpK2Hbc0j6+X9e/d/+/OvSK98I/z3XcqTc5TfSudFo
rVjnqtx0CrtNiYMqUnBJfJBzoEHFNVuVS9zTVCnEQcZFNHcwqvuMo09v/F9OjqNI/qu1Q0bLZfUD
/Bfe6/qep/xwOh8PG6UobnsxjTvSJ8lfvRFMo/8qNduJNPM+cf4nX+6NdwPVWaicnPS5nw/+8z/+
S9GVpZH/9a9Jk6Pr/76nXzr4VLjvlS9Iv/H80q05a92+Jv2PfyHc96vDvfHu/8/em8fNcZz3nb+q
ru453vfFfZIgQID3BZIiRZEUKepaSRRlW5LtWJIP+ZC8zmbz8cZy7DiWYyuJ4/WxcbLrzdpeb3TY
chQ5tiWKpk7roHiLJHgAIEASB0GAuM8XwIt3prtq/6junp6Znnnn6J6u7n6+0hDzztFd9Rw1XU8/
9RRyXYSjl82PcwFAF7CTY9yxeFy9Lni8iQzQCZLmhWgKdIlDpfsY5Pp0mP4bKtaJoIL/RB5p9CcN
l0taL2m6HT0y9J8hGzPy2JLAY6C5d+cj3SYN+pjsdNQ0o+nRIOmn3zvLip3BkQZpLHsxDWfZjF9j
YASDTt0HJoNUStffOLFn8idfuQ64LGZ3kLlzwKmj3a//8C+m36ZenD0ZX9CTMV0ENEn+xZ8Ai5Z1
v+55wL+8F3AbyZ6vD86JPaP7SNYMO4YZccFEDM1COklNr5P6kUzqPGkbb8JXtcxA5xv/srRcpC2P
LK5Tk5meEGUjqd+pUR8jNzr7R3eAI9HjqwQF1ZvE71UoBU96sKdjivQRfRFW8SMcYqoKT3r+Tioo
5Q9W6CPnYwIKafOm9wBOpfv1bY/FLwmZWaqXbmTF1h7b6F7zRqBST+Yc19zWO5DzxT8GXt6SzHkG
RMwdb/eRPNGryXGv57B7paCfDgcZi1PV66SMJonz5NDAJ93kTG2JGIk0dNLvmGQD+cMEnRVsbJl0
c3lsqstIKSlxD0QCHeMeo/+jM2Nw3OCMlAqWY09GCwXCjsmOLxqi4kDKiG0GJGB3eXpIqWC5c2PJ
cmgYBz7ya/HvffbfAw9+Ov69n/2t9Nq0EHFLVABgZhlw81vHPz7jwO98If69A7uA//rb459jSIR7
zpzsjVGy+eNsPu49Ij3GXX3RU4cMUAs8Ul8GMolBOonz5JRJ/hYudE7CTCZpB0Q+meQ4UsCxJevm
preLSsYEy+FGQSp/i8MyrLdImEphLSoCZy0bQQkiOjGE/ZfeZE+84iJg7cb497Y9BlTreqlKZwHS
u34k/bb1gvewEc6B1RvGP/6//PPeMvnkB4H58+OfY1ikZ4aPLDCEj/M7QRBkQaNTOMnR5WIsxuh5
Uo0gO8gfRhhoH8imRqJ9z4txRqK+CpisdoIujHLWIKVaKgXOS1AxM2HsEixR4Zy36icqxG+DWWAx
tPlI0tuvLsS9P6sDA528+KSuMXG2CTz7PeCO97a/b1eAW96pdzeZNMvX9n7v9LHxjn3r/wTc9/Px
733+94Fdz493/BHhSrbVGDVxq9jwd2LY3zzzukIMS2l0aGZHx7lGG/jgozBuUg7RhYIhVhhtRJo2
QnaQP3plcaZ9jkHJoU0Ffp/qWL8AydxvN2L0apFExFgpBUuUIR0hWcqQwWEJ4d+ZjhA1OMP8IS2U
UrCkO9n+frTHUpO//A/+EwX843/rDnBwDnzoE9kEOO58X/zrngcc3DP6cRctB/7Vf9UFSzvZux34
fxMuYjoElnS7fcQwGJDrjV4IEyADGgVj7uonSUl+93MLZXAQvTB9MCKbGgnRptdRlWy4cQzTPKUA
qXR9AS7KufxgHMpQg4MLC1IqBGU4ugzMcH8YlzYfwQSXqCxfC9hOfIOe/Ebr72e/B0jZnelx/Z2A
JQDPTbedUTZer88bx/x54NDeEQ/MgH/6B8Cqdd1vXTgP/O5HJ798KAKHp3ejUuYHEUxvHxGg+v5J
mM0kbpKOjXENKg7GiHbsu5+JtIIYppbSpEjzXCW3myy6X/g1GKPHbBQEZXAMTRmWqAgh9DKNnBT6
SQsFBTFJAfzsb8e/vmcb0Jxv/X3sdeCV57o/V5sGbn9v9+upwIAN1wB/+GD8ji8AcPTA6EtUbnkH
8J6fiX/vwC7gpWdGO25CCChzdlDpU8TLlCYSMbTpSnXrj8gVnTXziPJgjL6NaQgxkC6KEtwoKVmL
tHsGn3WLTMHiRq4bD/iNL1/AZx5rZt2MLu79k3OJHGfDMoY//vEa7thoXkoIY0zvolJ2LpyLXR2R
Gvf+bPzrX/lzILocQnrAI/cDV97c/jnOdb2KR+4fvy0f/jXg/Jnu1xkDphYDl98IXHs7YPWwX6WA
+/9stHPXZoBP/XedjRLHpdcC7/054B/+v9GOnwCMwYxdVAxoAjECiaSWEqZBQY7yYYyejWkIEdKv
QAsFN4gxmegN2LyglIJyJZRS5gY5Cq63V08oTFfMlH1gF8bcoc4ApRRUZQpKxZeASJyN1/fOhHjo
77tfe+R+4Gc+2R1geMPbdQDi3Onx2vOj/+t43z97CvjyiAGOT34OWLSs9/uWBfzS7wOPPwgcPzja
OcZEKYChj48ENjPU+sFxW0UMxLC6GUsvpFQj6DeGj6KiBb5DWicIAkD/wYAGilxhmroKv0Rl1LmX
UgquO8G1+kQXV6wy0zxd1y11cCNAKQV3UtWPPv7v418/vE8vSenkpS3xyz/qM8Dd70+2baPwr98P
NOaG/97MssG2vF20DPjVEQMoCeCCQSX5c5eSu5kZQi0LNIYaQdJOQMENIgKNscRI0EBBjIlgQ++R
lx9G255GgTH98JoubNtOvmEJUPQVEuuXMVQNLYHiNd3QRvQj6xZNmoiPwIKNlAOBTk1nXsRxf8fy
lBAFvPAwcM+Pdr/1no8CX/scMvsF/c+/DDz30Gjf7ZXF0gljeveWO+4DHvuH0c41Bh4sMKToIwkc
L8vty4wiLTcYWLAF/zErObHaZW3/EAWj8/4P6blg0JBNRMj8WqqHPZp5izwhxhW22zSvxkVZuGKl
ebU3Atxm09ylSxPGxQT0tPkuXSC0E88DHn2g9/e+9d/0biqdXH8HsOKi5No3CEoB83PA73wI+Nv/
M9njnj4WXy2TMeA3P6drdkwYF5Yf1OhT4XPUB0vmOCyNtuXxkZA8Rz8mUWS6fikpuFF46PKowNCQ
TXSQqbv3scdCBzjGgXMOGTc5MoSi/4Bcudpc03SbLgU44PsIm4CefvSfxxv87Ang2AFdUyPusf0J
HVToxKkCt9+bfruVAhrzegnN3/8X4MfWA9/+78me4/nvAz9+KXDicPz7i5YB//yPMemfIFc4YGDJ
zG0TvqAq5dR6GD0koZtSCdcwko5XDXvuhV/q+zqREQnaDK3gzQlpjwdEKUjMLBK2R1HWgajnj64K
iuMByuB1IEXX29UGBzgglb5J6dtJ2WjzEUsAXoonW7QcuP7O+PeWrAS+cnS04/7ILwFf/Qzgjbi8
5hufBy702DFIesDp48CBV/R2rXu2IX4ZzZgcex34dz+t2/EHHwd+/yvxn7vv5/VOMy8+mXwbesEs
gAEMPHkfSeh4JXTdyXa6lAI2BJNlr2KfEiaQQjCZMBxSEpEQiZhSgvZoaJWDdBlEfpwxuBfmU28L
Ec+Vq81douI1aIkK4PsIrwDebHonuf1eYPHy5I972WZgzaU6CDEKf/4bwJHXEnwUqVIAACAASURB
VG3SULhN4H//BeDIPv33Yw/ojJVr39T9WcaAP/wq8MGLgcaFiTTPsypgylwfKeU1XSk7TRBEFtBw
QxDlwUR/F4Vf6xDDgrvgMQbOLTRmz0+oRcPDC662Kw3dQQUA5s+eB+eWnjgGj7Lh+8j81ErgVMxu
JUnxno+mc1xh691UvvBH6Rw/bf7mPwFPfq39tV+7D/jyIcCKiVsvWgb8xmeAT31oIs2bry4Dt3QW
R2l9xASiP3KkgmIwyJUk6ZroRy8bKpzd9HOWXp01cao2IrkaK4xpCDEADCN4yoTt0dxZ5AToJUfO
OThnmDt2eqLtGQaDV8+MzfIphrqTdSt6M3fsNDhn4Ly87hP6yOIN6Z1k9QbgutvTO/6HfjU+GGA6
L/4A+NN/1f36mePAH/1S7++99ceAG9+SXrsizC3eAM7K7SMEkQo5mgcw5Kq55aE0SunV0X4CKJBw
CtQVwhxYx79Df3FC0NVnDxgY5o+aG+AocgbHuiVmd65x9LQuoFhYBqvuwwA0VlydXjNufy9QnUrv
+EtXAWs3pXf8NJAS+OW39a7p8bXPAnu3x79nWcC//izA01/+1VhxdcF9hCAyIkc3NzrrwKnEK6DS
Y6SHMqANE3vEMcp3ckiuupK1ndBj0Ifq8e+CjwmPO0I/IQIY00EmzhmaR09DKWVkvYUiZ3CsX252
3K1x+DSmq9Nh9v1gPpSWDaVpCPHHjvpIY/V1uuhoGt1778/FH9jzgEN7MXDhTksAazd2v84Y8L5f
AP7018dq5kQ5ebh3cVNAF0397Z8APv0cEJc9sWYD8PHfBf4sJgMkKRTQWH0Dpjkb0keIBSEx5p9Y
Hebx92HUs5MRjwSJrXyQzolJM6DNqY5/TSSH+dnpwxiDxTlY00Njfh6VajXrJpWKTQYHOM6fOwfm
eto+DAx8JUf/YSv0kellaICjgoR3CVm7Cbjy5vj3dr8A/EKP9+JwasA3zsZP+H/iV/IV4BiEPVt1
jY6f+JXu9xgDPvQJ4Ft/Dex6PpXTn1cW2NSSEvjIhDH5SoIYjBIFN+IxsU05gMRWPkjnxCQZwd5M
N1EBgyvdZ4ZisJgFiwnMnT1PAY4Js2mFuQGOudlzEEzAYhagGNL1nySHj4SHIgVYjMNiHHNiCpWk
d1K554O962M89PfDHasxp7dIjavnYQng4stH303FVD79KV1zY/X67vcsoZeq/NM7tWwSZs6ehuCT
8pESYvpVBdGfkfQ3SaWPf66RCtCNfKaAuDMWaOwhvzeLhUwvCUjnBWEBRS40TBk4/OfBNLkBy3mM
e+jCWByCC5w7cmIsARPDs9HkAMeJM7AsAcZ4yhtDmD186I0xOAS3cXbq4mQPbgngA/8s/j23CXzp
/xn+mH/xW73f+7nfGf54pnP+DPCHv6hrdsRxxU3AR34tlVPP1dfC4tYEfKRADPMbRZjFsNcYI51g
UiQT3JgsoxSSNBzy+/JCOi8gho5FQ44zeSsabe5MMkMYGDhjEJaFM3sPZ92c0mFyBsfs3sMQlgXO
2BBFFEeJtCVNssMSAwMHh7AszK69NdFjY/UGYO2l8e8d3gecHmFb2ue/33uyf/f7hz9eHnjy68AT
X+39/k/+OrDx+sRPO3vRrSP4yOQw7rrRuAYRA5OI7kyKaI3vr5NrdWdbzRtrRqZAXSkkaeqHdF9Q
eig2S30Pee68xd14GJKhR9uDcQbL4pjbfQiy18SISJwpR28TayJSSpzfdRDC3yJ1+GBFGilHw5Cg
gygW1uE4v+ntyRa9fd/Her/3nb/BSENsswG88Ej8e9U6cMNdwx8zD/z+x4DzPZYPVWrAv/l8oruq
SAWc3/ROHeAwbIvYzH+cTZi/EsMTqzeF5CrC9zxJQscelvF/H5T/SPdCDZF/49qecwy4DqZHj0fa
ZN0/eqT0YN2PrBsV16aCPEpfZJSh+zKAMT15E9yCJRnOnDyNJcuXZtG80nHFKrMmRVHOnDwFS/rF
NcGGLKBYrJlMm4/UF+EMq2EJEqrnsHh57zobf/0HIx5UAX/5u8Dp/zn+7WveCLzwcPtr+3b0bsd8
8rUrQjy393lnTw53rBOHgP/8y8Cbf6j3Zy6/EXjpmeGO24MzrAarNj2ij6RL3FhfrgYQI5FbvZnj
e+mRS8WUgty6zbCUopNEZhhoXwY2KRZh0PVnJii0XwYEiuOcQwgLti1w5uBRCnBMCJOXp5x67TAc
24YtBDhnQ9YXyIGjDTNqMcDiHLYQcITAmZn1WDK7M5l2/OEvJnOcTp78un4Myne+qB+Txm0An/xg
csf76qf1YwKcWnK59hFrFB9Jj8C0U2lOZ5JWvxMZIo/S0GtM6/zhX+jLsZ/tdfBRlFwMw0jVz5Ik
L1foOSU3djAIZCvEOBTEfqK5hnnxa8rg8P+NDsgKOsNFWHrydvbVw8D1V2bTwB5ctpLjjo3jpZaf
nFPYcSjZ5TdXr+FYWhvd/O+63FyTPP3Sa6gLAcuyjJm4ZQljgGVZsIWNsxfdCuxMKMBB5JbT69+C
umWej5TmbiKxMIlcqZE1xTF5P4uebQhl0oCQKoURbyE6QWRGwewnb90xdzY5YToH5CC92rYETu85
DNd1IYQ54vrFuxz84l3OWMf4xx0ufuozyabaf/LeCt5xlTlySopms4nmgZNwFi81tnjiWIwwcgXF
eG3LwpnL3gH3xc9DmJuAQ6RMUzE0N94NRwjjfCS1H+a47A3CDOL0kZiOek3hzLH5LJi8C4wob/LV
8kE6J+IguygsxZuJjkFXkIMx2MKGA44Trx/GqvUJb4dJ5Iaj+16HI3TqvUl1BQZm0EF8yNxSxpiW
S30xTlRXYVXjyCitIwrA0coaI31k4OuXcS506CIpeZKQaap6McfGs2IiZp/WSchnywfpnOgF2UZP
8iqagtxvTb76OGPwt4rlEELg8LMvT7ZLhFEc37YHjm1DWAKccaMmcAsybHBjwO8wxsCZ3irWFgKH
L33nKK0jCsLxDW8zzkcWNONxN5zodZK8XhFkxUgbgKS188i4BkEMRJZqIPWmipHiNbJRhBGQbfRE
dfzb+dxkhFJ5aerkCC7LOQCLWagIB7OvHMLc+fOo1etZNo3IgLnz53H+5YNYuWipP2lTyJ3fjNLc
AScZjHE4wsaZq+7D3I4voMZpW+WyMac4zl99H1YK2zgfGXiunMmJ88pCwasxOz8p2fU8T6GVlyip
SorUkGsSVR/ZAgGQHWRAXu/hUAZHvywOABZnqAgBR1g4/Mqrk+wUYQiHX34VjhCwhQi3vyQ0DHrb
XEfYcGwbhxddnnWTiAw4PHN5uDwlVz5CN+tHJGGhjXTXnrI3smYsSZEaCg2pjyCILBGMmTAMjXsx
nM7FNGMMTCnYwkbVqeDE87tx6eZrUjkXYS5Hn34J004FFduGxS1wbnBcsJc7pzTfZIyBKwXH95Hj
V7wPl275j+mcjDATBRy95seM8ZFOF2BxL7a9SQxPAjPQ6Nd7Kqmfgkh5kyIR94l1TKKIKKSwQRHZ
S/EZ5CeF7CAV+ok+ryI3ZKZmQpAlHoszWJaFql2Bd+QMZk+dzrpJxAQ5dfwkcGoOVbsCzs3a+jKW
DNrHoz6y/lbMojL5RhCZcYrVgItuQNUxw0diT2+63+aOBATadohe1wDmXhuUiUTch3ywNIylarKT
8kK6z4wiit6QAIe5tFLwBapOBfu37Mi6ScQEOfjcS6jYDhzTl6dkmNbb5iN2BfsvunvyjSAy4+BF
b0ZFOHAMWJ4S6wKU7p4CAwp04CUIho6rxPDQkpPSM5SqyU7KC+meSBGh6MKiP8FOEUKgYjs49szL
OH/b9ahPTWXdMiJlzp87hxPPvIwVM0thCxuMcYAxM8ZgIxrhwxiY7yOO7eD4jR/B+f3fQZ17WbeM
SJnzysKJzR/BCqeSrY+o2KfEUIwouYW+NnDKOV2LmM7AdYOHXW1EFA81ZDmdALKT/DLKTwjp3iiK
dP1EGRwDwBgguIWq46AqHLz2LGVxlIG9T21DVTio2g4455mn3ofEjUAZR8AZA6zAR6pT2Lfqlmwa
QkyUvavvQLU2la2PLBTcoLtDAzDh4MYYpyQyYpzgRvA66bwcjBrciPubyAfjBjdGPQZBxKEAQQa1
MEwxvV2s5aBqV3HsiZ249JbrUalSrYGi0phv4NjjO7Biegkcy4bFLDBlSoQDxk0coj5Sc6o4duPP
Yf6bT6FCW8YWlobiOHbTR7HCrujlKYxD16zOwADHnXwR4zGqXEkfydP5M5WgjNkwE9de9IxCEhOn
3yVNEipJbFwY5tqLbClkELElLa6xjsdIfUVmwvZIGRwDwBgD5wxCCNScCirMwr7nKIujyLz67Iuo
2RXUKhUIIcA5A8sqhSMH6xSjPlJ1KqhML8W+ZTdm3SwiRV5deiNq1WnUnGr6PjJwLQciMRaSOcnf
fBYKhA/wYP4jOFbyHk4GlBn9sm36fWfi4wJFsEdilAy7YfSbuM5Jf5OEYcKrgoaxx3HtUFGAY2CC
Qoo1x0G9UsXhR7ai2Wxm3SwiBZrNJg49vBX1ShUV28m2cGKOxvvAR6q29pFDb/g4mtKgrBciMZqS
4dDNH/N9xE7XR3LkA4WCXLeAdEQuBrhKDP4X/TuRq0+KjuWTzMYFsqWJkPm4n/T4Qo+Fxvf0xvYx
HgP+PvV7CP2EWAjGAM4YhGWh5jioXuB45dEtuOae27JuGpEwLz+yBRXGUXMqEJYFzphfWyBFXymA
G0Z9pOo4qMwswctr3oxrjzycddOIhHl5zZ2ozCzRGU7j+kgBbL+wZH6xS/RlZN/xvzikfslVc0ga
SqNxwUyS0jXptxSoHs/HPlhSjGmHlMExBOHkzXZQq1Rx7LHtOHPyVNbNIhLkxNFjOPb4dkxVaqjY
djh5S5UCXTVGfaTuVHHsll/AGeVk3SwiQU6ghmNv+AXtI2JMHymQ7ROEEfT1KbXQB0Y7LEEQBJFL
ijq2U4BjCJi/ZawtbNQrVdQrVbz0tUehBt47jTAZpRR23P99TFVqqPrbXnLG0629UTDTifpIrVJF
zali59U/Nfj2goTRKAXsuOHjqCfhI2QTRGnpk1qrhngsdIyu90ZvGWEQw2Rqj3IswjxG1fU4tkEU
moHNIIlxZpBjJQwFOIaktUylgnqlhvnXjmHfjleybhaRAPt2vAJ5bBY1p9q2PCU1CvoDE/WRqWoN
85fdg33VdVk3i0iAfdV1kOvegHplTB8pqO0TxML0Mf6M/YLcMgeQksoH6ZzIihzbHgU4hoQxXUjR
FjamqlVMV2t49auP48LchaybRozBhbkL2Pvg45iu1jBVrcIRfuHENHeFKChRH6lXqpiq1rD3tn+B
C5KGmzxzQXLsve1XMFWtoV6pwh7VR1K0fVo6TOQGA++okv8YikE2MihkSyNi4LhAFBA1YB3PHCNK
PwyNoECmOCxmoWJVUHfquNBoYvvXH8Eb3v+O5NtHTIRtX/0+KspCvVJH1a5CcAGOEXeGyPmg0JtB
O6bAAQjOUBU2pipVzC9Zhe2b3o837P27NBtIpMi2TR9EZfEqTDl11EQVNhPgKsMdhnw6rbKQv2iF
HVPyzkKKiXuf9X87QxQK6j9FwTB76QfZ0hjkSM9EPlH+f4rso+W+pTriINK6Qy30HepKDed27Mfe
7S8l2z5iIuzd/hLOvfQ6piv6zrSwLHDO0q29kTsGD24A3Vkc09Uazl7zPuyt0FKVPLK3sg7nrr4v
4iOCfGRS0MWuoYypGNIrMQxkL+WA9ExMghLYWTm2iU2hiwyAsCw4QmC6WkPTbWL3lx/G0jUrsXjZ
0uRPSKTC6RMnsfvLD2NJdRpT1RocISAsy49qqsh/+0Q6S+BCmuE6ysB8H7ExVa2j4brYfeevY+m3
P4HFrJFSG4mkOa0c7L7jN7CkUov4CG/zkawolOsVqjMlQHU9GfaLmTDK2ck0h6SkAuu8RiqlGErZ
aSIVJmhLRTTb4mdwpKQ1vVsEgy0Eqo6j16XbFbzwxW+h2Wymc1IiUZrNJl744rdQt3UxzKrjwBYC
nA1xZzo3o8IwZdeTWYzX5iO27yPTS/DCzb+MpkygS0TqNCXwwk2/jPrUIu0j9gg+khK5cb1BKFRn
8syAY6EafVzMG8XvYcKUWGCq49/SUdqOE4lDwY2xKXaAI2WtdaXhV2rA6Tls++aj6Z6YSIRt33gE
OD0Xpt33KpqY/8yN7Bra5iOOXqqCi67DtnXvyqxNxOBsu+Q9wNrrMF2toe6MUVg0AQpU+6qdQnUm
zwyoiBzrK1+5JjmEBFbeIEfpOkykBgU3EkFk3YChMUwbDAy2JSBtBzO1KUgpcfLZ3dizfg02Xn9V
1s0jerBn606cfm4PlkzNYLo2hYrtwLZEfMFEvxBPcqZnmBGnDoOwBCq2g6nqFFwpceqGn8Ce4zuw
cX5f1o0jerCnsh6nrvtxLKnVMVXVPiIsAYBlasG5857cNTivFD9AkQQl7/5gkJDKDemfGAXD7Maw
5kyc/GVwGFbTLi4Nf7paw94vP4zX99DkzUQO7n0Ne778MKaqNePS7otI4CMi4iNT1Rp23/2beN1a
kXXziBgO8mXYfddvtnzEcSDIRwijGdAuyXyJhSAbIQgi55R9GBPIw8Wq4fsAMsZgMcBxHNSh4CkF
V0ps/+tvwPnYD2PF6lVZN5HwOXH0GLZ+/uuYqdQxXZ9CvVqD4ziwLAusV7xvIHsbJlZqmAFPgC4f
kQquktj6lk/B+c6vYgXmsm4i4XMCNbzwln+HmdoUpmtTqFdqcGzfR1j+YuITo9cQUD53T4lBxtge
wjb8GmKSlLjr8ZDfJkZUlLkQH+meGIWc2E3Zt2qmq9WE4IzD4hYc20G9UsVMfQpTThXPf+6rOHX8
RNbNI6B3THn2M/+AKaeKRfUpTAUTN26BM17ukWACdPrIotoUpqZm8Nydn8Ip5WTdPAJ6x5Qtd3wK
U1MzWj+dPkL0hsaPlCEBE4TJkIcSBGEKZl2xJrN5Q2ZwputxVGwH09UaZmpTqCqOLZ/7B8yePpN1
80rN2TOzePqzX0FFcSyq1TFVqaIibNjc0k6gOivjp7vDSClRAAeDzQWqwsFUpYZFtSlUlq7BM7d9
ErMyfyWBisRZKfD0bZ9EZekaHdwIlm9ZemlK6aFhYEiS2LlpAQHT8ExEoZ9uAiDdE+2k/DNkIjlp
ZqqYE+BQHc9zZkxAq9aAI2xUnQpmanXM1KbgNIFn/upBCnJkxOzpM3j6Lx+A0wRmanVMVeqoORU4
wm7VFAhtrcAjXpb4ImJgOshh2ajZFUxXpjBTrcNZuQFP3/IJCnJkxKwUeOqWT8BZsQEz1TqmqtpH
7KiPlBly8SFJQmB9xtmFhl0ansvHoHom2yg2w9gBUXyG1XMBLvdz0MSJkE2Ao5/BxGlGdf6RxiQ0
mdAeY4DFGRwhUHMqmK7VMFOtwTo7jyf//G9x4sixBdpBJMnxI8fwxJ/9LfhsQ9fdqNa7t4QNTUON
MTLQkBLSy/WCIEdk69iaU8F0tY7pWh3Wmmvw+B3/FsdVLZNml5XjqobHb/+3sNZcg+ma1kXWW8Jm
Sg4vaNIhy1tcqsehBxijF7yGIHJFkiZHtpEqExFlknZAus8Hk/opGmccyZjSX67EIHRafsYM0oRE
mjmZvjIwCGbpTXgjVndm7hye+vO/ww0/fS/WbrhkIm0pMwdffQ3P/+VXURcOFtXqmK7VMOVU4QgB
wbheLxpn/xTkSJYYsTAGCM4BWwCo6g8pBSxbi6fu/g/Y/OinsFaemnRLS8dBvgTP3/HbqM8swUy1
junKgD5SJkre/eFJWWCj2mOJ9FiirmrG7XDpBJYemYpylJOT7otLmro11G4MbVYmmJHBMdaXkwrl
jXPc7keYyWEL1P1MjkW1OurCwdbPPYg923YO23FiCPZs24mtn30QdcvBotoUpqt1TDk1OHZJ70pP
kgHdLsjkcGwbdaeK6ape0lWfWYIX3vp72FNZN6EGl5M9zjq8cM/v6eBG4CNVs30kkzuEpWUSt8xG
OD3Rl8KJaIImR+QAsoPykfFPUR4oYZcXRKQqksyl3e8CvbNxnZ+Na/xwF/ycWQBnqDgVAAyMcXBu
gc+dw66/ewhzJ2dx7V23DnVMYmG2P/wUXv/2FtQrdV0ssVZD3ami4jiwOB95N4hA+5mbdZb06/wI
LsOZBTCGSqUCMAbGtY8wbuGVu/8N5n7wX3Dt6WfHaTERw/bFN+HArf9LazebapyPmGHpY7VikC8P
egLz4j0JkYSeY4Qz7GFLr4fRMMNLYximYaT7wrCgisYx2H7fJdswj1F1PY6NlMgOyB1iiAglvYp+
mf/qDhPc6PV91fH38HDGAQ5UHAeMMTD/OAzAoe8+i5N7Xset/+TdeoJHjMX8/Dye+uLXMb/3iJ64
1acw5dfcCO5KJ7HVZadllIpenR8jHtjlI4yBMf31g7f9M5zc+xBu3flXqPDSSj0x5iXDU1f+FC5s
fAvqTsUPbuiaG90+kr2lj332hbpQ+olVSsGN4OVBD196PRSQpIcP0n0xGNUuaDaXP0bRNQU3BqaX
eEsmhp6kE+DIfB6ykHoHDV4EnxvPXIIJnGPbAPN3W+EcFrdw/rVjePRP/wabP/weLF+1YqzzlJnj
R47h+b/+Gti5BqaqdczU6qhXa6hXKmGxxCSCG0QPxryYjfqIDm4wcMYxyy3MbXorHpnZgBuf/j+w
nM0l1eLScVzV8NwtnwBbuRFTlSpmqnXUK/18JOfBjUEOMojdFvpqYdxZaELCKb0eRiPzS61+GN04
ojDQuGAuo4wBo/4kldwOkpmtFguRiDiM/CFbaEHBoP1Oxlw442CcgQnmT970w+IcZ8/N4ek//Vtc
9sN347Kbrk3kfGXilWe3Ydf9D6MqHEzVdB2BqUoNVX8r2DTqCZRqucqE7q7285FzKzfhB2/7I1zx
xH/EZed30Sg+DAp4pb4Rr9z2CVR935iu1lGvVlGzKx27pZhh0SO3gi6MRsAQARjSjDxghpd2oHr+
sTCk+x4URDApJooRBpHUwES6HolSiq2PzaW3RCVzzItlhUUVhd2WxWFxjrMXOPbc/zBOvvo6rn/X
XajWqlk313guzF3A1m88jJPP7faLVNbCJSkV24FtCWOLJeaGCV9JBz4CYQO+j3DfRyzOsevOX8OJ
HV/CDa99HVUuJ9u4HHJBcrxwybtx8uofwZRTwVRFBwBN9hEjJ28EQQwAeW+ymHcdOzRkEgSRCqV3
rQUEINS4IjJSwp331w1qJAM4Z7CZCGsNcM5gWRYsi2N26158d+tuXHHfXdi4+WpwTssqOvE8D7u3
bMOurz8OBxxTNf+OdKWKmlNBxa5AWBa4X8hhbBsvKxmJLdiBiDHhZ3Hov0XgI9d9EN/d8DZc8cyf
YuPcbvCcX/+lgSeB3TNXYtfmj8GZXoppp4JpP7DR6SM6tmGGj0w0c4MYD5J56hgj4qEbYkzLc445
WXULUfbdxAsP6ddYCqWaBDszXgaHsVI1tmEA/BocAGxhgbGKn8Xh36W2LPD5eey6//vY9+hzuPq+
u7F2A22XGXBo3wFs+9J34J06h5rtoFapYKpSQ71SQ82pwBYCwrLAwIy6K507Mnahfj4iLAtz3MKu
N/8a9h3Zgau3fgZr1alsG2wQh/gSbNv8cXgrN6EmHNQqVUxVqsb7CAU3CKJFf7OeoNGTf2VIPoRP
wY2CQ/o1jkKqJOFODRbgKKQksyXYUUVYCHeOsPwlK7YlcH5eoHHqPJ77zAPYe9UluP7euzGzeFHW
zc6M2dNnsPXB7+P0ztdQsW1UK3XUKxXUKlXUnSqqtgMhdLo9h5/1Uja7HWauGrdLcudrWQc5/P8J
DjDBwMFgMd9HuMB5S6Cx9no8t+L3sHf3P+L6PV/CDHezbXSGzCobWy/9YZze9A5UhI2q7aDuGOIj
49hm0p8vImnGqUi+EyeT4AbpmRgEspPiQTrNFblV14QbLlLZq5wYGA69/p1ZetcI4Qc4KpaNuWYD
c/wCzr98EA/v+DxW3XoVrrz71lIFOs6emcVL338ah598EY6wMV2poRam2Tv+HWkbgluwGNfb8JbR
TsfNZI1bzWWIHKM+wgIf4QKOZeOC8H3kinfj4UvfilUv/h2uPPRQqQIdZz2Bl9bcjcPX/Cgc28G0
baPmGOIjo1bjpd+lwZhUteMyy3giqJhnGZF5AwjjIRspJqRXIymcWibUocGXqBROwuYQZG9w3sri
cIQNpzkPRwicn59Ho9nAyS278PBTO7H2zutxxZ03Y2p6Ouump8a5s2fx8qNbcPCRrbAtgelqDY5w
UK9UUHUqqNoVVIQd3pE2Ld0+FwQ+HSc2w/y900dEnI8IgZM3fAgPX/NBrN32BVxx5FFMFbgQ6TnJ
8fLKO3Dwug/DFjambRuO7ehsDaeCqu2gYtsQVoY+MmCNvKE2YDDMNjNlEjUISd4TI3NRZ94AwnjI
RooH6dRYCqeaCXZIdF3wjrurKjESgR444+CMw7IEbGHDEQ4c4WC+2cBcYx4XmvM4/uROHHp0G9bc
eT0uv/1GTC+aybj1yXH2zCx2PfE8Dj78AmwhUK9UUbUr+m6046Bm67vSwhKRIonmGGdmg9EoW7n2
E5s5Ig3Ry7pUuKSLWxZsIeDYNmzbxnyjgbnmPOYbAsdu+hkc9D6CtS98HpcffgLTVnEyOs56ArtW
vQmv3/CTsC2BuiW0b0QyNirCIB9ZwDaH9hkDbTNTCncFZDrjC7z7CAMaNemaGAayl+JBOi0Nqau6
4LbUncGRn6LNhYQxvVsE5wzCL6hoC4H5pgPHtlFtOHoS12zg+JM7cOjRrZjetAbrbr0WF11+KRzH
yboLQ9NoNHDg5b048PSLOLvrIGwhUKtEJmu2ozM2bDtMtedcL+kxDXKftNG7fgQ+EhTmtS2BeeHA
adqYt3UwsNFs4thNH8VB7ycx89rjWLfvH3HRhdfh8PxpqCEZDlQvwoF1McZFHwAAIABJREFUb8Ps
+jvDwIZj27nzkSj50wRBjDfKk80TE4EMjSByC7nv+HQHOEiqRsAZB+OqlZJvCVRsG/N2E5WmE96t
brhNNPYdw0t7v4PtSmLVjVfgopuuxJr164zeYlZKiUP79uPAsztx9NlXIPzaCvVqFY7Qkzb9bxWO
0NkswrJoOUqa5ML3W43s6SPNJip2K+up6TYxv/Fu7Fx/B7Y357Fyz9dx8euPYY13yugtZqUCDllL
sH/N7Ti26T2w7AqEJTBlWbB9H6kIB1WnYq6P5MKmCGIYMgpukC8Rg0K2UkxIr6VgImougS21BzhK
0OE8Eey0wvw7sbZlQVgCjhCYtytwmg6azSbm3QYaroum28TprXtx7NlX8LzNseyaS7Hyqg1YsW6t
EYVJZ0+fwbH9B3HspX04vm0P0JR6GYpd8ZfjCFSEn6lit0/a9NIdQyZtQ9CvzIUxGOX3wzWm00dE
xEca/nKmRtRHhI3TV38Ax674ITw3N4tl+76HVceex4oLh4woTDorBY5V1+Dois04vv4eoDoD2xKo
cd7yEduBI3LgI0bZFUGMQxrLUlI5DVEGyE6KB+mUwAhmQHbTk1aAg4RkLIwxWIyBKX8XCcuCEB4q
to2G20TTddFoNvRzz0XDdeF6Lma378OprXuwQ0qIRXWs3nw5lm9ah8Url2F6Jv26HWdnZ3H66Akc
370fh597Be6Z82ER1SoXEDU9EbUtoQtG2g4coZ+36gcYNmkbAnKpTtKTSOAjXLUCHXbERxqhj7ho
ejoY2LQdzF7zfpySP4QXpYQ4tR+rD3wXK07sxGL3NKa5l1p7A85KC6fFYhxbdhUOX/xWuEvWRXyE
w/Zr8dhC+L6REx8h4ydyS/LGS+5AJAYZU/EgnRIgM0gaNvvFx7VMSbK5QSkFTylIJeFJCc/z/Emb
6wc89ITOlS6angfPc+F6HqRU8KQHGXx3yQrcv38K+7wlOIIZzLJpNJkNxSxIZkExC2Acillg3IKS
HpjyACXBlAeu9N+2bGARzmENO4OPXXcWyxoncf7wyXDiZXFd6FBYli6eGrnLru9K23oiZwlYfoq9
kZO2IUnVpUY9eFScAx8jf4ODUqpl51Ef8Vw0m80w6OF6HlzfP1zphZ9XUkIqialjL6F+8hXMnNuP
qbmjqDdnYcsmLKbAIWEpBQsKHAoWBzwJSDB4YPAYgwSHpxga3MZ5exHO1Vfj7NTFOLv0cswtv9xf
ZsNDmxfcCrNQhGWFwQzbVB/Jn2nkC5JvgkxOmLFnIl0SC5EzG8lZc7ODBEUsAP1mJA8FOHKKgp7E
KShI2WMi52dyuJ6HpuvCkxKu57aCHFJCQdfDkEpCKUB1GIJSgXkoMH923DmhYn7hR844OOdgADhv
BTeCbSptIfQEzs/aCCdsfqFI/X1mTv2ABEjFrcY56NABjqR6MMo2LwmctdNHPAlPan9oeto/moGP
eL6P+L4ilYRUyg+WtJ5DdfiI3zelVGi3rLMfwc4vTGeYRJ9bnIfbHdt+YEP/6/uIELCYgT5Cvxnp
QvJNkEGFGfe54fyMLlSJkcihjeSwyZOHhEQsAP1mpIMAFAkyhzAAen7DYFkMUulCi9LisKWAlJ4O
eEipMzkid6uD1z0ZZHVIKCj/rnVrsgZ0Bzz0GdsDHZwxMD+gEUzALG75qfY8vBttWwKCi/B1Htnp
oftOdDGMMvFdVcY9mMKEt3oZ9kRBA5MhqNHBLUBJDospSGXBtmztI35gMAh0eJFAR+gjQTAwCHTI
dt9QKsZHOgIdbXYeCf4FvhBkZgSBDYtzWGwhHyEKSzGGv5RISzi9jjv4mEQXqsRIkI0UE9IrsQD0
m5EeovNuJGE4rP1poD3OAKYYuOJQXEEpHrnzbEN6XtukzfODGZ70oDqWroTBjZiMDn1ehmCexRhr
W4rCeGtJSlBLoC2gEbmDzRg67kQX0xZ7hm36XTOrHs+TwHgxD9HAThn2maMwBr9ORw8fkfE+IoNA
oPLCTJBWALB3gINFnoeBP+YHLLL2kUFtL2GK7ekRxpFv4YWTFCkJKlZ3quefdIFaQgaJd5Gf55dR
x2/SaTEZ9r7SgHagup4QSdK9TSyRC1jkXwX9H53Qoe9YBx9QiuvsDC7CiZlS8J/LyIQNrffDO9P+
MSLe18reaP3NwgkZwpR7RF6Lvm9Ean2GDJQ8kWZwo4x0yJD18hHVw0c6lnPpzw7hI0EWSWT5lsUy
9pFkE2UGolReP6p8yd8HJENBUXCDGBeykXxCeiMWYtjgBpEaomutOJE9/WbBMa9HP846J3OBfrme
yOlDRDI0/IBG54Qt+rn4JrbsJpigBa8Hd56jnytdUKNH2kZr3jPA0jAaATX9sjTiZDSk3LRt6oCH
UoF2FAAr3z6yUHbLBO5EFcaEB80UGvQzhRHMuEwyC2PAU8a8T4GMgjOsfw+qe7IRsxg0hZCuzYrD
KL/dnSTwHTKZyUMZHKYyZJ0EhvaJV+xnOgsghnewW1/sN2Hrfe7oRK5kgYw4OkUQ0WXr6QIKptFw
NMaUG/kIErW9qJVnkDSSHuPUsSHf9smHICi4UXDSGpQKbiMF715vSttxYmDIRoyAAhwmMuIShVED
ldEJF2X0RBlxlFog+2aiNT6LQAJZGuOSSx8ZIgtsUuTW7g2UpVkYJogx78Aa1hsiTci3hya3oqHl
v+XDAP8mU8sGnnUDiD6Mezc6mVaUlISHpK6lQ8TI0K/F6JDskoNk6ZMzQSyQOJez3hBpQEbQk0KI
phCdIEaGghulgDI4TIW8ojiQLgkTyMAOC2v6he3YsORMED2am7NeEARBEKNAwY3SIEZZT04kSAri
75UdQJpOmQEEzDqeR+sTECBBjIrhcjO8ee3kqrG9KEQn+jPi8k0DMpaJSUPKLQ+k63JgsJ4Nblqp
oCUqWZKSFxhQsqB8DCjgzo/RUpUIZKSFhNRKJM6QRrVQIJlslCAKADkyQRA+tEQlaeIqSFJquPkM
mvaSgGDjDlH6wqOl7nyEfreacyKjbJoZc9aFbtsrU8KLOVFskkxgvI1+tXN8LaHE80OcbQyqMFJs
PhlU56Rf81noZzWn1zWDUrDupMMol179BNvjPcrgSBLW8S9A1p53JqhLU6ZbqcBAa6cWIm574YCc
yMjI4Ebc36rH9yaOCW2YMP0GuoRsPu4aOvogDKWXbQzy40iKzSeD6pz0az6D+GkOr2sGpWDdSYdR
JzojzB94MO+IPogEMUSgpN8+DCqUCQivkHpaqDOF6uyIFERGOWlmhCwvSehyqC9jGFP+7JAgpZUQ
0nlxGEWXBdI//ZoPwIT1LVjHCdXk21B8DBIo6XdMJiC8YKAslZ5K1dkRGVpGk//Jzc340tZIujQx
lhGMqZTjZ2Lk2BdKqfDJdzozCymlfktATvU6WT/I8bicNn3sp2uJSk5tzSwMtkXSr/mQjojxMXgQ
IohekNkSBEEUlwKM8RTcyIARxEBFRschp3YXTKBz2vzxyUHHc6+j3DZ8ggwsI3OFmUnLzBUHEUdK
hZmJgJxJJ2fNNRvThBmTEk7kl8T1l1+DyG/LJ4hhQqIio6NimCKJYpLLbA7yjYWh4AZRBii4kTIk
HcIkVOxTgsizQeS35RPEQCHFBjhyOamaJAYqkhgQ0l26kHwXpgDBDYJYEDJfohOyCYLIB4n6Kjl+
oTFUvT2XqHTuG0/4kFDyCektHUiuw6G6nhBEvknJlMlDAnIsiRw3nRiVLJVu+u1Zgx3C4KYRhpAz
G+m7RMX0oWLi5Ey5C1Ea/RZMb8ZAch0Oktd4KJAMTYP0QfSCbKO8ZKZ7k43O4LYZ3LSsIdH45FAQ
YqFGd06CVcfz0kySA3Ko5H7EZeoUUq8F0ZtxuimIXEdnSAEUQF6ZdyHzBhBtjKAPUmFJJFCSbhIx
UJAjX5DYAJAY+pIz4SwY4FgI4yZcxNBEgxzRf3On15w537BkopuCy3Q8YoRD8hodkp0ZpKyHuMNH
X8vd787Q5NTQc9psIiFI/+ZDOhqLXkmihfpNKpGNDLVNbKdcqE5HMei8uMylTnPZ6IXJVDcFlWky
lDO4kVoXSyC7XJCQHoY5TCkyCENyaug5bTaREKrtH8JESDkjMYjYCvObVDIbEeP2N7cTYqIngSMb
qVcjGzU5UtfNROU7yE/GQvd7M6DkNjh090suL2NIWQ+dY9M4p0u3qXHjjoHjTNoUvHvEAoyhfzKd
CUGCnhgLidoIVRjRiPzQt8jooLCOB1EMjNMlOXdIKroxLriRxncJooTQ2EkQRACNB+ZDOiKIsRCM
jT9ZiFu6kgtoAOlL5mlZpJ+eJK6b3Mk6A8vMnYySZyC7IzmZxYT1EWR15uY6oCf570Eb5JflJeGl
ZwXzDPMgX02NXqI10qbJDsYilQwOIw0ljtw0NBsy1SU5dl8S1Q3JemFIRgAouJE7SB8EQHZQZhLU
PV0yTwDyVQIgO0iAoYqMDoPxtTmMbpxZUHFLcxlbN5nIOmcKzllz06SvKEhOZpGRPsw2A7Nblwol
7DLhQ7rPF6SvVMmNeHPTULMRaUrS2CCHkY0ym1R0SXpIBK2bmHsrxkc+DDEAQ5qRNEoN1rF+yxRV
1xMidQyU9eSaNOg9YnNLmCZOzppLpAzZg7mQboyDbs6Wl9QyOIjiYWzAikD+NJNde7sm/n2akkSN
oknS2TfVp3PMn0wG38lbXwuJgW482SYZKACCIAgid1Bwo9yUK8BRMAMc5A7tQpOWYe/yJrJNacH0
0KJT1hPuaGKnS6/dSWQVJHXufpN/QAcAxp38J+Gjw54n6FfwUlwbGGNQUAhO3dXXwvqoYRguZ3Ob
Z27LxqbAXSNGgOzBfEhHxpG6SkjnxpN6gIPu+ifLoJO0zruzQPtEatTj0F3eYZic9TO10HQ9O7II
LPRrQ1cAQMb7CJgaqT1xAYW4Pi/ko4MSfF9BtQU19N/tfdXnaJ2bKabPyVSrPVKRnxMZjSemjmIT
ouTdJzogeyCIoaHgBgFMKIOj16XyxGykIMYYnci0Xuvx2Y67s9HvRz+z0HHAWpMmxqLH6NZq26So
IDJPnzEE1fFVE4OJnTa7UFaBfjJaYCG+AfFtCAIAXW1R+lz63Oia/C94uj6BlO6mxfvoMH3tDG4E
/ZIyGuDoXJKjgxo6uKHAGfejHpEgx8AtILrIqfCSb3ZOBZEmJBIiCtmD+ZCOjIcyyok4Ml2iMpEJ
WUGMd6FJWiedE7TwNajw3+hxoscOzhekqrcmX92T0OC40TYOOhkkkgtuBJgU5Og1+Q7e68wqCIML
kawCoBXoGDrIobrbAABSyfD80SyHVlt0gIPzYKlGa/Lfrx2D+Gjn98fpa2ffgn5JpaCUDIMcUsr2
vvky5pyBgQOQ4OBhPwEGjCJvwhznGxIKbkwAEgkRhezBfEhHxkPBDaIXmQY4yLYGo9dEMTpJ64SB
gTGEExfGAKn0HeO4CVh0whm8H8QwWEcwQ+kP6Tu/6L4TXd7lLMNYdPLBjTGPmihxNqsn4Hoijo4l
NQwAgsm3H1zoXD4xVJAjRhDR7AapJBDJdGi1w28DA5Tk4Iy1Tf57Be8GCaQEn2vVs9EZFAyj9zUa
3Aj6JaWEJz3IiMyjPsnBwDmHBQ7OAPDuIAcFKUfAFOfrweSaZ7ggsoBEQkTJqT3ktNmjUarO5hMK
bhD9ECbpONG2mNSxMdFJ5vETRT2B6rwDDcCfxChIPWGEH4yIfDTuTrZSEu20T3Q45/6rDB48fZcb
/p1of8IWvB+dpPUrtmhuIMQQI0qgGZPsSVxmQTD5DuxXStkV4GCMgTMdVJBoBReigYC483Q3IPo0
EnCIBDeklPpfpdp8SLdB+w5ngOrwIcZUJPDH2k4ZBDFkTCAlGmQIvquzVvw+cx1Q5IyFgUjWR2nR
IGVLvh48KeF6+l9P6n+jPs3AwTmDJS1YnENYFiy0+hnIW0X6GW1zaTFkKBiX0btREAGkAYmGWIiC
2UghulOIThBAD1WSfktPuXZRySFta/qDyaHSaedKKXjS68riCNProaAYB2ccinlhxgXQCmgEx4re
ze5XH0FK6d9p1q9LxcNJYXAnWn++VbMjuiQmvpPx58oWQ0ZHQ5oxLL0yC1zp+RkGss3WguCGxf0H
0JZZEOz6EdhT9DwdJ27/M5KlFEz2PSnDAEA08BIs3+CMg0sJYVn6GIzB4tw/V3uWRVe/fV/sFUgJ
CH2GMYCrMFsEMvDR3hGOziClJ1vnabouXOmh6bla3p7nB1m0bCyuAxuSK0jVGg8Y05IGJFgQ5Ihk
ZsXJNugHkQ8ouJECJBqiZBTC5AvRCQKg4AbRG2GSJYxVPyCxbph3wR5mbwSTRinDSWI0FR1o1Q+w
FIdSChYHwPVSFcVUOJGLrs8PAiXRu9mybTLWaksrhd8/D9PHU35EQ9+N9rM3IsGO7slga2LbPZFi
4XulwRw3TIyWLWk7dT3/IT1IP7gQBCg400EMYVkQlgWlFAREGOSA5G31X8LlVNox9POOIB+A0C+C
uhRBcEO3xW0FC6HCZV3MD7QEARWL60BH4EfR4EMQCOgs8Bn0ORpICQM0fj+CgI6UEha3oDiDZNF2
tNt/qwBoa7lL0H7PD2o0XReuq5+7vsyDAI5Tq0JMV+HOzUO6TSghQl8GAGEBnvKXtkUys8Lzs45/
i7YcrYA+CMQvYSSGhERILATZiLmQbvJP3LLjybeCyJoBlB58xLgMjpGCHImvbTHvYj06WQzuhOtU
dD2JigY4OOOQikMpy38NkIA/SURscCOY+AV3m4NzBv+2FUZkTKfT+3fbGfQdbs4tPfn07wDDD1wo
GQQ5wt5EjoW2YqaddQiC8xWaAo3SrZou7dkFrheZgPuTb8+3PyA62Rc6GGFpsQhlAZYF+MtEguK5
4ZKqMDkhLpsieE23J7DzoC2BH13ynttQWTYDADjy+HbM7j4I5WdvdMHRVTMjWrumvQ5GeyBF+b7V
GUgRlgUFgCsGzlRb0KF/QVN9Pk/qoFHT1fJtuE3MN5s6u0twbLjnZqy4aj2qS2aChuLIUztw5JFt
oUzD7jEOxhWU14pmBO2FSrgILJE6BRpasoOESCwE2Yi5kG7yDwU3CGBopRsX4ADiwwuTM2bzLtLD
tPe2u9CtSU11zVIsuuJiAIB3oYljT74IaQXBjSCrQkIx1n7nG63ghis9VFYtwZI3XgnOOY78YAfO
vnrIn7C2vqMzN/TkjEeWFQjLgqWUrl2glE637+wHgslgtNAiwsyP9oKLfvCDJk+JsMBKg8QJa7so
FS6ZaLpNNPwJeNNzseaWq1FZMg0AOPrCLlw4ehqelHCURDTjJ8gQ4kzXiQjPIVsFNPvdpQ4yHaKB
PNdzw0CHs2QKtZVL9GcdCw03CEj4xw6CLf7xAlvl4G3LRYDo0q8ga0WfR9kcq+64Pvzckce3Q15o
QlkWpFKwuITgFjhXYT2ShWxeL0vRS2+angvXdTHfbOBCs4Gm64JVBW766Xsxs3p5+xcZ4Cnt8zyS
GSOVziRhEmCRWjtBvRAGFgY8ehWBDfSVOwp6tWTSrkoEQeQfGlOIidLD2MgOS8YIyhZ5qJZvZk5F
+gRBCH+mBfjp6FJ68DwPruvC81yIJVNYvvlyAEDjzDkcfPR5v1aBLlpoMQ4Gv1hiWPRTQknVyuDw
PCy++XLUL1oBAFhx29U4ueu1rmUrQe0AvZ6fw7KEvvPuT9IszsOgRxTZORMEwmAJZxzgKgyatHZx
YP7/WXj3uFBMeHQOTpeWFMN6K8q3r2D5hOfpZROuh0aziQvNBlhFYP3dN8FybP1lzvHKg49CCulr
vlVw1IMHi1uQ8PzzdNeQiS7bABCxcxV+R0aCg57XqlcRtU3Pk2i4zbalLwit0Q/KcQDgrWKgjIUB
HfhBESkVPE+Gy3JYxcKKGy8Pz3PoBzvQdF1IqWCL1lIbJmUrYyJCnO1L33+DLJGm56LhZ3HMNxu4
9n13tgU3Tux9HeePnwZnDGdfPwbX88KiolAAVxzSz7aC54XL0Fq1SVpL0KTkCDZgYTqtJZTU5H5T
RnCgAl8R9epaHn7jM6fAdkGMCdlGG8Zfj5O+8sOAuur920akT8IOlZJ/Rg8b2IWRGRydUKSuNUFT
SoV3X6PFBFufU2h6eiLIGNMTQy7BI3dYFfRkKiyCGNQJcN3wOLLp+mnusrWcBcCmd96G6dXLwcBw
6OkXcWbX6xDcgiekXz9BwOL6rnLYJrSCJNFJNotMmCxlgTPZWuoSs20lZXKMxyT8qKVrhNlGwVKq
hquDG/PNBtbdcmUruAFg+RWXYLvyoJqtAAVnehIN0VreFPRBF9dV/rKqwLbaa1x0FiMNbN3129L0
PHie25Yt0vRcNJrNrmOGffLrg3Cms5V0xpH+rvbP1pKcIJjS9FzAbbfbhttEw23C4l6YOeFxL9yl
KJBBZ8CmrU8d9Tfmm03M+/KVHFhz7abws9u+8Sh2futx2MKGI2xUbQeOsFt1PSwFrnhYYCMM5vjZ
G7wjY8vilq7TIS2ASzClszqCscVIPy37jwhBEMNBY0a+IH0RBOGTiwAH0DE5K9kg5k+z/KCECtf3
e2FNA6/t803XBYPeMUEXD7X0HVfeElxQa8OLTEIPPPQsVpyfAxjDgSe2ouE2w10v9EOhvnIpFq9f
AwA4/OJuzDXmYVsCtvSghA0ppZ74+Xd/gy1tlZ+J0rb0gOtJk8UtCEsHN5SyYClAcd5V1DGXdyLL
ZqvhcioZLgsJAnENt4mmqyfhq6+7rO17lek6Vl6/CYe3vNTK3vC3NoYCJFdhHZfoscNdSmR7oV2g
fZIOtIIiTS9Y3tVE03XbVOR6HubdRmRL22hwLgh4WLB4EHgIjs/CGhtB0d+gsGrTc8G8mABHswnL
X6LCmQvBW8vKosGNaAOjWRWtpTAylO98s4F5t4klmy4KA0gXzp7Hlge/B8GtMHDU5G64i4sC4CrP
D2JwP0ikAyg6iKPr7QQ1dyzp+6visLiuuaPrp7CwOGmmwciS+FxJujkaJBxiGMhezId0lA8S1FN+
VJ6flo6NYV3t15zcBDgAP8hhmHAnSXDHNlh3H+5IoTozOFydFeF5EJYIJ1w8stRDRQMl/l3g+ROn
8cqDj4ZFIMM70Z6f1u9PpgKanou5+QtwhQ1p25BKwZYCjLcmYdHJZ5DBEUx+uL/9prAEXM+CLQQk
1yn7oWH6QY7okgMj7w7HUSJbjdbBkFIHs0Lb8loFMOfdJqbWLMOSi1cBAM6fnkV9sS5+edH1l2Pf
D7b5WT0cwt/S1GVeKMpWAU8vkh0i2+wrWsMiWO4RjBtSybYlHa7ntQXdXOmFmUtBzZuw/k2QzWEp
KL2RrZ74awno4EukUG+00CiX7UVLm56LebcBIS1IaYExDpe3Mq/CbKcOG+KRfgX9CWqK6GPqwImo
V8LvnDt1Bk3XBQTAXeYHPi240gPz9FIbHqm5ofyCrgrKrzfiby/L/Fo7lu6j6CjEqgOUGQcjS+Rz
BEEkAI0ZBJEMFNwoNjnraq4CHGUkWhQ0+J9UEkrKtgle+HmgY0cU/ZwzBqX0WvnwzrSfth/saKEn
fP4OF/6dZ9f1wjoFejeI1rk8/253OLH1z2VxneoeLCFQaN1tb6Hv9gouICwPtmXpO+CWb5J+kENP
VFX2E6eCkPYylXCrVNVewLbpT8Cbrosrbrk2/Pz2h57ElbffjEUrl2H5xovhLJ7C/Jk5CMtC07PA
GYNQCh7zwoCZJ1v1M4IAiie9tn4FWQfRLVeDZSbhlqoxS1RcT9ev8KQVWcKlIEV74dMACwD880Tr
gLQKmwY1c9y277mup4uZWvoz3M9mispRyvZCq/pfhNvWBroMlgDN+xkyTa89K8Vz9ba8nmTwOA8z
SzhjkAoQlgUuWVv/gm1zAYSBSM4tCGnBlsIP8kTbB0jJAO4vLWMZLFXJ2Y/vOJSoq8NDwiEGhWwl
H5CezKeUOipRpw3s6kJNogBHDohu1xrs7BDeJVbdEy89mbHCdPloocUg9Tws0Kj8CZiUWHLFJaiv
XQ4pFU7tP4R9z74I1/Nw5dvfBFFxIJVEzb/bDgDLL7sE1cXT4Jxj7ugpHHnhFXiW1EVD/fYGgZaV
12zEiqs2oL5sMQCgOTePs4eO4fDWXZg7eRae0JkmlbDmQOROPBgYz0HmhoEDQBydUkyq2WGdmEiG
hecX2QwyDDxIXHStXp7iuS62P/I07HoNN77jTnDLwvpbr8PL33zcr0/BwyUUweQ/CN6tuvUqWPUK
FBR2fP0xeK6LNddfhtVXb0RtyQy4sNA4N4eTew/i9S074c7Nh+1sBUZ0kCM6UXc9Dxea87Cl0MEN
oX2ECY71d14Hu+LobZjPzePcttfA4AcPwyBfa4vcaIARsl3KrnTD4IrHGeABm+68CdVFeleZXQ9v
wYUz57DkklW4+KarMLNqGUTFQfNCA2deP4rXn96BuZNn2neIUR6uu+9ueFKivnRReK764mm88YPv
0lldnOPE7gM49vJrYB5gKQWp/MwRMKy+/jIsv/wSVJdMQ9g2mhfmMXfyDI7v3Iczew9C+oGfaMZO
uL0zZ2CK6+BImr6aEz9LgxJ3vRsSRgoUVKgF7VYyGHJdRToyl1jdJKswUn8G5FTogzabAhw5IVog
VAc5gnR91bVDSRDUkFKGdS/CFH3ZCpYEy12k1BOkRevXYO0brgYA8GcEdj+9Fa70sOn2G1HzJ15R
gokqABzc9gr2b3kRlp8tAujJaGXZItz0wXdg6SVrur6/8or12HDHZrz66PPY9/0tOgDjT5a4vxsL
Z/rutu43CwM0xgU7cjpQJEF7MU6EgbUgeyPYSaTpulh7wxWhLb3+0l6cOn4CLz7yFDa//Q4wxrDu
hiuw/WuP6OVVngfGdBAg2KknCEysuG4jplcvAwC89txOXHPvm7Fs/dqutq28cgMuue06bL3/ezj6
8qut3VS8Vn2MziKj882GzooQMsx0uvkD92LlVRsAAN58E6898DiCYDksAAAgAElEQVQ86enCmr49
tvtoNIioACXb2hUsL2N+xpMCsGbzFeHSnVef24Fr33oLLn3jdeGWrQErLluHS954HbY98BD2b9kB
GWRH2RauuueNXTKYXroYm995Z/j3DvUEjux8FR7TgQ1PAss3XYxr3nsXFq1ZEavjdbdeixO7D+Dl
Bx9Fc3YufD2ol8K86I4rLV9NnBL7GRGB7CAFSKjlJFjYSRCDQsGN3FMCoYvc9NJvZlp3n81EtT2C
bWMVpH4oCUCiUwrKv3Pc+oz+nvQLCUbKJUbqGbTfyQ63j5UeLsyeDSdvlXoNlq3jYo3zc3CbLhhj
mD83p+/QSy+c7C1Zvxa3fPi9qM5MAQCk5+HM4ePwPA9TyxajOlUHFwIb3/IGSCWx/+HnwDn8B4fg
HBZnungh83sRqT+QCcU2uBEJinBKSOVBKs+3HdfP3NDFPD3Pxfqbrg6/9dJTz8HzPBx6dT+O7N2P
1RsvwczKZVh55Xqc3LUfDTesNAFPcn+HEtUVlLjlI/eGNnb+1Cy8RgOVmSk4tSoAoLZkBjf++Dvx
+Ke/hBP7DraKn/oBjmiAMFiiogMq2o9u+8h7W8GNhovdDzyC+f3H4Qi7lckQZkm1/FEFNTyU7Coe
pKDguh4YAzzJ2pa4AMANP3QPlvlBwfnzc2icnYMzVUNlqgYAsKsObviRe3D60FEc33cQUnlQrsT5
07MAAC4sVKfqus2uiwtnz4dBwcaFed9PdRtXX3Up3vCh98Cu6rodSiqcPX4S7oUGKtP1MBtk2aaL
sfkn340XvvANNE+dA6CLkXIe1NNh4CooNKt9FYoNHowk3+pJqURTqs6aRo6Fn+OmZ8sE9lcj3ZhB
onpI5mBkGglQEiEO283cZ3CUbQvZ4M5wr7+D18Lnkf+Ff4dLU6S/ladO2W//Hvz6ARIP/OFfwPVc
eFLivv/t57H2iksBAM9+7SHsfOgHEJYF2xKwuBUWdLQqNjZ/4B3hxPPgS3vw8Be+gtNHjgPQSw7e
8N634aZ77wEAbHzzTTi6Yy+aJ2YhuAXb8sIdYMIMlKxvMpTJ0AYkzhbDJRN+lkLwr7NoCqsv14GC
C+fO48VHn9Y1XRSwa8s2rN54CQBgw63X4ehLr4JzNwzI6RoyrfoZ0Vow1ZkpHNt7AM/c/20c3bNf
16mwBK54883YfO9bICoOnFoV1933FnznT/7aL5br+QV0Y4qMuk2/PoXCmz/8PlziB2Wk62LnA9/H
7K4DqNmVtkyN6CS+FYhUbX9H8TwJT3lgqvN7mmWXrMHcmbN49h++i1cefzY8/pV33IybfvjtcGpV
WLaNS2/fjMN7XoOnJGSzib/5rf8Ez/Nw2e034p6f/gAA4Pj+Q/jS7/+Z9ish/K2cLXhSwllUx+YP
vD0MbpzYdxDP/N03cfLA4TCQeNG1l+Gm978D9aWLUFu6CFf90N3Y8umvgIHB4h4sz4XFOTwZZF0h
e18l8gmNsSlBgiV6kXVwg34sepOgbgwcAgxsUv4gIfaEL/wR8ynj8NiqxxHzeuT96Ovt340ULPUz
OTo/E66177EkJAyuqKA2goemf1f8mnfdiZmVegnBsX0H8MD/9RkcOXAQ880GGk2908MPHvhH7H32
RQAAFwKX3HZ9mLofLZQaLbBKJM+4/tMKmrVvj6qXpwRbGbvY8MbrwIUukPnq1pcwPz8PJbX9bP3+
k3AbTQDARVdvAnMEPM/TW8t6LhquruHR8Gt5RDm+7yC++Sd/hcO794XLtlzXxYvf+wGe/vtvhZ9b
vuEirLxyQ7hkJiikG8WTEg3fRt/0wXfjyjvfAEBnH71w//dwaOsr2lfQ8qG+soks34kS1OYIHq5s
3+r5wtnz+Mb//VfY8cjTraU5UmLno89gx3efDD+39JI18KI+ElMIFWjtvtJaQqSPd/U7bw/r6pw5
chzf/4v/gRP7D7ctNTqw/RU8+tkvoTF3AQCweN1qrL31mrBobJuvRsaUHk3pIaghPlsySiOa0nR0
0hRcsN3xY8IUBtILKS+eYgc3iAQokV5H6WohAhyAX5Ay8igzYQAjEgQJ765LCQW0TZri6njoA7UH
RjqDHMFWnMGkJghySCisv7m1U8bjX/4m5i7MhXUYmpGdWrZ+57Hwc8svv6RVnDLcphNtE7ehJk3E
wIzjM9Hioq2thz29A4/rhXU41t1wVfidHY8/AyVbQbbZU6dxYOduAIBdreDS224IlzwFO6YEu/x0
BuN2PvwUms1mbBDvpce34Nirr4evX3LT1WFww43JXAqCHrd/4F24+V13h8fa8pXvYM+Tz/tZRb0D
CdpHVMcD3UtUVGvZmFReV5+2ffsxnDhwuOs7Uim8tvXl8LXqoum2YGTQhqDQb/B3kI0RuLBSCsxi
WHdjSyfbv/koLpybi8kIA07sP4w9T7wQvnbRzVf78vPCLaWl9Ov+9Am0dEGTk76URjSl6ehCdI4d
STwKSMG7VwiG0k0adp/3x5iQjxSPEgztnYzT1XwEOEqiyFHpFI+fw4HWnXUdLPBUENyQiG5DGeyk
EhfkCIIYuphg/Hr6sFKCv+xlzdUbUanrWgGzx09h17PbwqKOwZ3eIIDx+st7MHfmLAC91KC2fElH
gCYa3CBDSJNhgxxxxUWjWQnh1rCei2UbL8Ziv4DlmWMnsOvZ7ZHvKkABO3/wXHjsSzZf5WduNP0s
EP1vYEdt7ejYoYR12On+ba2AwOK1K8Ndg1qZE63ve9LDLe++B3e9/z3ha0995dvY9p3H23Yl6sye
ap1vcBuNyq0zE2Tu9GyX73Gmt6M9e/xk+Dm7YscGITv9lHPuLyFryWb1VRvDOiVzp8/i1WdejByn
9QjY9dizUP5Wz9OrlkFM18Jglg786PElLrOMGB4SIUHEQI5BEP0hHyEIQ2twJOCcw0838kevZRtB
8ELvjuLfWeUSUjKA6wlhcMfY8yQ8T4bBjugxAhigd3ronEj6j+jMWEqJxWtXhX83LlzAje+8q61m
Amd6+0+Lc1ich0sTAGBm9TKcmT0wkjwSocgGMwBD17RRCIMUwV38MHMjshTk0jdeH35lz3Mvdtmt
Ugo7n9iCu//JfahNT2HFhouw5OLVOH3gSGsbUiAM1nUF9ZQudqk/2z7BPvzKvvD51NJFre2R/YBc
lFXrL8at77w7/PuZbz6EJx/4FqaqNUjphUVEFVrFe30hoFVdM+YRJ7o+gg6yMPTuq34cmvnBy/bI
Svv3gl2IIq9rX7NC+QQsW9fa2ejk64ehoFo7oUSdmulAzNnjp3D2+GnMrFwKxhmWXLIaJ3fug5TK
D5z6wR+pwnFGcbQfi1iQXA5BuWx0mpBAhoLEZT6ko8lRUFkXtFuDUerOD08S4jIzwEEMRff6/lYt
BE96/h1rPWmRkZoZMrzr2p4pEcIADg4JPQkMJlwBnHPw6BaW/vyuOl0PX1p+8Rq89cM/MnBfRLXS
unPd4240kS6DBDmiS4aC3UKC4qIysmzBkx4gONZesyn87vZHngq3Fw1CFYwxuE0Xr76wE1ff8QYw
xrDpTZvxg//xdQCAxXXtjqBeTM+2hzaje6KUwpmjx8P3nYq/Uwha8Ygob3r328B4y96Wrl4ZTtpb
2QmRHY3GzC7qVcODMR38C4IVwc5EUqm25Sfh5/3AhGIKTPGYDA4/+MO5DkwyFu7IAgBzZ852LWOJ
bn0bMH/2HGZWLgUAONP1rtofQXCDGI1cXgPlstFpQgIZChIXQbQoqD8UtFtECiRlK8Ioo0uxMUb1
c0D63Qzud3PYlR4sacGSHprSg5AelAsogXDXBp2eL+FJP02+11SLAcyfsTDWcdc9+AD0ZCi4sx4U
khwFblnBSf0Ha/Uz+jwN8mgkKaJ6/hEEB4LCovAfCp7/cKXn25fE+luvC5cseU0X9/gBr06LY2Co
Ribd62+4Ck988WuQTEFKN9xKVcn2YJxs2ypZ5yG0Gq3C4piAts3wvKy7FdHgBgBs3HwN3vi+t2Pb
Nx8Ll5IES1V07RpAShV+r5Vdotd3MMZ6rv3R5TpaQQXWkXXBeSvTKZA5lOwO+EW/pxD6TVSunFth
YCMIZFiiFd+WbmvZj/I/FzfueJHPcWH5bfLtQSooa+AEFqIPxsjMmIZkDQkiUUic5jKAbkh9Y1Bi
4ZWi66Xo5GQYV5T/P3tv9ivLdt/3/aq69z7nnns5UxTJS5G8pEiRFClL9tXkKHYkA5EjQ4YeDNgG
AgRI8pi8BMhL/o8EeTQQRIGNADECeJANy44gR2MkmhI1cJ7Jy+n6krzj2bsrD9XVXcOqqrWq1vAb
vh/gnN17d3et3/e7VlV3/eq3VvGp4EByIwrd9JS2euNwWdizOTSDUvFu6kp/DYU+/fn/XWl8Q/Vg
G910gOFVc6L71653pvjcx/+M/uCf/yadmtO1fP48NeV4ONChPtCDm1u6PR7p9nhLzYuv0KGuL+sN
tOeH7rU/omJpkHiwlNwYPnVdKLT7d3+6vy58SQ39SG8hy8PNkd55vs3wGo/e8Dp65tmP0pf+6M8u
yY3uLimDGM7JlqaphumN86B+dL5LCBHR3auvXcZ2fZ66MebPf++P6dtff47+0/M6HM/+yi/R819+
jr73xW9cttuv5BhPFBsnKioaLWZBvf1rZlh3sdVdooPa5EnVEB0Pw5gPdX2toDjPzxlOUaHLdvo8
fvW1y+PuNrFdQHN3Trp5cHt5/NpLrwz1otIqGNaHHdbB5QRGRAV28gXJjbQYNM+UZFNi0xDTQj4J
joRoWI+jOxmqeiv/zc1tP50XT6zv7+hQ1/RaV9LeXOfz359OdN9cF/10nZsceyd/p6aZXN3u1ge4
rI9AJzrUNb364kuX1zx49JCe+3w7T79/Unk4HOj2eKSb4w09ON7Qw9sH9PDmlp64fUDHmwdUV/X5
xK4anTCGe7eK5IGRiMs0laXkRtP9bC6JteY0PPl/8ofeRG9979Pt604nevn7L17e42y3qqg+Hujh
k+00p/c9+1H64h99kqihyzourvU7TqeGmuqeqD5QRddkXtMQvaW31sSrL71yqYjo3tvfjz7z8U/S
P/1f/hE19yd69wffR+/5yAfpcHOkX/iHv0r/9n/+daLXTlfNNEx2VIPkQOfjObEwmlbSJhwOs3cp
qqs2AXhZXLSqzsmd9n3DbbVTffrtj6exdIuMtjG1+/MrL/zg8vxTb3njYOdq1/roEkfX7Tx60+uv
Xr7wg3M7VS9hkyEZqQQcdoA5MOj5gr4BkTE1pEyJTUNsC00kODqkJjomt2el69VfV5KjOxG6u7+n
x9Xd5WSnOXRJhvpyO9b+WgrDE6x2vn7HgdrEySDZQNery+d3EdVE3+ndlvNt73mannrDG+il732/
3U5dU10f6Fi31RvH+nCp5DgejlTXh8vio5er1+er4NEXK5Q2EDLjvxZHv5JhuCbDe5796GUcfe0v
P0//5n/9PxYX12yoobf8yDvoV//H/5aIiN7xgffSoze8jl564XtERJcKjsEUlXPVSDc22+TYdZtv
/+Azl8ff+9Z32rUtursC0XDcf+6PP0m39ZGoJvo3/+j/pL//P/139OQbX09PveWN9Ozf+2X641//
lwPtrvVrrnFUVNXnBT9HycFDXdOhqts1Mxzjuq4rOp4XBq2rNjFRNxWdqnpSiTFJ2Jz3nUs8VF32
t8v2qaFvf/bLl9/f9PQP08PXPaJXvv/StX+qYXLjHR96hh6+7kkiIrp79TG98MVv0E1XZdLzspuV
M1msFFxgfehhHVxOYMRuYCF/0EcgAeqHlXqB8uGzHFyi78FV71/ippJzOdHvXdWt6+kV0+s0lbaS
4/H5Npuv3d3R47v21ptdcqNpugVEh6ciVdWeFB0vyYj2inL/Vd0io9X536Gu6Vgf6Nuf+zK9+PwL
RER08+AB/czf+SW6Od7QzeFIx8ORbg4Hujlefz589Ije/ZMfouPhcPlXX6apTJYUABlx+e6zoGY3
FekdH7kuLvq1P/k03d7c0oPbW3p4+4CeeHD99/D2AT24vaUHN7f0va9/i777lXY6yOHmSB/46z81
GHfjCo6Hr3vyui5GNzXmvC7Eg0dP0Lt/4jpF5tuf+wodD0c6Ho90e7yhBze3g2TAzeHYVhPdPqDX
vv8S/c4//md0Ot+W9h0feT/96N/8a4NKCerd4rXzpZuSUlf19d+46qKXyOvGfF/jYZD46/4d2+qn
UYKjfV092H/6yYyqqujmeBw8f3M40kvfep5e+Nq3Lj5/+Bd/dtDf45u1fPAX/trVx89+qZ0uc06c
HM7HghpJDQAAUAuO7gCAFMQ+thxZnDherhimbaZ/RZqDbB/qiqg5tVd061NFh/r673g4n1T0rw6f
MwLnAvrr7Tupovvqnqiuqabh3VC6hQz7J3p1VdNtbxHC7u4Vp7vr+hqP3vg6OtbXKSpVVdH96Z7q
U02f/71P0Ef/dnu7zY/8jZ+hF77+Tfr07378sv7GoW6TG0+94fX00//gV+jNzzxNz/2HT9HXfvOP
6Hio6XCo25913V4FP18Jry9tBZg4dz4uZRDkYryQ6PmnM8lxXuvierX+ulDm4dxfb//wM/TozW8g
ona9huf+9DP06PbBeQ3Z4fot3R1CmvPCpF//5GcutzF9z09+mP70N36bmtM9UTO9NfFP/fLfoG9+
/sv0jc98kbrFPRtq16H42b/3ty9VB49feZW+/P99kh4cb87rg0zXmrg9HunR+U4rh+pAz/3F5+lT
v/WH9KFf/FkiIvrRX3yWXv3m8/TK177b+lKdnaraaSHd9JR2jLf76PF4OC+ee+XmPEWro6qH++Tx
nPyre4uMnpqGDqeK6v77qE1edDq6n/1jQlVVdHu8OSdI6bKthmr60u//CX3s136JiIje//M/Sd/+
3Ffoq5/89KS/P/yLP0dv/1BbCXO6u6ev/u4n6eZwoOPxQDfHdsrZ8XwsuuyvNZKTHeNDUBZLtl5h
Ut1fuOyWBHzG8mVtyAf0kbTvz1nxObQoNq7IZ1xsQj4eRArkR8pxw2OKik8tfMSmOqR81blM0Kiu
1Rt1fb26259v/+CJh/Tz//BX2/ddKj3O00m6x91J5f2JPvXPf/vy3n7pe11XdHM40nnNwjbBUZ3o
lee/f3nNe579KDWv3dGr33+RTnf39PU/+TQd6wOdmhN99rf+kN7+wWfore97F9WHA/31f/B36T0f
+xB95U8/TS89/wI9et1T9Nb3Pk3v+isfooevf6qN/alHlyks3UKjdT295WXwHP+M40s0I5+mtrlM
vN4no0tatOtHHOntP/GBy6u+89kv0219pOrBkSqiy9X+y1aabqpJ++8bn/g0ffhv/RzVxyO94Yff
Su/8sWfoa3/5+UtSos/DJx/R3/nv/yv69O//B/r6p75Aj196md74trfS+579GP3Q+37k8rov/O4n
6P6l1+j25qa3fshpuP/cPqAnH7R3cqmrig7VgT71r36H3vbed9Gbn3ma6uORPvAr/wn95a//a6rv
zrp7CT6iczKyqc5TsU50rA9UjSo4bs7rz1y8robj+lC3Ccb+GjdERPenezocbwfbuj0cJz1zc7ge
2uuqotvjcTBl5HS+re/XP/4p+uEfe4be9uFn6HBzpJ/7L3+Vvvzxv6Bv/OXn6bUfvEyP3vR6eudH
f5Te8ZH3X7b3pd/9E3rxa9+m25sbOtbHS4XXteoKVRxjihyCcNwbATOSgbHGl4h9g25ewLg5KuSr
ECGLlJbzSHAUQtxYviQ32qu6N4cj3R3uB3dVOD58QO/5qz/utbnT3T195l/8e6rqw2RxwLqq6fbm
egLWXWH/5ic/Sz/y7I9Tdajp9omH9MG/9XNERPTdz32FvvPnn7+87lgf6OP/5F/ST/39/4Le8szT
VNUVvetjP0bv+tiPTeIgInr+s1+hL/3G77VXhQ8HOlTXypRrgifYsXPwG99nDYdP132kcbzw/PO8
7kI7Lg90qO/p4ZMP6Y3ve/ryju/+2Rfoidvby7otdX1N2hFdx9f9/T3dne7o7qVX6btf+Bq99Uff
[...]
JF+ClhOAiGTrcT1iRLlkhlxO4EjNmFsIQnG3noHKWoJmhYXfoYmCrAALR9NZ86CbdZ+tnfUXJnrV
wXpW/lrYZogtj/xyGa4PkGMoIW3yCYfc2r6H2s0X7/dyDz6KgrIW0W7zG2b+KXPkhE7mDMpSYZaP
ueAEYEkAk+qYoTGfm2JPRH9BLMz+M7jZDKhSt03tE1rmIR2ejJpun9S2nf//HAlD1LkYnM2zrj+j
9BWzffcB6rB9cJa4pneYue3sbooWAXXyrOChsKpb2ddx/4VrLh90hdvQjvV7V0H/O9qvfoHKyvXD
+mk4LODyt8Nll27ansuVlOusrJRbAD0sIbR6KSNfa0d59lK4ga3Dr561xVB+cUGv9xxqUB8jQaTF
QgGv32GfwQbkmFp7Syb0S/TsS6n9ymbBxfIUU7tXKLbtNLTO7ATNCOnqqUl8iafu1Hq3i3j7C8+2
eJgHDinyRYiYdr+R7/fA6YRDVXFjaw89OuS3F5VFU2KrtxdpKxzXPZidfGLtjAG+1nST+gcGUZgV
x7V0Z+/6bh1RPFXKw0rWqXc6UO4jyIea987jec/NzT6fnkBwvGtL7f0q29jhqeSlfLCPH+HY0Yud
1JG7WZyOWr0niTou3X6AjK9DNHD+utXL4rZctJ2zDl7bapsep4MfPC6Yl893606BjPgwbEVt3/5m
dr+wtGALUQhso1cCJ4s9qae5XscdnTO/vZu8Hq1waDAsYmp6yzrANslNvMBqYdjXtMe6xQl7iRwL
axWvugOjyoPhXOve06v48xWq77X3YxlCVtZrcBD5ZQWYqO2AQRXDr5xk4kg/tT9wfs8w4EuemfFm
O38dXqrSBQsz8B+cOLrtz/WFLQuZ9YQyERYu+FegkdCWSQdiwa+uOZdD3Gibuiv22rwzENZLG7vV
hLQyvai6pMVV82WyhQ6wW0lbPoSxJdV0drU7go+W3rk7U+XBt8+zDvXFRScnHKEf+3DF6f1wz5uf
QJ+vBeJurxohPvpLNIlgjQteebdxvG1/3G0y31+sSqoqeNbQXr71pC9DXWviMbbZehV9J5UCE7xY
KyedK/68XBnfS9W6C6DLzc0JnZvPYGfI0j0wxmP4TCx2RKjDB3uwELc3N9mf3Z8Nl2lj0sHaGvpq
4D18uVugnDdA8xTIHpQzgatfd13sUitdSTx4+DhZOdFKlGgidYqAyR2ev47fExNoJ+DG+57X/951
R0LzblfraTjndXTqDrk5u8cltAW1UM8sVn71aZG089BEsG9rN7jC3X2Bord3JEjhJJIO3HaYapl1
3Szv1n/gOx+x4BZTpXPxW+36isVRKuEl+CoF3KOX6NPSxO2jYzFKR3YSt4gVXFzo8Bqf1MwVQ9mm
V2JC/VpXuF8VwqFMo1XS5shQ1mY0bf6Gfn75JB+O+jLL9zaenRCUAQegvUMM+UZeMXtgHoEyxKgb
IocIYP0cPUYk0n+uMVe9SrnQuTh26ChrOsBHWHWIih58LQO3RKtvxSbXbQBxQrwGuLbqLLHEIZo+
/HzilArVLbRZ9W6u3zJoy3KufMzsS36APPiNrXP+yfYuc18Lq88QXqD9mFl47wr52u3uRkvZeI94
gXK1fQhFxmQLnSiRox5JVWWvwPKcY79Vkq3O3GkHgvsmAfxWVrv+lrhSPGIbMrh1Z2xJ2pg/aaBb
K8W90saT39MjC/nvrqb8fOkZLB4657O3J7ucrQuxPwpwqpQ+Mg740ZEoOfuztelCfuMizLItKJ8z
R5w7Ifc466liODpHdq20e/PZihfHAZ1zP+ieX9zN/gYsYJK/tx9GX42wz10t7ZXLZnb2rcXmLT1h
iuonAyfjp1gM0C8cKAOqYqA/2vbqh3y87jpMTAoWA922g5TLBnJ3AlbUcMwLKkRWyC/9pB689Ve4
F6L73rYJ3PY7dPRgX/8QdrKRvGwP4ljvVOgcOHXfrfEYDyZVCGNO4zow7k91M3nemYO3RWCoX23d
CcTGKvb+SRPFQUyztgvYmmwDuWH22q1NhmrAHRa5K8OhENop6cNkZNnWF5k0FRFJuYnxk/hh3Bua
r9IAh+ckWRca3QLUn3J0ZayO0dgjwRuHtUMvxJ67u6C9T5tXMscaJrkBCLrVrrj/6AaIqKkAz2bq
Lve37rA6nJ0SzHY6GwgilNFxfz2rxFd1XW1DB75PfGViBBSsxLeA0fNwTYzYLoCcyMCTLtvwlKlt
d7B7zuDQDiys/nH8u+Bacp0YqUZ3frK0Di3iAkMY1t3lItADilgu6bwHQb/9UnPNLgXfnHz9fWzD
mV9tzDuPybzHlDfLFovmuEUfd2696lh06c33CjNgdXnX0e1grOA6UxS311YP+JvY9Ot4e+njAODt
bXq7R16xTwvUJ1BfBVsFv3PGx79AX1nL68AOekf2WbuziZqaaHRMi1pmPiQnaU3bBjzd2kMKoqeR
+G+xprs2CBOijYK+7eY9iD1mWNvQbgK206jeZbMjch75mtE+fVh/7RnPzKpTcL4zv2NE5+HutLUE
b89/RwR3gvAR1eTiK8XdW2Ooqc5ms7V8wR93l9AazjECt7UnMGTC+AijCS3qi1Q59dggznlyf2bJ
2eyS9WGADl9Yh4o6oTZ9T5sO4TMnxmgBHeo8bR5dDic+SzVmtSLp9byuRHh0e+e9CKoXNCZONKB/
eG+vxzYAk3PFt5sFDbhEbDqOrHzsfhMSMImhnM9g6ABlzFLxLhacGMaZC7/i9u6jhpyz8+wLBkGl
934QR+1cn4Ba6LDxK2537n+9PcthIFv6VWVcZT0f6k0fcdIusejmd1HgXoiws3qPaA070Ly1N+4T
2imrPcR0XG1boJDjtdvCOZoh9dIwZfkbuFEv8sSC7M3cGNJ/49zwFcO4SN1iTfoxmU6+MLGKHuZY
BCL9yhh1vS9wrggi4cP+xgPxioEFOWGSo7aNJGBCPczcnPPRwGIkxS1uWNKkS3XlFfXkoo9mNxq8
TbXWbQo/qeOcnLXJsuM/wtpv1MAJDqscyS/4WsBcY4x/8yrVsZ9G0w5V21B1nu0ptuxpN1Bkdvjc
C+I1S5SjLAHP2xGX+/QLjD/ikaNSpVG5GfxeQ/BMzkmjYbmTLQZO3Be+dchx6M35/aYcpEtsLy9v
tTsxycz5OCbibpNsvbrVyT0KgVnTQ+/Fuzyzi0wRb0kz9ls/D+5sYlr7fzm0s4Nc8dUQ2/QRy/0E
0rbNfGLYxu9MdlN4SkzwbzfZnqB08wWNqK+t9QZ9PhYovb5xVrU+nAqaS2cOkQoO1N2mB2x8ZjmX
Xp4TNYyV+66IwNIvjrgh5WSL4b+wAweyZkYd/+rAXZ1/c0uuAXqRPTa7MObjwaso0zsmZnbh2Y4M
yojGaNo0EDZdRwQ9loJTbxOVgnTxy0sigvv5yb8ZD8aNdeDX6A4V1d+Rz7Oivk+NYz+jpvtyYh8s
rLXTbxWHdGWlDwfaWKkHodXxvhDuxi+AZY2IHLczhXg4FhWgrdMge9ZjqENlepdP+029hwEARfM1
x/F00F7A6DKq96U72We0mwPsQCkvNzB7u2lLQeV69y6sSgdK5HV2ruXEmd1WwJ+yNAzYe3ux7phs
D+6ONvCb9b5n109PEH7tPK6Rz3H3FnfyCfqvYxWt9Q3IgbWb5XPtE61Xt+KbXtSnK7SGvijvzIBz
yjYSkyi6md938og9Ck9+TW70wXkoClfy7jF5mEX7MDpUTtgXNdAl+5bBvfOXF6i2vLTjlZOuhJ/6
1yHvOjwehZPJ12iwyyaYHHJvbac+An22FP49vgdb+BrnjwE9txqhDB2+q9TdIlylXamCq6I//sRs
84I/c1cV6s+xTv55zeZbWL15K90h2htSV/gOHHG5Mgl7RjVMMrK/Ng84IZsx7Cnv4NdQvVUGJ2bN
fc5NiZCkbRgn8m4saX/4GuBq8XL89ONo7ynGMWVPz5ZLJQmQhWefQ9VqOcnB6k1fwYTyaxHRWpe8
hHFYWvSR9kwctPKT038ZAt86AwsCr7Re/2OI5dUjfM52w04EdA4lHlBgIjn1csYLHJmiTtvUVRwH
WsZ/y7gN4mV80JfyNwweZgYDLzH7AP55UJgOGTt2Lrg8KehxSuLreBiSIViKTiaIuG9/z5f8dZcA
tc6W4ONrmuSgHehwEYYKn+odfcauqwfSyjpIoefVkUYGQANH+8EfwdqCnXvuQ4ZYacxJp/VYFO3L
bfa9x4BV/VdvX2DycCnX3uz0i0lXTMixxflvz0W6LOFBheURoCoz/aaRIf/tuDvyIjCyPOw7zCfa
L8+/cO+NidNuR7b2F7PjUmd64zwxfhKiU62JMYkV+bfLs1/W8OG2BZJ61vSi1fJhhkzp28fz1Z39
n5dcLy9H3vKxlx0TMT9MhEWcHyuJnokyOsn/ONpfzg/1Knyr/MdFz4SrTDV5mygWLA2CmOWmehye
db6s7HA7HvhJPIsgnU7swNwyPf7kRc3NTCllwQyPeO4l+QPrxiVE8aiBwHkchelwTOL+UPCKykVB
kxuqjyPqV65MjbX9UC+ggVrq89qa7Njpiy59diFwHwmnOxnnVIuAPM52M8P835HRvnq84pu8wBap
MxnoqRCrjJIDWu/mPu71Hh6OR5ZJdwIG+hSt0KUvp72+lj7QkzXepO5brOvRg8/H4vttmczM/Nu5
3frdNGmX28L9IlTaA72oef3cV4OXjWQ3h1s+QgUTNBW/jFtJ85T4WA0is1Q07uOheHdEaRx285Kl
+A+u3TRmPOIE6Ljn2TJ6f4BubrmKueaUWwK/x0mHpBjoN24OutlydZPV+EUOUEKHQfOlEpn7thzx
yF4lAjyakbpHn7/XnCtBI9fnkieyV7f9cbTN/ZdoJ9xBjKxMdzx0Me/HJLxbQTZ6YjHj+HsmJjx7
MNNbw/xOwsF7XDyxduKytxAk+/Z+dchS1lifdQ0VueqAF0Mbxxtb4TEY2oV6NQZqHktkJQjzi/R5
NM0w+Yp7nmVAPhljU39+9Us9jrD+pDWluIA/GQcg95jREflgkiQn/M/jiVfXZZZgNu9R/o1jkIp3
tFK8HIJ2JU250lKNVf9RGfzUx+NAuHK5ikPMva7WwM7EBMqnE8hZtYiAplw48s6tHf9mB+nyPPee
t3n6QhL+z4NhItc9fgzNqc4MKRggYSu0+pgCvIfbndDwCifDuuIvOm/bN9XW+eRgUl0sWS1BPq7S
k39JOABMOrm3tTxAAP7tK7v/aophGrZ9ahq4To+AJLD414Tl/fCckd7uycnTivcGWkr9FWOsd1b6
0At71Tm+9Put804jXP6k4fR95ExTzebdKKI+bNd3N71wN0IP7lJO7Mh7Dn+ZK8UrrJfUv3WFvUQ/
QYqe3p3yrotRkdzm+xaoY+bM5+aXL6zRkpg9WDr1htttAD88MprN7ezcgkbOsKNjd+K2Vh0ciO8L
OpR37vG1XMv6hWVNA6WfMaedCyjkiAV/4e2GtOirEPTWp9hBy9+ph9ek7tp+7DxQ29mfGZ46eU7O
CYOi5dH+RPKAXGxITRwG+pLIlX7ichHj1dGujeTaGl7NqUJtr7AiVAdwP1/iubsd8UpF3EaXryZe
izmvYT/2gF7vQyjB+KRk4IHfUszatyP/yV0fl58TPh+w2q1xB1X4TozEc69HEzqvdn49hb8W9gk/
dD6fQmTUXWFS8fwt3jQXYv6PerdS1505kX976iCpLKGO3DVia69k+t5OISMr4PdE8rCAnTuAEk/A
hwyKg1NnDQT6SLYLCRvtGtByUQjO3Bjv+HlslZuyDIqRuBFYZgw17w9c/gDJqaPUk4VFpXzBrQet
p6xHnPdyAZ/9tSnkS+XCzAk6B65PVc6ZRnJyXR/4jBNs+1dJ+D121IEAXzNjhco1ycVvH5PGkaS2
4e1+XfS7atKMY5B4XHnBBQ7Abaq+eJDIe6p84XsvzkWifalx4sG8dC4a95bdknFGlKs80JALzXZF
1Q1Oqg1hYeMLCnASU0/wj2osEk6ek2eF/UcgEBuUBbTBnTJsLK/nnPVgmM64gwDQv+ZKhdw9pNuD
xuBgmW2evgk8O0uaBhqdgUoBABqDqtMvaYlhc6is0wt20jNIMhdsmt4CFcE26b46wDjhQkEJkxvb
wGFqVlOwyt7WdOO0NV4wtkysRApTLDZ1frGP96wmaRI9m7kOTQAgQ1p9PP87JGf98C6F/nfjBP0U
B7CNB5mQMX44iKl77WytPYqZ+7xeso7AYSkzIrLm9rv0Dzt+6qoE9xyEM42kf+IcdZGrbarX+eiX
rpIUr7nSeK/8inM8sJuifAf8j4Vl3MSJ/ACa3L1q2zYGAhoG68vNLd/Ojl9ZaOy/K534rWqU6dVR
2pTiMET21nFtWfdpVzfEGyFJKyxWiilOg4v1eK9RhTsa16qQHMsSPsXBeMiIoFxw4OnucsnHopZH
shzXwt54EePqZcpvJzfQl+5vbx1mTeiTAMX26F4drqEalVWM4MkzG5g883J2HaFNkjtjDAck2n/o
ciyHPdrWHRjIzV1xgsgJY2sipuxaQClk4sR78O+WuyrafjN+b1nKq13CzGiSKAQzW3+5Ghl0fdMk
1XS7u/oEleDrAe7wsAY9YgBYRTqYumu2g2I5j4Diyc03c9zdRp+DwMx/p9wXdqjky0V97OSgzODQ
44i73yW+5paTOx/7fM8kxysqk+vW2IdeIB5QemRdMCFba1I/J1tPDZEf2zyIjng6tS0cRr5XgrJH
1XTvlIAUO3LSJplQoMULjG69cxZ7A7gTonQc53GPnAjmCbq4tve6R5He/5CuHM7Qf9FPXXkHetnP
1MzYk+uZ5O655re6B3ovF71Z2D/EzyH9Nd6vHWy6LEmz/u2trUPOtc2r5nWQS3SPTtr53IrPY4vM
+c6/rx/Q55rJVtd7w6Gx1GMYGLDiv2nIPeN7VaR4BVkgZ1YTUK/t3BeLHw4T04H8twgEMMo2KgKJ
dRI6vXzduBlCkxCAXH9BlfSH4N9YveLCofeEu5hosRiYxQEy7NDhfl7mjNaH5vvKXBtwgQFxoaip
pyyH3n9bR7zPtxZ49QpF6AF/1uVZVu0mGN2LsnEN3ofYHA56X4F5axXlnMmFpcI2MZ1gmywfKzt1
tXEx0hP5YcCLhXZZ8J00Lw2/jukY2DImsAyoTmI9sEedYX3kFqdKtm7rfECnwA/uB5VyKpetaErD
VYC26lyf4FbzPKoulsa21S+VSh5z9wfKOHXH8C4DCowBV+/rVtSvEWq4pPI6r/IOEqTbVtWY3DSx
tTxsJoRetFDGrcQnwTi3R1PZ3ztdmhUHgWeMty5UasWQ7fCy3yoT7bpwmuThaZb2Z8al5qY5Qgqd
0Mz8DuhzkMSojr46H7zA+4E3qmHM5e2//ZAi0tqwsLFGn7DnVsvPO4lAacYsynHRtsDYU51Of5tx
gTr+nUenZ3dbmUkdrgOGhfLXfqr873ikJfsaexjnPqSK7buUY/rdAZ6T09eq/tbP5P0VUxPJIxp3
lQAAHPhJREFU1smlkq8lRclaDpUdY7U7Vse3td8B0x8Z43eQTRNtBqjs1hMcwjTZGWK+JXfwe4NB
ZAHofXcD02QNhNmdwlCd9ddd9zynu+446jhnmCGdHHSF5Xs0MEePI7LOx9zC/HMHx+EWnlNzYLEi
kvF9yuZgGwkfLj5DR2MAAdumYbqEJJz9hHce0HzrdJ1jcMMbzfUll1sNUBNLmEuMkPQTt019uUgU
NauKuNQ0a5s68ZfBzx57Bi+Hlt9nNhTHtQ9zgOLWS7qusaCTpGY6Qu8B8cS3nBxC9rGtlgXwWItX
9OdNJ/E1Hiy3+JOFYDzlbvn5bNYOatlhYgC9wyyXiBI5eNCvXjFILPEr5dFf4rbk6YAlBejPRGmQ
0Cimpr/PcUvaMP3CaNfImIy/tghv/W496EmflPbEwnnl2GnbsMGKyzwA8uTNUmzrFJaBjPxRfDvP
t3eJ0CWJI4s4Orp/iedsyBnfTzUHXtFeoMeQSkXO+8c4nP7VdktbyVNNeIf9N0BJAAmnLlg13ICa
dQN3rBnSzsCVtSUONPab6awv1110DElFZShdQT2FB6ffeVXB+smMHJqAsfNPK12dz+Auk0U1NyDP
zrwZOkbKPUOptgMvK06lKEMaM2m9ZeVDO1ybncnpffoccvS2Q3saDS0VUBNvQO/K32gdwKB9V3bj
kCzIK5fZEjjZhpg0NcyI09mScqQ8IVCJVl29tkray990iyr9vc7agwKUk7Venf96EVbTUB9F1RTI
p52BLHeWw/qRL459Bl++hociKsI0x2DXqMGLO78759bC9UNOUO2gON1s5vUIRdTVYGyrRNoJw8xq
m/orhniG//xZ33gAsbBiQpmuE/emzd4SrhiFQw83tKTavvi6Bcof7n+1a6r0Yaa+WBSdPWHmGPWb
iR37b8YlBw52WyyeSJfS3ldv8MlDzWczv4q3u41yVbOUnV7THX/tUWCbU4I3bruU0FyFZf6i8TEc
LJIkUM4Bs64eQZe2yInCbP7uovvmNku3RKNu4YOVTS1xwtNep4EvDiIveZaQ4yXl+dr51HD1cdxr
t1fiybcE60CK9WsV7Qvt3Tjl0x5YnWFrZj3ru9l55j/M7Wvf+ICWrB5VqM8LpoZzEBTNmScmeueW
WtsfK6TJHeqrcWErPLEL48SMRh8In7AHnN6hNHiB3J58ZK6KfGuSQZkuT/dS3O1Zm4/TVzV6NwIL
k6uu5UURd2E36l41Vo1a+2LvV7d6h4O7eQ7w3SC3JQ+oYW+1UfAVU6DBrl//knInuOWXlDqPpb83
ApyXDzvT8JRNaCfPdR7FS8Bkmk4Y3BnRc1o+KpaGFfSKSZQH2StXj8WsgBJSxrAMqQv1wnVINWFV
ri9IhmS4mEeatvoqgJfbM+DAZ/pc1U0cld2iXtdmpqs6rAZrNC00YwYGa64kSQ5HXdbfVk5UTWy/
4xFvhVnlHWoJTFA8RymgqWKQXSxYnoQB2XEa/OJrROOVeG/j3pXk4j364wmppmiIweX7kTs4UElz
H0SCfdRFTkf/LwdAWNM2W2mhCff7u9dj+a1EJjK99teB+tnm7/chHvOF17Y2fTmnRzUgCFzLbfwq
bkvCq7LLzBmksSFHbf93BuiNxtaeHi0PbpX8t2PVmZxMiNFJhumPyi/y9MJchWhsU9eOtmN6UJ/9
qksTXwIQZkYdm+xXrN+RHvxgJ0ASnbE+dv9uvaq/DunkGbB8wRXaaUvSiFwe2MH4fRC+GeitroM1
I6A/hkMg/qsAr2flfQDIJ57svtBP62BCzI5mJ5+vTTt0SxhRRrsm8tvkseiK/QiHAo2dm5/jJMfh
LzNU88Mf1MO80w3P9TxpC3RQfn870fmmbo1f9fGfHpKxEsFJtPI884T62dvj+I1FrhfetW7YKw+b
ohswyhZr7buS6Q+Ql87ajzfUXHiOzR8068yJPSz1r32J3c+bl35Co0ue+1MT57agADgjU5iMpO/h
BvLiyfWKoGKEDIQevYPQPByVc/O/j3U3Mixgx5cX2OPrQmsl1wtWQG6I8tvh6Pej3MkbKn/ztbdO
LiifdhzpXkzJxyH4TZCLfvM8H0+J2959X4m7fXNqKvJBqMYfj36xXa+ml6cAT0eHR0OJSeijE4M+
/gG61zKjlz8zHWSqEaslYhqldiKmGvZM3X2La2/YWs5fr7j3apIKlJ1/xRyFB7XCmvzL9FWPmEoH
OvmXkyR+y+dfimmaiMut8p2HAugz77jrofW3H3PBttTOs39aDQboPu5Vk3NbB/3Yskc1TWXUEmH5
6AeVjINC+HiIWfeDMI5w0Ji4X1khqDTxxhM0SESOfAyaEtosnybCp3pWnaTfpM+SajOAoufMEi+J
MGBPUy3O+kX0Tr5FcXMDhhagZOcDZQy/Hkm7cYEe1KpLpQO0x6U8/B3OFzvU5G7ysZaP8W/FLrZx
DZqTG4UzZmb2rQnvMYcnC+aHDGMr5WJsHydaASDLp2mBNciHcE7jv3SEAEKd4lANDnokldDvR3g8
j3IR/rP+Vfdn+n8NoPD3a2pko/ai0ZHQZ72Z+JccSmvTE3VewVlm3cfqeLaXz2xDGXTvwDuC65in
HQ1Ql9nuL52+7IH+O3z5QQd517JjI19sttbWuc5PH0o9/MFjn0fp1G3S3HStcr18dXhn8fZmEDFy
S7XY5sZrWVscbcrB1DOVKNWpay8f3+P+RpdbTbAN2czuJ02nJ22xQ+3LdjyvSgBOntE9ZXnFOMpH
EOqTCq1m3mejv5Evg8I9EWkHTd6NGT9x8G5BHNeN9a0S6DFsDztAsACur1R8lrcwB8N28hOxovYz
0IpVtjNjfEpMD4BUEq7yuDPlXsTn1RV/1/aA4cavlw+pLvJkerTjyQaIhrpmnVDu9mx5t3PXmPwe
FwTrijN5/c8s37SfHekXUm1xvelYp3SpTxQ2dhmWr1iv0nts+p64WO8nARCdOQu6knGYcFyJLV6P
zs+kGfcjStux+yt9CrPa6sm+RZjrdzI5ymQhBoAyfb3l/hsstVtODhh9geUyK19pu172/cKA+Vjl
4/sjMlT5ymqW9ZPP62G0EgzlHaMUMWfKMiMAH42D0jraMueV8OZgkSllZxK54gpV+0RslRhPdavO
Lez8WF9Ouo0t86XGqwHcoVESeNGoD6/fPinip1lWn/2E5CkLBTuL5eA9J5ZrUhnfbhJW19Vfyyee
iS+jRKOFHtiBsm44GMT4pIkQam/D0EbfYh18kqIsbHB3wdPKhpRjU8+pA4i1bUIM1QOTJWnHyn9l
v9aDaqJl2+R3rk/YYR3/JZuSZPRjXJWmin7yhoF1YzugHOh9y8DJd2kYdgQjbgz1Rk4rZvHbdtrn
yup9kUI7RO7BGp9YjngY2axkxz7hK9fqnUZCxq3D+jOwqtB4HJKw5NAd3/NIDEmVkLHzz/8x81we
24AF2+oy/5EYElNRlRg03HAuLP+iM+4r1W8lazlO66xonPHFrkWf1HY6SmbCxysuhe52lG629rO1
2HVjBgY0TXAN2fmvS8FXt/DtekchGO7NP9s3y+RqBvG1quRcrA1ICQB+aH+gVd3gT0FgVh1Nx4Ti
aatOZNtAqeVqQKFUBtu7CPYGrm7vBiAu34sCxEtbcd+h9HqQZia8thG0s80Am0mHwQqrtRVdfcHU
lfHLa7fcma9cYeBP0dcRYhiMZsJSrMCJQ6w1MCUHZSpyFdrTMMoBxOgMIflsyYWrmCgfux9mRz2/
RCAtgiJKj+X0TTC8u3hDJkiU+RN9/DSR/HTcfaouNAe7sjbdmFytCaeBFapdREc8HgjtbO0ZFewP
muB/5pla4unK6PWpI+pmXADMYXH6gIMRayDnOdjGspcvdHzjuKKmRK4ZI21JzCmqj7yPWB9a4JbK
x+b0Y4Clh4vtn/LXbWLdG4Oi8fro6WP5oJP5xDTSSCz6H2xH5S7Mr61ixjf007D7KWCRZejPE9fu
gGtMMrFBkcbJae98XXaL6F0GcPM50TV+x3gPBt7vwd/R/hc6nBi1Hc9BOiQ7gMQOZ27nDR45yZEV
tu4oduKxVc5/GiidtRqHb93CivvISvTHt/eIcNveHMKT3WLTi8nPKbkacGrm1EzeMSEEIJU4VA04
Zwn87sYgh0Mlp14+0JbmlYqBlPo4iUeYfb/dGCX0066ngwPGnRe1CvZTOhPEwMkyv+177T25n/nN
cvGYM4mmHHYep3EHPwOdGGMAelkjifYzpCmkW7gm5Yi15p/kRTyhCYsvtOGs89pt4Rfvv1AUvfn+
CwJWzlz4LH2VclPfuXMq67afVH5jShtxI+K4dUh3V5ktukLGvIp01QRpzAOQMMDFEdMQLks3Vbdz
FE8Gpl7gxZ+EU9bQFKyN3lHhHZsW5/1Bd0KPJ49Vt4DKyyS3Hjy5cT0iv6LpaZbMoakfsK9ZvzfK
2/Y0QYmg4wafj5YILdYX/LwM9Yt2W8dJvz6t/OnH1jgD3n8rqNtn6Csq+LeuPzTIl3djKC0t/TLO
VkdrbKkrKyKUPVIS0ykQnp3mfzle8sV698FDnc/B/1aWTZxXcHj4osD8hZnRJ3lsT+T/pA8KkryE
V94aUTgj79FB31+Hdp4T3DAv9S3yx1cz70HapMnlKt38oI41XlHzKt//Dv4Bg7vTyHR9Fh0lpz+1
hTBXxdCvP+kEnWncTR28YwJa+MNJf2lUZW493ES0NKADVrsl1ZdnRMEjP5oI7z/0DG5cCt6lOEbs
Toygx029B0k0bW9yrWVi+fTAbr3aaWvrTSmpzVXTADssXYshB+aATRL6hJ33XVyD0Wh5R+bSMV6O
HI/scdVtbHLN3y+8/1X37ct9tPwzFn63Q95FnRDR3DK58QslN508+ZAOC1JEz3ewOQ/p77+e9O4E
55MBxq95Z+ERr5ZqQhyu7bsdjLHss3ZlOo9Oc7ZXf/nLrvNgS2nfpW3fWUIxMOqfPhl+6vwbfWDu
kjDzCNBYLlUY7eKBymB3zlKKhfiSTacXykL7IsvYxSYHrvLWizbRctUE2wy1yijQdPOMHnUpZ26a
FRmly6PzelnlMtE+vUXohol+4rEw1u0D8ZKmZHJbvlzIdPARHjfXApa7EV5Yy5QBp0hUoLt9Vzk5
Zwcd51QNVDeyzPOxrWhWStchjaM06DVLwisM3LWjpou1wwN1Fz7O9WY6zHjXHD4ugQtJGAfL0Zxo
xm9eyv0p7YgHhVk9Bh1N5TmZaXZ2Iq72gfbWpJ2I+NfxQ3BMHeKucvtH3aW3RqczZmpS6U7MrVzC
BBjeHS7xxITOGH7zCNpsTsKBvyCkQJ3/qAsCoLansL6OZygs0msx52RDQhlSZ+jljs32DL/WtfX3
TOrla9bu9u9JHkoWDiaQz01BBdRC4ZEq6Po3sbteGDbDAzs0HfKs7/qihGVyhdbI6TfI+K0bDRRd
eUW51EboI/n6sXwtVg5y8nq+4GnjaXah8BxWiJx5Yx7nriTuStjlT1qqwqhVrzIdRb+16HCuPOw7
BSSJ4iNNWI4uRP8hnzwX0C8ZPthyqDPyP86bJEeuhCqdyIS+xKGuu55nis3GM1c27cpt7Pig8il3
6VW1tXejEra8xwL88DbE+MVeMX366IQmOcxqFTl3g3T8XD258qhoZM8E9U9+hsT+ETALH02xq6dF
FKHLv5zzWcenplC1cybEJZag9SkDb1PGlBuCnFiGSkdwexBMuHZLPkedZJy8+msCgxFnuzt4Ab9G
zuk82BZhRovFyf+Wi1oSSi1WuUa2v6Mz1VV8mZ9teeTqTgavn0ULWR6puZn9zy6W01bvBDAAskj/
ZX5QTsRP1Bf6LMrwsimOH0qDweVxcIx8NP3G+PAwC33V7+xDNOWWprOtToguuy9JRsZijjmk3S12
LmGt/jqi7HL/YkrAFU5YcbQbxVsuwKPa/7Fd86ShW/MOSNHWcf/BSZRNb/x2q+idkBiDmSIxrgrb
wNEyzgZaiSx35Ta/W9P1vHartCDXTuNxK4iVWunuTE2C1mlPP22bBMO+BrMEpseaZR1LwiRX7fpo
m6NncrROvkvHYzmeo5G4CSv7HagNKSaRj2+3rmuSYRK4i5VgzIqu1i4TkxYmVBNdSp5sb+3y+VLI
Khlm9wPL3QatcLnETwpw35UT0e9Lc3y43Izev7Ad5S9LuWQ7sBz8swR7v0+Q/bbjEPSHmA8+P5hL
/gyqXz8qzNLqT7xB9AX6NAPUuzO0zsjHJZd6JOMYLZh5UDiUs5d8mauO8jFL1aORIx7M8jHs9Cfa
6TINWLifN365iZnZf3XmzVwhx4Bk0pBpV0lCs4NBqHTCvKC6UE86Y2t3BajDRCf/G8Y8IZQhf3r+
OtiN5rXOD0Fl9Mf/S7soy/8Pv1VffAo7FlPntLZAx5pcxn3saHV36GXb7BAhELDdzt0v0GP/mRy1
3tq3jM5YSg39r8W4o5Ik8FELN/gF0qmO3stDV6v1ePrc5YP53NvQi/ySu76h6RtjKc8+1UHA8tW1
GPyiHiYrR3G5FS6PFX1ii4duTWN+OzgOmEftVE4fQ8kAwWgCcdLDiYqmi5HYkpAGvHWTNPOF1lnu
4/d76yIf8j40D5Mcf/nNK3YX5YxjxqruFGNUPj5wf8Egs98gbkBpa6/1hJMbPNlJZAaveGy/v8t1
jA/MitjWjJfpc8kDRpe+5+iXyufAdUYHR1if4cDvlc/1fJ+2mmdFL+QdMut5X0OdUZ6QmsinxvXJ
gRmf/aI0M7dPfOvFnCSBA//5J4Iu7+CKR8bvuNpN3CuIbVRWBqWDTv29Ul/i9SgSfYkB2pY+AZ7j
YDA9DyfmDMtF8zhwBLfILMev/gNfA71k/wD4R2wgb6ktz6fgGTz/XpllL3hnEcK1ZXCY9YNGWYp2
fGg2wImRYzfhpwzGPR6SonzWweZsdcqoga+qlH556hC5X9STftH+qFbNnIj+HdmAsYYUs7jZdVko
MqJu3F8Z57tYevKLV/aHFvty+jpsw49gHnFxsR67Vq+un+K5yM/mesnnurXBaxCq1zPwnySV/mGG
eDND2tdba4cR44xujzw7JL5Eg+2Vy4YZrL+yHV9fS0WL/ZRvUcDwtkXNiMlMLhad9elxH53U4Jgd
fRPQ99+4df7Fr4GN7FhQlPrt/jrZBSfQsv2AgljBWs88sZwk3Mx7FMd6Kjasx2RZ1ytn14TlVV6s
OsKLffzH21x4tn9TaYuMKXp2e0LUrCw4/DvvY3rlFhx/LX2IXzzPw5/39tTG93vW9DBCsq3gz3Ir
Z0MP43mm31zN9N1bffJXlktqChBzrns/tmTNZR+JwrozhPUq8H+smmgbu4dp+Snh5Fct81uSg+FO
Gwkm8Lol+Ctc6PGKj0NRefkNdH/67SV81HxqKEVM0punZHzzqtS0N3mR691ZqmkzzUHGpg/pWrfq
AiXgNoCLZVbjFX3VCbzBPjAo9IrDttTpldpW8ezqC4yZObmB66zvCcxbThpedYE8SLmXfRTVdl98
eynnPcy4HZfMwxyMmbHq16ieKnjyhu0kjy+fUJ70vhl+ceMmb5nUmz6xY/G02cwsrxy88cWrvWZ7
J3rzqQWltAMDJ1v/Yd7Na4gxywTAD940c8Ie29t6x+8oW1sngVdpjN9LNPsxL03liau6pS8TWkEo
jsklHHQVd917gseSfx7qR8o7cqK7esbx49GALef8xVn9+9jCX7zd3vjZSt6Ir5MAPNn6q9VZarcT
9De8vUwXOagn4d6KjDiryLHnZeLo5tO48spaOrDc3nCV1ySil1ZSN8f1wz5LXHef4J6FWX7Rxtzg
8ZY3xqNktTj+Kq7KrWJHZ/ioQ3t7mMWXUPNj9hNnu6f24viWSj5hsqnq0M40eGDsKqfycwCZrcXV
6K+MLPV8mwYOO49B/dEU7Qz5dQCu6KQbUiW14c4dX+2qtDXbBT7KVY8lTaFUzjRXRnw/bijZ4glk
3qy51U6WvNN+JZOqJFPLYAY91QCUHn2WBx/d8lrqW/xxD4R3u1C0kCr7k7jbsSLYkssVn3FEIeRQ
MnCn4ydeeW0svMd2DgTv7s56RGUt/zjQBVGNCLIjucEgG+sprcY63dQHyqRe5u9uBa9csdG3ksjX
NvPcvGCi6SuTss6ZYxmAoyWuvcpwvXaxPgv4zwwxYOdrTYbjro1SrJ+99K9DLaCh6vAfBh22E/SL
B9kAN0D/LU9T3F8HuvN/E8kgowOW1hDxLPLsj5f40FH7w9T4u0uBfEN+pppmupE5rDsgHQuseWoV
UBq3jqtM+otjI96rF8g//Mf3vGjM/Oekx1zVyXJlV8/HETa/dDjHNkEF1h2Fwh7Zj6tp4tfailMJ
nbxozHJzknB0XrIMrZpN3N/sltje5fB5d8Zuk/Ns//S/fiVOblX9AHVeq+6R3KgkTMvlZMdp5MXr
DPc1ZBzooxCB1gBR+svttaZIeWVbGZ9csAwx/p1+ybkg7v8DyrQiFK1K2tx6LnRRRMTb2naOq5xh
1m8IEytDYx0Pzg14+prGGGK72Cis3rsw8AV3rV0mPtHe3FLlOwxAO/6xHgDoxFof28uAm2/QVw46
IMcFiO8ONgul07889V660HJ9VgPQhXN9uTflKDifO4FsrsMcAal1hmKXXVldUvNBfRI2qbjbeeyG
0RmnL47j3Jx+/RDjAV+e2HJN7AM0Mj3eEzLXk9OIdyEkUbnR2et+zxQd2c7pqUSRLUqPb8AjGJk7
O8JLGwF6uTHqN6q6/uHuG+elt1/Lb6V0TkwcyZcT+udzdmXlzoiPgwMiNqAOpb9Wzi7y4WB7gOHN
Y358Gh9DwRZrrJBN4KMPBULwE8/cTHf8hPXu1RqCOLBaOxpQ3SdjIIC2TaVxTcbJONCiz2PeL1ZQ
Sr/lLIz9XHQYdBItayQ9xEk2R+LO3FV0EQJW+ettWtXH5T35nWm7Ed5Z023CRln2l4odoAsyHF6T
9oZgVEl29BALDJ3Ewo11+8BntUPmjVjuMGt7FkbkC2Q3ULWKteQR+xz1CfuyNQVUx2E0D1382DKR
AEoIG5rJIBcnPlDETxk4lDkaxj2w8zr/tuzKq36VW79kFFnZ4Hxxh5G8ktVIZBZCOLmxxBzR6l+r
VHCGq81b2blemp2mfz06MW33XnUQZuckx48KI47w2qv+4MMf14sn5eeVsGeb7CdT6y9dCWtcWyqc
+G3O2NdwAMpb5FB3/XfvqqDcAIV0X2Pi1bE5AfVrSuzXRb6tukMeEJ6RlD/Ofx0FskR/8kkgLlcx
mSd2arSoyKjr5OGbyaCS7Nb54IMtDjyOzxuq3YOuT9sfrjTeXrZJmUl/xQuvibLOl4w5uFVuXpio
5d9XfvWnNp/i/MacaJlnnnBG7VdJQstgnQ0paCV3kfrHbrDdJ9sLBg4ILY4EnMBo3r+u2/u75Ca/
YsyvCZBZc9spFqOzhpjtt/Pwfxu7liyGQRAIvf+ZYxcKMwPk00XbZxRRYUBCjMuoWfH96CKtc855
cf3TWyqp+C2FP5u3EdjEw/DpztC9ZZTsi8O6S/QM/kHbzjAO5eNmM3owJxUlIaJal21ca/NiJ6Jm
tZP8G3U8v5knChs5WvHaTDwonXcmJ//uYYtRbPmdJaylSg/25zrLuPpgfPxLvXTdqXxWyZ4wENil
QbHWZ/blWSlUapJ4IW4s5+Eh6XzI6hNmxkbwd7JAECzbrS5b8oaoPBeNsK2xuJiQBsOnT2yINSN2
F+jBrlFuiU1B1pseudxoyUzrZM1p/ljmlNMpJwIDzRE0CbRyla+MloR8H7Shmgu9bHaB3RhUt5Lc
zSjOtHg4lLivVbwdzNbXvZNipAaXKoVjN8rNlwxK3fYXmNz9mx0MwXyofjDWVQw8wauS6fE0YtEt
FqsvGE4365PONlJzP0vJuvEZFjNXd4/mYWZhAfFUgpJKvCNxY8xivyJKmRO1/2Fby/p6yAFxSDqK
4BTTPSg0+BO+zP4Jc4FNScE2nAAAAABJRU5ErkJggg==
" width="800px"&gt;</msg>
<status status="PASS" starttime="20230409 07:48:58.443" endtime="20230409 07:48:58.811"/>
</kw>
<msg timestamp="20230409 07:48:58.811" level="INFO">criteria is com.android.permissioncontroller:id/content_container
criteria is com.android.permissioncontroller:id/content_container
criteria is com.android.permissioncontroller:id/content_container
criteria is com.android.permissioncontroller:id/content_container
criteria is com.android.permissioncontroller:id/content_container
criteria is com.android.permissioncontroller:id/content_container
criteria is com.android.permissioncontroller:id/content_container
criteria is com.android.permissioncontroller:id/content_container
criteria is com.android.permissioncontroller:id/content_container
criteria is com.android.permissioncontroller:id/content_container
criteria is com.android.permissioncontroller:id/content_container
criteria is com.android.permissioncontroller:id/content_container
criteria is com.android.permissioncontroller:id/content_container
criteria is com.android.permissioncontroller:id/content_container
criteria is com.android.permissioncontroller:id/content_container</msg>
<msg timestamp="20230409 07:48:58.811" level="FAIL">Element locator 'com.android.permissioncontroller:id/content_container' did not match any elements after 5 seconds</msg>
<status status="FAIL" starttime="20230409 07:48:53.230" endtime="20230409 07:48:58.811"/>
</kw>
<kw name="Auto Grant" library="login_page">
<status status="NOT RUN" starttime="20230409 07:48:58.811" endtime="20230409 07:48:58.811"/>
</kw>
<status status="FAIL" starttime="20230409 07:48:44.865" endtime="20230409 07:48:58.812">Element locator 'com.android.permissioncontroller:id/content_container' did not match any elements after 5 seconds</status>
</test>
<doc>Page Object in Robot Framework</doc>
<status status="FAIL" starttime="20230409 07:48:44.798" endtime="20230409 07:48:58.812"/>
</suite>
<status status="FAIL" starttime="20230409 07:48:44.789" endtime="20230409 07:48:58.812"/>
</suite>
<statistics>
<total>
<stat pass="0" fail="1" skip="0">All Tests</stat>
</total>
<tag>
</tag>
<suite>
<stat pass="0" fail="1" skip="0" id="s1" name="Test Cases">Test Cases</stat>
<stat pass="0" fail="1" skip="0" id="s1-s1" name="Login Correct Creds">Test Cases.Login Correct Creds</stat>
</suite>
</statistics>
<errors>
</errors>
</robot>
